ERROR - 2024-11-02 00:15:12 --> mysqli_sql_exception: Column 'nipd' cannot be null in C:\xampp\htdocs\presensi\system\Database\MySQLi\Connection.php:308
Stack trace:
#0 C:\xampp\htdocs\presensi\system\Database\MySQLi\Connection.php(308): mysqli->query('INSERT INTO `pr...', 0)
#1 C:\xampp\htdocs\presensi\system\Database\BaseConnection.php(722): CodeIgniter\Database\MySQLi\Connection->execute('INSERT INTO `pr...')
#2 C:\xampp\htdocs\presensi\system\Database\BaseConnection.php(636): CodeIgniter\Database\BaseConnection->simpleQuery('INSERT INTO `pr...')
#3 C:\xampp\htdocs\presensi\system\Database\BaseBuilder.php(2325): CodeIgniter\Database\BaseConnection->query('INSERT INTO `pr...', Array, false)
#4 C:\xampp\htdocs\presensi\system\Model.php(383): CodeIgniter\Database\BaseBuilder->insert()
#5 C:\xampp\htdocs\presensi\system\BaseModel.php(840): CodeIgniter\Model->doInsert(Array)
#6 C:\xampp\htdocs\presensi\system\Model.php(791): CodeIgniter\BaseModel->insert(Array, false)
#7 C:\xampp\htdocs\presensi\system\BaseModel.php(751): CodeIgniter\Model->insert(Array, false)
#8 C:\xampp\htdocs\presensi\app\Models\ModelScanMasuk.php(21): CodeIgniter\BaseModel->save(Array)
#9 C:\xampp\htdocs\presensi\app\Controllers\PresensiMasuk.php(49): App\Models\ModelScanMasuk->saveData(Array)
#10 C:\xampp\htdocs\presensi\system\CodeIgniter.php(933): App\Controllers\PresensiMasuk->SimpanData()
#11 C:\xampp\htdocs\presensi\system\CodeIgniter.php(509): CodeIgniter\CodeIgniter->runController(Object(App\Controllers\PresensiMasuk))
#12 C:\xampp\htdocs\presensi\system\CodeIgniter.php(355): CodeIgniter\CodeIgniter->handleRequest(NULL, Object(Config\Cache), false)
#13 C:\xampp\htdocs\presensi\system\Boot.php(312): CodeIgniter\CodeIgniter->run()
#14 C:\xampp\htdocs\presensi\system\Boot.php(67): CodeIgniter\Boot::runCodeIgniter(Object(CodeIgniter\CodeIgniter))
#15 C:\xampp\htdocs\presensi\public\index.php(56): CodeIgniter\Boot::bootWeb(Object(Config\Paths))
#16 {main}
CRITICAL - 2024-11-02 00:15:12 --> CodeIgniter\Database\Exceptions\DatabaseException: Column 'nipd' cannot be null
[Method: POST, Route: PresensiMasuk/SimpanData]
in SYSTEMPATH\Database\BaseConnection.php on line 676.
 1 SYSTEMPATH\Database\BaseBuilder.php(2325): CodeIgniter\Database\BaseConnection->query('INSERT INTO `presensi_masuk` (`nipd`) VALUES (:nipd:)', [...], false)
 2 SYSTEMPATH\Model.php(383): CodeIgniter\Database\BaseBuilder->insert()
 3 SYSTEMPATH\BaseModel.php(840): CodeIgniter\Model->doInsert([...])
 4 SYSTEMPATH\Model.php(791): CodeIgniter\BaseModel->insert([...], false)
 5 SYSTEMPATH\BaseModel.php(751): CodeIgniter\Model->insert([...], false)
 6 APPPATH\Models\ModelScanMasuk.php(21): CodeIgniter\BaseModel->save([...])
 7 APPPATH\Controllers\PresensiMasuk.php(49): App\Models\ModelScanMasuk->saveData([...])
 8 SYSTEMPATH\CodeIgniter.php(933): App\Controllers\PresensiMasuk->SimpanData()
 9 SYSTEMPATH\CodeIgniter.php(509): CodeIgniter\CodeIgniter->runController(Object(App\Controllers\PresensiMasuk))
10 SYSTEMPATH\CodeIgniter.php(355): CodeIgniter\CodeIgniter->handleRequest(null, Object(Config\Cache), false)
11 SYSTEMPATH\Boot.php(312): CodeIgniter\CodeIgniter->run()
12 SYSTEMPATH\Boot.php(67): CodeIgniter\Boot::runCodeIgniter(Object(CodeIgniter\CodeIgniter))
13 FCPATH\index.php(56): CodeIgniter\Boot::bootWeb(Object(Config\Paths))
CRITICAL - 2024-11-02 00:15:12 --> [Caused by] CodeIgniter\Database\Exceptions\DatabaseException: Column 'nipd' cannot be null
in SYSTEMPATH\Database\MySQLi\Connection.php on line 313.
 1 SYSTEMPATH\Database\BaseConnection.php(722): CodeIgniter\Database\MySQLi\Connection->execute('INSERT INTO `presensi_masuk` (`nipd`) VALUES (NULL)')
 2 SYSTEMPATH\Database\BaseConnection.php(636): CodeIgniter\Database\BaseConnection->simpleQuery('INSERT INTO `presensi_masuk` (`nipd`) VALUES (NULL)')
 3 SYSTEMPATH\Database\BaseBuilder.php(2325): CodeIgniter\Database\BaseConnection->query('INSERT INTO `presensi_masuk` (`nipd`) VALUES (:nipd:)', [...], false)
 4 SYSTEMPATH\Model.php(383): CodeIgniter\Database\BaseBuilder->insert()
 5 SYSTEMPATH\BaseModel.php(840): CodeIgniter\Model->doInsert([...])
 6 SYSTEMPATH\Model.php(791): CodeIgniter\BaseModel->insert([...], false)
 7 SYSTEMPATH\BaseModel.php(751): CodeIgniter\Model->insert([...], false)
 8 APPPATH\Models\ModelScanMasuk.php(21): CodeIgniter\BaseModel->save([...])
 9 APPPATH\Controllers\PresensiMasuk.php(49): App\Models\ModelScanMasuk->saveData([...])
10 SYSTEMPATH\CodeIgniter.php(933): App\Controllers\PresensiMasuk->SimpanData()
11 SYSTEMPATH\CodeIgniter.php(509): CodeIgniter\CodeIgniter->runController(Object(App\Controllers\PresensiMasuk))
12 SYSTEMPATH\CodeIgniter.php(355): CodeIgniter\CodeIgniter->handleRequest(null, Object(Config\Cache), false)
13 SYSTEMPATH\Boot.php(312): CodeIgniter\CodeIgniter->run()
14 SYSTEMPATH\Boot.php(67): CodeIgniter\Boot::runCodeIgniter(Object(CodeIgniter\CodeIgniter))
15 FCPATH\index.php(56): CodeIgniter\Boot::bootWeb(Object(Config\Paths))
CRITICAL - 2024-11-02 00:15:12 --> [Caused by] mysqli_sql_exception: Column 'nipd' cannot be null
in SYSTEMPATH\Database\MySQLi\Connection.php on line 308.
 1 SYSTEMPATH\Database\MySQLi\Connection.php(308): mysqli->query('INSERT INTO `presensi_masuk` (`nipd`) VALUES (NULL)', 0)
 2 SYSTEMPATH\Database\BaseConnection.php(722): CodeIgniter\Database\MySQLi\Connection->execute('INSERT INTO `presensi_masuk` (`nipd`) VALUES (NULL)')
 3 SYSTEMPATH\Database\BaseConnection.php(636): CodeIgniter\Database\BaseConnection->simpleQuery('INSERT INTO `presensi_masuk` (`nipd`) VALUES (NULL)')
 4 SYSTEMPATH\Database\BaseBuilder.php(2325): CodeIgniter\Database\BaseConnection->query('INSERT INTO `presensi_masuk` (`nipd`) VALUES (:nipd:)', [...], false)
 5 SYSTEMPATH\Model.php(383): CodeIgniter\Database\BaseBuilder->insert()
 6 SYSTEMPATH\BaseModel.php(840): CodeIgniter\Model->doInsert([...])
 7 SYSTEMPATH\Model.php(791): CodeIgniter\BaseModel->insert([...], false)
 8 SYSTEMPATH\BaseModel.php(751): CodeIgniter\Model->insert([...], false)
 9 APPPATH\Models\ModelScanMasuk.php(21): CodeIgniter\BaseModel->save([...])
10 APPPATH\Controllers\PresensiMasuk.php(49): App\Models\ModelScanMasuk->saveData([...])
11 SYSTEMPATH\CodeIgniter.php(933): App\Controllers\PresensiMasuk->SimpanData()
12 SYSTEMPATH\CodeIgniter.php(509): CodeIgniter\CodeIgniter->runController(Object(App\Controllers\PresensiMasuk))
13 SYSTEMPATH\CodeIgniter.php(355): CodeIgniter\CodeIgniter->handleRequest(null, Object(Config\Cache), false)
14 SYSTEMPATH\Boot.php(312): CodeIgniter\CodeIgniter->run()
15 SYSTEMPATH\Boot.php(67): CodeIgniter\Boot::runCodeIgniter(Object(CodeIgniter\CodeIgniter))
16 FCPATH\index.php(56): CodeIgniter\Boot::bootWeb(Object(Config\Paths))
CRITICAL - 2024-11-02 22:59:28 --> ErrorException: Undefined array key "id_presensi_masuk"
[Method: POST, Route: PresensiMasuk/SimpanData]
in APPPATH\Models\ModelScanMasuk.php on line 27.
 1 APPPATH\Models\ModelScanMasuk.php(27): CodeIgniter\Debug\Exceptions->errorHandler(2, 'Undefined array key "id_presensi_masuk"', 'C:\\xampp\\htdocs\\presensi\\app\\Models\\ModelScanMasuk.php', 27)
 2 APPPATH\Controllers\PresensiMasuk.php(46): App\Models\ModelScanMasuk->UpdateData([...])
 3 SYSTEMPATH\CodeIgniter.php(933): App\Controllers\PresensiMasuk->SimpanData()
 4 SYSTEMPATH\CodeIgniter.php(509): CodeIgniter\CodeIgniter->runController(Object(App\Controllers\PresensiMasuk))
 5 SYSTEMPATH\CodeIgniter.php(355): CodeIgniter\CodeIgniter->handleRequest(null, Object(Config\Cache), false)
 6 SYSTEMPATH\Boot.php(312): CodeIgniter\CodeIgniter->run()
 7 SYSTEMPATH\Boot.php(67): CodeIgniter\Boot::runCodeIgniter(Object(CodeIgniter\CodeIgniter))
 8 FCPATH\index.php(56): CodeIgniter\Boot::bootWeb(Object(Config\Paths))
CRITICAL - 2024-11-02 23:02:49 --> BadMethodCallException: Call to undefined method App\Models\ModelScanMasuk::InsertDataData
[Method: POST, Route: PresensiMasuk/SimpanData]
in SYSTEMPATH\Model.php on line 921.
 1 APPPATH\Controllers\PresensiMasuk.php(46): CodeIgniter\Model->__call('InsertDataData', [...])
 2 SYSTEMPATH\CodeIgniter.php(933): App\Controllers\PresensiMasuk->SimpanData()
 3 SYSTEMPATH\CodeIgniter.php(509): CodeIgniter\CodeIgniter->runController(Object(App\Controllers\PresensiMasuk))
 4 SYSTEMPATH\CodeIgniter.php(355): CodeIgniter\CodeIgniter->handleRequest(null, Object(Config\Cache), false)
 5 SYSTEMPATH\Boot.php(312): CodeIgniter\CodeIgniter->run()
 6 SYSTEMPATH\Boot.php(67): CodeIgniter\Boot::runCodeIgniter(Object(CodeIgniter\CodeIgniter))
 7 FCPATH\index.php(56): CodeIgniter\Boot::bootWeb(Object(Config\Paths))
ERROR - 2024-11-02 23:03:17 --> mysqli_sql_exception: Table 'dbpresensi.presensi__masuk' doesn't exist in C:\xampp\htdocs\presensi\system\Database\MySQLi\Connection.php:308
Stack trace:
#0 C:\xampp\htdocs\presensi\system\Database\MySQLi\Connection.php(308): mysqli->query('INSERT INTO `pr...', 0)
#1 C:\xampp\htdocs\presensi\system\Database\BaseConnection.php(722): CodeIgniter\Database\MySQLi\Connection->execute('INSERT INTO `pr...')
#2 C:\xampp\htdocs\presensi\system\Database\BaseConnection.php(636): CodeIgniter\Database\BaseConnection->simpleQuery('INSERT INTO `pr...')
#3 C:\xampp\htdocs\presensi\system\Database\BaseBuilder.php(2325): CodeIgniter\Database\BaseConnection->query('INSERT INTO `pr...', Array, false)
#4 C:\xampp\htdocs\presensi\app\Models\ModelScanMasuk.php(26): CodeIgniter\Database\BaseBuilder->insert(Array)
#5 C:\xampp\htdocs\presensi\app\Controllers\PresensiMasuk.php(46): App\Models\ModelScanMasuk->InsertData(Array)
#6 C:\xampp\htdocs\presensi\system\CodeIgniter.php(933): App\Controllers\PresensiMasuk->SimpanData()
#7 C:\xampp\htdocs\presensi\system\CodeIgniter.php(509): CodeIgniter\CodeIgniter->runController(Object(App\Controllers\PresensiMasuk))
#8 C:\xampp\htdocs\presensi\system\CodeIgniter.php(355): CodeIgniter\CodeIgniter->handleRequest(NULL, Object(Config\Cache), false)
#9 C:\xampp\htdocs\presensi\system\Boot.php(312): CodeIgniter\CodeIgniter->run()
#10 C:\xampp\htdocs\presensi\system\Boot.php(67): CodeIgniter\Boot::runCodeIgniter(Object(CodeIgniter\CodeIgniter))
#11 C:\xampp\htdocs\presensi\public\index.php(56): CodeIgniter\Boot::bootWeb(Object(Config\Paths))
#12 {main}
CRITICAL - 2024-11-02 23:03:17 --> CodeIgniter\Database\Exceptions\DatabaseException: Table 'dbpresensi.presensi__masuk' doesn't exist
[Method: POST, Route: PresensiMasuk/SimpanData]
in SYSTEMPATH\Database\BaseConnection.php on line 676.
 1 SYSTEMPATH\Database\BaseBuilder.php(2325): CodeIgniter\Database\BaseConnection->query('INSERT INTO `presensi__masuk` (`nipd`) VALUES (:nipd:)', [...], false)
 2 APPPATH\Models\ModelScanMasuk.php(26): CodeIgniter\Database\BaseBuilder->insert([...])
 3 APPPATH\Controllers\PresensiMasuk.php(46): App\Models\ModelScanMasuk->InsertData([...])
 4 SYSTEMPATH\CodeIgniter.php(933): App\Controllers\PresensiMasuk->SimpanData()
 5 SYSTEMPATH\CodeIgniter.php(509): CodeIgniter\CodeIgniter->runController(Object(App\Controllers\PresensiMasuk))
 6 SYSTEMPATH\CodeIgniter.php(355): CodeIgniter\CodeIgniter->handleRequest(null, Object(Config\Cache), false)
 7 SYSTEMPATH\Boot.php(312): CodeIgniter\CodeIgniter->run()
 8 SYSTEMPATH\Boot.php(67): CodeIgniter\Boot::runCodeIgniter(Object(CodeIgniter\CodeIgniter))
 9 FCPATH\index.php(56): CodeIgniter\Boot::bootWeb(Object(Config\Paths))
CRITICAL - 2024-11-02 23:03:17 --> [Caused by] CodeIgniter\Database\Exceptions\DatabaseException: Table 'dbpresensi.presensi__masuk' doesn't exist
in SYSTEMPATH\Database\MySQLi\Connection.php on line 313.
 1 SYSTEMPATH\Database\BaseConnection.php(722): CodeIgniter\Database\MySQLi\Connection->execute('INSERT INTO `presensi__masuk` (`nipd`) VALUES (NULL)')
 2 SYSTEMPATH\Database\BaseConnection.php(636): CodeIgniter\Database\BaseConnection->simpleQuery('INSERT INTO `presensi__masuk` (`nipd`) VALUES (NULL)')
 3 SYSTEMPATH\Database\BaseBuilder.php(2325): CodeIgniter\Database\BaseConnection->query('INSERT INTO `presensi__masuk` (`nipd`) VALUES (:nipd:)', [...], false)
 4 APPPATH\Models\ModelScanMasuk.php(26): CodeIgniter\Database\BaseBuilder->insert([...])
 5 APPPATH\Controllers\PresensiMasuk.php(46): App\Models\ModelScanMasuk->InsertData([...])
 6 SYSTEMPATH\CodeIgniter.php(933): App\Controllers\PresensiMasuk->SimpanData()
 7 SYSTEMPATH\CodeIgniter.php(509): CodeIgniter\CodeIgniter->runController(Object(App\Controllers\PresensiMasuk))
 8 SYSTEMPATH\CodeIgniter.php(355): CodeIgniter\CodeIgniter->handleRequest(null, Object(Config\Cache), false)
 9 SYSTEMPATH\Boot.php(312): CodeIgniter\CodeIgniter->run()
10 SYSTEMPATH\Boot.php(67): CodeIgniter\Boot::runCodeIgniter(Object(CodeIgniter\CodeIgniter))
11 FCPATH\index.php(56): CodeIgniter\Boot::bootWeb(Object(Config\Paths))
CRITICAL - 2024-11-02 23:03:17 --> [Caused by] mysqli_sql_exception: Table 'dbpresensi.presensi__masuk' doesn't exist
in SYSTEMPATH\Database\MySQLi\Connection.php on line 308.
 1 SYSTEMPATH\Database\MySQLi\Connection.php(308): mysqli->query('INSERT INTO `presensi__masuk` (`nipd`) VALUES (NULL)', 0)
 2 SYSTEMPATH\Database\BaseConnection.php(722): CodeIgniter\Database\MySQLi\Connection->execute('INSERT INTO `presensi__masuk` (`nipd`) VALUES (NULL)')
 3 SYSTEMPATH\Database\BaseConnection.php(636): CodeIgniter\Database\BaseConnection->simpleQuery('INSERT INTO `presensi__masuk` (`nipd`) VALUES (NULL)')
 4 SYSTEMPATH\Database\BaseBuilder.php(2325): CodeIgniter\Database\BaseConnection->query('INSERT INTO `presensi__masuk` (`nipd`) VALUES (:nipd:)', [...], false)
 5 APPPATH\Models\ModelScanMasuk.php(26): CodeIgniter\Database\BaseBuilder->insert([...])
 6 APPPATH\Controllers\PresensiMasuk.php(46): App\Models\ModelScanMasuk->InsertData([...])
 7 SYSTEMPATH\CodeIgniter.php(933): App\Controllers\PresensiMasuk->SimpanData()
 8 SYSTEMPATH\CodeIgniter.php(509): CodeIgniter\CodeIgniter->runController(Object(App\Controllers\PresensiMasuk))
 9 SYSTEMPATH\CodeIgniter.php(355): CodeIgniter\CodeIgniter->handleRequest(null, Object(Config\Cache), false)
10 SYSTEMPATH\Boot.php(312): CodeIgniter\CodeIgniter->run()
11 SYSTEMPATH\Boot.php(67): CodeIgniter\Boot::runCodeIgniter(Object(CodeIgniter\CodeIgniter))
12 FCPATH\index.php(56): CodeIgniter\Boot::bootWeb(Object(Config\Paths))
ERROR - 2024-11-02 23:05:13 --> mysqli_sql_exception: Column 'nipd' cannot be null in C:\xampp\htdocs\presensi\system\Database\MySQLi\Connection.php:308
Stack trace:
#0 C:\xampp\htdocs\presensi\system\Database\MySQLi\Connection.php(308): mysqli->query('INSERT INTO `pr...', 0)
#1 C:\xampp\htdocs\presensi\system\Database\BaseConnection.php(722): CodeIgniter\Database\MySQLi\Connection->execute('INSERT INTO `pr...')
#2 C:\xampp\htdocs\presensi\system\Database\BaseConnection.php(636): CodeIgniter\Database\BaseConnection->simpleQuery('INSERT INTO `pr...')
#3 C:\xampp\htdocs\presensi\system\Database\BaseBuilder.php(2325): CodeIgniter\Database\BaseConnection->query('INSERT INTO `pr...', Array, false)
#4 C:\xampp\htdocs\presensi\app\Models\ModelScanMasuk.php(26): CodeIgniter\Database\BaseBuilder->insert(Array)
#5 C:\xampp\htdocs\presensi\app\Controllers\PresensiMasuk.php(46): App\Models\ModelScanMasuk->InsertData(Array)
#6 C:\xampp\htdocs\presensi\system\CodeIgniter.php(933): App\Controllers\PresensiMasuk->SimpanData()
#7 C:\xampp\htdocs\presensi\system\CodeIgniter.php(509): CodeIgniter\CodeIgniter->runController(Object(App\Controllers\PresensiMasuk))
#8 C:\xampp\htdocs\presensi\system\CodeIgniter.php(355): CodeIgniter\CodeIgniter->handleRequest(NULL, Object(Config\Cache), false)
#9 C:\xampp\htdocs\presensi\system\Boot.php(312): CodeIgniter\CodeIgniter->run()
#10 C:\xampp\htdocs\presensi\system\Boot.php(67): CodeIgniter\Boot::runCodeIgniter(Object(CodeIgniter\CodeIgniter))
#11 C:\xampp\htdocs\presensi\public\index.php(56): CodeIgniter\Boot::bootWeb(Object(Config\Paths))
#12 {main}
CRITICAL - 2024-11-02 23:05:13 --> CodeIgniter\Database\Exceptions\DatabaseException: Column 'nipd' cannot be null
[Method: POST, Route: PresensiMasuk/SimpanData]
in SYSTEMPATH\Database\BaseConnection.php on line 676.
 1 SYSTEMPATH\Database\BaseBuilder.php(2325): CodeIgniter\Database\BaseConnection->query('INSERT INTO `presensi_masuk` (`nipd`) VALUES (:nipd:)', [...], false)
 2 APPPATH\Models\ModelScanMasuk.php(26): CodeIgniter\Database\BaseBuilder->insert([...])
 3 APPPATH\Controllers\PresensiMasuk.php(46): App\Models\ModelScanMasuk->InsertData([...])
 4 SYSTEMPATH\CodeIgniter.php(933): App\Controllers\PresensiMasuk->SimpanData()
 5 SYSTEMPATH\CodeIgniter.php(509): CodeIgniter\CodeIgniter->runController(Object(App\Controllers\PresensiMasuk))
 6 SYSTEMPATH\CodeIgniter.php(355): CodeIgniter\CodeIgniter->handleRequest(null, Object(Config\Cache), false)
 7 SYSTEMPATH\Boot.php(312): CodeIgniter\CodeIgniter->run()
 8 SYSTEMPATH\Boot.php(67): CodeIgniter\Boot::runCodeIgniter(Object(CodeIgniter\CodeIgniter))
 9 FCPATH\index.php(56): CodeIgniter\Boot::bootWeb(Object(Config\Paths))
CRITICAL - 2024-11-02 23:05:13 --> [Caused by] CodeIgniter\Database\Exceptions\DatabaseException: Column 'nipd' cannot be null
in SYSTEMPATH\Database\MySQLi\Connection.php on line 313.
 1 SYSTEMPATH\Database\BaseConnection.php(722): CodeIgniter\Database\MySQLi\Connection->execute('INSERT INTO `presensi_masuk` (`nipd`) VALUES (NULL)')
 2 SYSTEMPATH\Database\BaseConnection.php(636): CodeIgniter\Database\BaseConnection->simpleQuery('INSERT INTO `presensi_masuk` (`nipd`) VALUES (NULL)')
 3 SYSTEMPATH\Database\BaseBuilder.php(2325): CodeIgniter\Database\BaseConnection->query('INSERT INTO `presensi_masuk` (`nipd`) VALUES (:nipd:)', [...], false)
 4 APPPATH\Models\ModelScanMasuk.php(26): CodeIgniter\Database\BaseBuilder->insert([...])
 5 APPPATH\Controllers\PresensiMasuk.php(46): App\Models\ModelScanMasuk->InsertData([...])
 6 SYSTEMPATH\CodeIgniter.php(933): App\Controllers\PresensiMasuk->SimpanData()
 7 SYSTEMPATH\CodeIgniter.php(509): CodeIgniter\CodeIgniter->runController(Object(App\Controllers\PresensiMasuk))
 8 SYSTEMPATH\CodeIgniter.php(355): CodeIgniter\CodeIgniter->handleRequest(null, Object(Config\Cache), false)
 9 SYSTEMPATH\Boot.php(312): CodeIgniter\CodeIgniter->run()
10 SYSTEMPATH\Boot.php(67): CodeIgniter\Boot::runCodeIgniter(Object(CodeIgniter\CodeIgniter))
11 FCPATH\index.php(56): CodeIgniter\Boot::bootWeb(Object(Config\Paths))
CRITICAL - 2024-11-02 23:05:13 --> [Caused by] mysqli_sql_exception: Column 'nipd' cannot be null
in SYSTEMPATH\Database\MySQLi\Connection.php on line 308.
 1 SYSTEMPATH\Database\MySQLi\Connection.php(308): mysqli->query('INSERT INTO `presensi_masuk` (`nipd`) VALUES (NULL)', 0)
 2 SYSTEMPATH\Database\BaseConnection.php(722): CodeIgniter\Database\MySQLi\Connection->execute('INSERT INTO `presensi_masuk` (`nipd`) VALUES (NULL)')
 3 SYSTEMPATH\Database\BaseConnection.php(636): CodeIgniter\Database\BaseConnection->simpleQuery('INSERT INTO `presensi_masuk` (`nipd`) VALUES (NULL)')
 4 SYSTEMPATH\Database\BaseBuilder.php(2325): CodeIgniter\Database\BaseConnection->query('INSERT INTO `presensi_masuk` (`nipd`) VALUES (:nipd:)', [...], false)
 5 APPPATH\Models\ModelScanMasuk.php(26): CodeIgniter\Database\BaseBuilder->insert([...])
 6 APPPATH\Controllers\PresensiMasuk.php(46): App\Models\ModelScanMasuk->InsertData([...])
 7 SYSTEMPATH\CodeIgniter.php(933): App\Controllers\PresensiMasuk->SimpanData()
 8 SYSTEMPATH\CodeIgniter.php(509): CodeIgniter\CodeIgniter->runController(Object(App\Controllers\PresensiMasuk))
 9 SYSTEMPATH\CodeIgniter.php(355): CodeIgniter\CodeIgniter->handleRequest(null, Object(Config\Cache), false)
10 SYSTEMPATH\Boot.php(312): CodeIgniter\CodeIgniter->run()
11 SYSTEMPATH\Boot.php(67): CodeIgniter\Boot::runCodeIgniter(Object(CodeIgniter\CodeIgniter))
12 FCPATH\index.php(56): CodeIgniter\Boot::bootWeb(Object(Config\Paths))
ERROR - 2024-11-02 23:06:04 --> mysqli_sql_exception: Column 'nipd' cannot be null in C:\xampp\htdocs\presensi\system\Database\MySQLi\Connection.php:308
Stack trace:
#0 C:\xampp\htdocs\presensi\system\Database\MySQLi\Connection.php(308): mysqli->query('INSERT INTO `pr...', 0)
#1 C:\xampp\htdocs\presensi\system\Database\BaseConnection.php(722): CodeIgniter\Database\MySQLi\Connection->execute('INSERT INTO `pr...')
#2 C:\xampp\htdocs\presensi\system\Database\BaseConnection.php(636): CodeIgniter\Database\BaseConnection->simpleQuery('INSERT INTO `pr...')
#3 C:\xampp\htdocs\presensi\system\Database\BaseBuilder.php(2325): CodeIgniter\Database\BaseConnection->query('INSERT INTO `pr...', Array, false)
#4 C:\xampp\htdocs\presensi\app\Models\ModelScanMasuk.php(26): CodeIgniter\Database\BaseBuilder->insert(Array)
#5 C:\xampp\htdocs\presensi\app\Controllers\PresensiMasuk.php(46): App\Models\ModelScanMasuk->InsertData(Array)
#6 C:\xampp\htdocs\presensi\system\CodeIgniter.php(933): App\Controllers\PresensiMasuk->SimpanData()
#7 C:\xampp\htdocs\presensi\system\CodeIgniter.php(509): CodeIgniter\CodeIgniter->runController(Object(App\Controllers\PresensiMasuk))
#8 C:\xampp\htdocs\presensi\system\CodeIgniter.php(355): CodeIgniter\CodeIgniter->handleRequest(NULL, Object(Config\Cache), false)
#9 C:\xampp\htdocs\presensi\system\Boot.php(312): CodeIgniter\CodeIgniter->run()
#10 C:\xampp\htdocs\presensi\system\Boot.php(67): CodeIgniter\Boot::runCodeIgniter(Object(CodeIgniter\CodeIgniter))
#11 C:\xampp\htdocs\presensi\public\index.php(56): CodeIgniter\Boot::bootWeb(Object(Config\Paths))
#12 {main}
CRITICAL - 2024-11-02 23:06:04 --> CodeIgniter\Database\Exceptions\DatabaseException: Column 'nipd' cannot be null
[Method: POST, Route: PresensiMasuk/SimpanData]
in SYSTEMPATH\Database\BaseConnection.php on line 676.
 1 SYSTEMPATH\Database\BaseBuilder.php(2325): CodeIgniter\Database\BaseConnection->query('INSERT INTO `presensi_masuk` (`nipd`) VALUES (:nipd:)', [...], false)
 2 APPPATH\Models\ModelScanMasuk.php(26): CodeIgniter\Database\BaseBuilder->insert([...])
 3 APPPATH\Controllers\PresensiMasuk.php(46): App\Models\ModelScanMasuk->InsertData([...])
 4 SYSTEMPATH\CodeIgniter.php(933): App\Controllers\PresensiMasuk->SimpanData()
 5 SYSTEMPATH\CodeIgniter.php(509): CodeIgniter\CodeIgniter->runController(Object(App\Controllers\PresensiMasuk))
 6 SYSTEMPATH\CodeIgniter.php(355): CodeIgniter\CodeIgniter->handleRequest(null, Object(Config\Cache), false)
 7 SYSTEMPATH\Boot.php(312): CodeIgniter\CodeIgniter->run()
 8 SYSTEMPATH\Boot.php(67): CodeIgniter\Boot::runCodeIgniter(Object(CodeIgniter\CodeIgniter))
 9 FCPATH\index.php(56): CodeIgniter\Boot::bootWeb(Object(Config\Paths))
CRITICAL - 2024-11-02 23:06:04 --> [Caused by] CodeIgniter\Database\Exceptions\DatabaseException: Column 'nipd' cannot be null
in SYSTEMPATH\Database\MySQLi\Connection.php on line 313.
 1 SYSTEMPATH\Database\BaseConnection.php(722): CodeIgniter\Database\MySQLi\Connection->execute('INSERT INTO `presensi_masuk` (`nipd`) VALUES (NULL)')
 2 SYSTEMPATH\Database\BaseConnection.php(636): CodeIgniter\Database\BaseConnection->simpleQuery('INSERT INTO `presensi_masuk` (`nipd`) VALUES (NULL)')
 3 SYSTEMPATH\Database\BaseBuilder.php(2325): CodeIgniter\Database\BaseConnection->query('INSERT INTO `presensi_masuk` (`nipd`) VALUES (:nipd:)', [...], false)
 4 APPPATH\Models\ModelScanMasuk.php(26): CodeIgniter\Database\BaseBuilder->insert([...])
 5 APPPATH\Controllers\PresensiMasuk.php(46): App\Models\ModelScanMasuk->InsertData([...])
 6 SYSTEMPATH\CodeIgniter.php(933): App\Controllers\PresensiMasuk->SimpanData()
 7 SYSTEMPATH\CodeIgniter.php(509): CodeIgniter\CodeIgniter->runController(Object(App\Controllers\PresensiMasuk))
 8 SYSTEMPATH\CodeIgniter.php(355): CodeIgniter\CodeIgniter->handleRequest(null, Object(Config\Cache), false)
 9 SYSTEMPATH\Boot.php(312): CodeIgniter\CodeIgniter->run()
10 SYSTEMPATH\Boot.php(67): CodeIgniter\Boot::runCodeIgniter(Object(CodeIgniter\CodeIgniter))
11 FCPATH\index.php(56): CodeIgniter\Boot::bootWeb(Object(Config\Paths))
CRITICAL - 2024-11-02 23:06:04 --> [Caused by] mysqli_sql_exception: Column 'nipd' cannot be null
in SYSTEMPATH\Database\MySQLi\Connection.php on line 308.
 1 SYSTEMPATH\Database\MySQLi\Connection.php(308): mysqli->query('INSERT INTO `presensi_masuk` (`nipd`) VALUES (NULL)', 0)
 2 SYSTEMPATH\Database\BaseConnection.php(722): CodeIgniter\Database\MySQLi\Connection->execute('INSERT INTO `presensi_masuk` (`nipd`) VALUES (NULL)')
 3 SYSTEMPATH\Database\BaseConnection.php(636): CodeIgniter\Database\BaseConnection->simpleQuery('INSERT INTO `presensi_masuk` (`nipd`) VALUES (NULL)')
 4 SYSTEMPATH\Database\BaseBuilder.php(2325): CodeIgniter\Database\BaseConnection->query('INSERT INTO `presensi_masuk` (`nipd`) VALUES (:nipd:)', [...], false)
 5 APPPATH\Models\ModelScanMasuk.php(26): CodeIgniter\Database\BaseBuilder->insert([...])
 6 APPPATH\Controllers\PresensiMasuk.php(46): App\Models\ModelScanMasuk->InsertData([...])
 7 SYSTEMPATH\CodeIgniter.php(933): App\Controllers\PresensiMasuk->SimpanData()
 8 SYSTEMPATH\CodeIgniter.php(509): CodeIgniter\CodeIgniter->runController(Object(App\Controllers\PresensiMasuk))
 9 SYSTEMPATH\CodeIgniter.php(355): CodeIgniter\CodeIgniter->handleRequest(null, Object(Config\Cache), false)
10 SYSTEMPATH\Boot.php(312): CodeIgniter\CodeIgniter->run()
11 SYSTEMPATH\Boot.php(67): CodeIgniter\Boot::runCodeIgniter(Object(CodeIgniter\CodeIgniter))
12 FCPATH\index.php(56): CodeIgniter\Boot::bootWeb(Object(Config\Paths))
