ERROR - 2024-12-03 07:47:06 --> mysqli_sql_exception: Table 'dbpresensi.presensi_masuk' doesn't exist in C:\xampp\htdocs\presensi\system\Database\MySQLi\Connection.php:308
Stack trace:
#0 C:\xampp\htdocs\presensi\system\Database\MySQLi\Connection.php(308): mysqli->query('INSERT INTO `pr...', 0)
#1 C:\xampp\htdocs\presensi\system\Database\BaseConnection.php(722): CodeIgniter\Database\MySQLi\Connection->execute('INSERT INTO `pr...')
#2 C:\xampp\htdocs\presensi\system\Database\BaseConnection.php(636): CodeIgniter\Database\BaseConnection->simpleQuery('INSERT INTO `pr...')
#3 C:\xampp\htdocs\presensi\system\Database\BaseBuilder.php(2325): CodeIgniter\Database\BaseConnection->query('INSERT INTO `pr...', Array, false)
#4 C:\xampp\htdocs\presensi\app\Models\ModelScanMasuk.php(26): CodeIgniter\Database\BaseBuilder->insert(Array)
#5 C:\xampp\htdocs\presensi\app\Controllers\PresensiMasuk.php(46): App\Models\ModelScanMasuk->InsertData(Array)
#6 C:\xampp\htdocs\presensi\system\CodeIgniter.php(933): App\Controllers\PresensiMasuk->SimpanData()
#7 C:\xampp\htdocs\presensi\system\CodeIgniter.php(509): CodeIgniter\CodeIgniter->runController(Object(App\Controllers\PresensiMasuk))
#8 C:\xampp\htdocs\presensi\system\CodeIgniter.php(355): CodeIgniter\CodeIgniter->handleRequest(NULL, Object(Config\Cache), false)
#9 C:\xampp\htdocs\presensi\system\Boot.php(312): CodeIgniter\CodeIgniter->run()
#10 C:\xampp\htdocs\presensi\system\Boot.php(67): CodeIgniter\Boot::runCodeIgniter(Object(CodeIgniter\CodeIgniter))
#11 C:\xampp\htdocs\presensi\public\index.php(56): CodeIgniter\Boot::bootWeb(Object(Config\Paths))
#12 {main}
CRITICAL - 2024-12-03 07:47:06 --> CodeIgniter\Database\Exceptions\DatabaseException: Table 'dbpresensi.presensi_masuk' doesn't exist
[Method: POST, Route: PresensiMasuk/SimpanData]
in SYSTEMPATH\Database\BaseConnection.php on line 676.
 1 SYSTEMPATH\Database\BaseBuilder.php(2325): CodeIgniter\Database\BaseConnection->query('INSERT INTO `presensi_masuk` (`nipd`) VALUES (:nipd:)', [...], false)
 2 APPPATH\Models\ModelScanMasuk.php(26): CodeIgniter\Database\BaseBuilder->insert([...])
 3 APPPATH\Controllers\PresensiMasuk.php(46): App\Models\ModelScanMasuk->InsertData([...])
 4 SYSTEMPATH\CodeIgniter.php(933): App\Controllers\PresensiMasuk->SimpanData()
 5 SYSTEMPATH\CodeIgniter.php(509): CodeIgniter\CodeIgniter->runController(Object(App\Controllers\PresensiMasuk))
 6 SYSTEMPATH\CodeIgniter.php(355): CodeIgniter\CodeIgniter->handleRequest(null, Object(Config\Cache), false)
 7 SYSTEMPATH\Boot.php(312): CodeIgniter\CodeIgniter->run()
 8 SYSTEMPATH\Boot.php(67): CodeIgniter\Boot::runCodeIgniter(Object(CodeIgniter\CodeIgniter))
 9 FCPATH\index.php(56): CodeIgniter\Boot::bootWeb(Object(Config\Paths))
CRITICAL - 2024-12-03 07:47:06 --> [Caused by] CodeIgniter\Database\Exceptions\DatabaseException: Table 'dbpresensi.presensi_masuk' doesn't exist
in SYSTEMPATH\Database\MySQLi\Connection.php on line 313.
 1 SYSTEMPATH\Database\BaseConnection.php(722): CodeIgniter\Database\MySQLi\Connection->execute('INSERT INTO `presensi_masuk` (`nipd`) VALUES (\'2023017\')')
 2 SYSTEMPATH\Database\BaseConnection.php(636): CodeIgniter\Database\BaseConnection->simpleQuery('INSERT INTO `presensi_masuk` (`nipd`) VALUES (\'2023017\')')
 3 SYSTEMPATH\Database\BaseBuilder.php(2325): CodeIgniter\Database\BaseConnection->query('INSERT INTO `presensi_masuk` (`nipd`) VALUES (:nipd:)', [...], false)
 4 APPPATH\Models\ModelScanMasuk.php(26): CodeIgniter\Database\BaseBuilder->insert([...])
 5 APPPATH\Controllers\PresensiMasuk.php(46): App\Models\ModelScanMasuk->InsertData([...])
 6 SYSTEMPATH\CodeIgniter.php(933): App\Controllers\PresensiMasuk->SimpanData()
 7 SYSTEMPATH\CodeIgniter.php(509): CodeIgniter\CodeIgniter->runController(Object(App\Controllers\PresensiMasuk))
 8 SYSTEMPATH\CodeIgniter.php(355): CodeIgniter\CodeIgniter->handleRequest(null, Object(Config\Cache), false)
 9 SYSTEMPATH\Boot.php(312): CodeIgniter\CodeIgniter->run()
10 SYSTEMPATH\Boot.php(67): CodeIgniter\Boot::runCodeIgniter(Object(CodeIgniter\CodeIgniter))
11 FCPATH\index.php(56): CodeIgniter\Boot::bootWeb(Object(Config\Paths))
CRITICAL - 2024-12-03 07:47:06 --> [Caused by] mysqli_sql_exception: Table 'dbpresensi.presensi_masuk' doesn't exist
in SYSTEMPATH\Database\MySQLi\Connection.php on line 308.
 1 SYSTEMPATH\Database\MySQLi\Connection.php(308): mysqli->query('INSERT INTO `presensi_masuk` (`nipd`) VALUES (\'2023017\')', 0)
 2 SYSTEMPATH\Database\BaseConnection.php(722): CodeIgniter\Database\MySQLi\Connection->execute('INSERT INTO `presensi_masuk` (`nipd`) VALUES (\'2023017\')')
 3 SYSTEMPATH\Database\BaseConnection.php(636): CodeIgniter\Database\BaseConnection->simpleQuery('INSERT INTO `presensi_masuk` (`nipd`) VALUES (\'2023017\')')
 4 SYSTEMPATH\Database\BaseBuilder.php(2325): CodeIgniter\Database\BaseConnection->query('INSERT INTO `presensi_masuk` (`nipd`) VALUES (:nipd:)', [...], false)
 5 APPPATH\Models\ModelScanMasuk.php(26): CodeIgniter\Database\BaseBuilder->insert([...])
 6 APPPATH\Controllers\PresensiMasuk.php(46): App\Models\ModelScanMasuk->InsertData([...])
 7 SYSTEMPATH\CodeIgniter.php(933): App\Controllers\PresensiMasuk->SimpanData()
 8 SYSTEMPATH\CodeIgniter.php(509): CodeIgniter\CodeIgniter->runController(Object(App\Controllers\PresensiMasuk))
 9 SYSTEMPATH\CodeIgniter.php(355): CodeIgniter\CodeIgniter->handleRequest(null, Object(Config\Cache), false)
10 SYSTEMPATH\Boot.php(312): CodeIgniter\CodeIgniter->run()
11 SYSTEMPATH\Boot.php(67): CodeIgniter\Boot::runCodeIgniter(Object(CodeIgniter\CodeIgniter))
12 FCPATH\index.php(56): CodeIgniter\Boot::bootWeb(Object(Config\Paths))
ERROR - 2024-12-03 07:47:11 --> mysqli_sql_exception: Table 'dbpresensi.presensi_masuk' doesn't exist in C:\xampp\htdocs\presensi\system\Database\MySQLi\Connection.php:308
Stack trace:
#0 C:\xampp\htdocs\presensi\system\Database\MySQLi\Connection.php(308): mysqli->query('INSERT INTO `pr...', 0)
#1 C:\xampp\htdocs\presensi\system\Database\BaseConnection.php(722): CodeIgniter\Database\MySQLi\Connection->execute('INSERT INTO `pr...')
#2 C:\xampp\htdocs\presensi\system\Database\BaseConnection.php(636): CodeIgniter\Database\BaseConnection->simpleQuery('INSERT INTO `pr...')
#3 C:\xampp\htdocs\presensi\system\Database\BaseBuilder.php(2325): CodeIgniter\Database\BaseConnection->query('INSERT INTO `pr...', Array, false)
#4 C:\xampp\htdocs\presensi\app\Models\ModelScanMasuk.php(26): CodeIgniter\Database\BaseBuilder->insert(Array)
#5 C:\xampp\htdocs\presensi\app\Controllers\PresensiMasuk.php(46): App\Models\ModelScanMasuk->InsertData(Array)
#6 C:\xampp\htdocs\presensi\system\CodeIgniter.php(933): App\Controllers\PresensiMasuk->SimpanData()
#7 C:\xampp\htdocs\presensi\system\CodeIgniter.php(509): CodeIgniter\CodeIgniter->runController(Object(App\Controllers\PresensiMasuk))
#8 C:\xampp\htdocs\presensi\system\CodeIgniter.php(355): CodeIgniter\CodeIgniter->handleRequest(NULL, Object(Config\Cache), false)
#9 C:\xampp\htdocs\presensi\system\Boot.php(312): CodeIgniter\CodeIgniter->run()
#10 C:\xampp\htdocs\presensi\system\Boot.php(67): CodeIgniter\Boot::runCodeIgniter(Object(CodeIgniter\CodeIgniter))
#11 C:\xampp\htdocs\presensi\public\index.php(56): CodeIgniter\Boot::bootWeb(Object(Config\Paths))
#12 {main}
CRITICAL - 2024-12-03 07:47:11 --> CodeIgniter\Database\Exceptions\DatabaseException: Table 'dbpresensi.presensi_masuk' doesn't exist
[Method: POST, Route: PresensiMasuk/SimpanData]
in SYSTEMPATH\Database\BaseConnection.php on line 676.
 1 SYSTEMPATH\Database\BaseBuilder.php(2325): CodeIgniter\Database\BaseConnection->query('INSERT INTO `presensi_masuk` (`nipd`) VALUES (:nipd:)', [...], false)
 2 APPPATH\Models\ModelScanMasuk.php(26): CodeIgniter\Database\BaseBuilder->insert([...])
 3 APPPATH\Controllers\PresensiMasuk.php(46): App\Models\ModelScanMasuk->InsertData([...])
 4 SYSTEMPATH\CodeIgniter.php(933): App\Controllers\PresensiMasuk->SimpanData()
 5 SYSTEMPATH\CodeIgniter.php(509): CodeIgniter\CodeIgniter->runController(Object(App\Controllers\PresensiMasuk))
 6 SYSTEMPATH\CodeIgniter.php(355): CodeIgniter\CodeIgniter->handleRequest(null, Object(Config\Cache), false)
 7 SYSTEMPATH\Boot.php(312): CodeIgniter\CodeIgniter->run()
 8 SYSTEMPATH\Boot.php(67): CodeIgniter\Boot::runCodeIgniter(Object(CodeIgniter\CodeIgniter))
 9 FCPATH\index.php(56): CodeIgniter\Boot::bootWeb(Object(Config\Paths))
CRITICAL - 2024-12-03 07:47:11 --> [Caused by] CodeIgniter\Database\Exceptions\DatabaseException: Table 'dbpresensi.presensi_masuk' doesn't exist
in SYSTEMPATH\Database\MySQLi\Connection.php on line 313.
 1 SYSTEMPATH\Database\BaseConnection.php(722): CodeIgniter\Database\MySQLi\Connection->execute('INSERT INTO `presensi_masuk` (`nipd`) VALUES (\'202301\')')
 2 SYSTEMPATH\Database\BaseConnection.php(636): CodeIgniter\Database\BaseConnection->simpleQuery('INSERT INTO `presensi_masuk` (`nipd`) VALUES (\'202301\')')
 3 SYSTEMPATH\Database\BaseBuilder.php(2325): CodeIgniter\Database\BaseConnection->query('INSERT INTO `presensi_masuk` (`nipd`) VALUES (:nipd:)', [...], false)
 4 APPPATH\Models\ModelScanMasuk.php(26): CodeIgniter\Database\BaseBuilder->insert([...])
 5 APPPATH\Controllers\PresensiMasuk.php(46): App\Models\ModelScanMasuk->InsertData([...])
 6 SYSTEMPATH\CodeIgniter.php(933): App\Controllers\PresensiMasuk->SimpanData()
 7 SYSTEMPATH\CodeIgniter.php(509): CodeIgniter\CodeIgniter->runController(Object(App\Controllers\PresensiMasuk))
 8 SYSTEMPATH\CodeIgniter.php(355): CodeIgniter\CodeIgniter->handleRequest(null, Object(Config\Cache), false)
 9 SYSTEMPATH\Boot.php(312): CodeIgniter\CodeIgniter->run()
10 SYSTEMPATH\Boot.php(67): CodeIgniter\Boot::runCodeIgniter(Object(CodeIgniter\CodeIgniter))
11 FCPATH\index.php(56): CodeIgniter\Boot::bootWeb(Object(Config\Paths))
CRITICAL - 2024-12-03 07:47:11 --> [Caused by] mysqli_sql_exception: Table 'dbpresensi.presensi_masuk' doesn't exist
in SYSTEMPATH\Database\MySQLi\Connection.php on line 308.
 1 SYSTEMPATH\Database\MySQLi\Connection.php(308): mysqli->query('INSERT INTO `presensi_masuk` (`nipd`) VALUES (\'202301\')', 0)
 2 SYSTEMPATH\Database\BaseConnection.php(722): CodeIgniter\Database\MySQLi\Connection->execute('INSERT INTO `presensi_masuk` (`nipd`) VALUES (\'202301\')')
 3 SYSTEMPATH\Database\BaseConnection.php(636): CodeIgniter\Database\BaseConnection->simpleQuery('INSERT INTO `presensi_masuk` (`nipd`) VALUES (\'202301\')')
 4 SYSTEMPATH\Database\BaseBuilder.php(2325): CodeIgniter\Database\BaseConnection->query('INSERT INTO `presensi_masuk` (`nipd`) VALUES (:nipd:)', [...], false)
 5 APPPATH\Models\ModelScanMasuk.php(26): CodeIgniter\Database\BaseBuilder->insert([...])
 6 APPPATH\Controllers\PresensiMasuk.php(46): App\Models\ModelScanMasuk->InsertData([...])
 7 SYSTEMPATH\CodeIgniter.php(933): App\Controllers\PresensiMasuk->SimpanData()
 8 SYSTEMPATH\CodeIgniter.php(509): CodeIgniter\CodeIgniter->runController(Object(App\Controllers\PresensiMasuk))
 9 SYSTEMPATH\CodeIgniter.php(355): CodeIgniter\CodeIgniter->handleRequest(null, Object(Config\Cache), false)
10 SYSTEMPATH\Boot.php(312): CodeIgniter\CodeIgniter->run()
11 SYSTEMPATH\Boot.php(67): CodeIgniter\Boot::runCodeIgniter(Object(CodeIgniter\CodeIgniter))
12 FCPATH\index.php(56): CodeIgniter\Boot::bootWeb(Object(Config\Paths))
ERROR - 2024-12-03 07:47:12 --> mysqli_sql_exception: Table 'dbpresensi.presensi_masuk' doesn't exist in C:\xampp\htdocs\presensi\system\Database\MySQLi\Connection.php:308
Stack trace:
#0 C:\xampp\htdocs\presensi\system\Database\MySQLi\Connection.php(308): mysqli->query('INSERT INTO `pr...', 0)
#1 C:\xampp\htdocs\presensi\system\Database\BaseConnection.php(722): CodeIgniter\Database\MySQLi\Connection->execute('INSERT INTO `pr...')
#2 C:\xampp\htdocs\presensi\system\Database\BaseConnection.php(636): CodeIgniter\Database\BaseConnection->simpleQuery('INSERT INTO `pr...')
#3 C:\xampp\htdocs\presensi\system\Database\BaseBuilder.php(2325): CodeIgniter\Database\BaseConnection->query('INSERT INTO `pr...', Array, false)
#4 C:\xampp\htdocs\presensi\app\Models\ModelScanMasuk.php(26): CodeIgniter\Database\BaseBuilder->insert(Array)
#5 C:\xampp\htdocs\presensi\app\Controllers\PresensiMasuk.php(46): App\Models\ModelScanMasuk->InsertData(Array)
#6 C:\xampp\htdocs\presensi\system\CodeIgniter.php(933): App\Controllers\PresensiMasuk->SimpanData()
#7 C:\xampp\htdocs\presensi\system\CodeIgniter.php(509): CodeIgniter\CodeIgniter->runController(Object(App\Controllers\PresensiMasuk))
#8 C:\xampp\htdocs\presensi\system\CodeIgniter.php(355): CodeIgniter\CodeIgniter->handleRequest(NULL, Object(Config\Cache), false)
#9 C:\xampp\htdocs\presensi\system\Boot.php(312): CodeIgniter\CodeIgniter->run()
#10 C:\xampp\htdocs\presensi\system\Boot.php(67): CodeIgniter\Boot::runCodeIgniter(Object(CodeIgniter\CodeIgniter))
#11 C:\xampp\htdocs\presensi\public\index.php(56): CodeIgniter\Boot::bootWeb(Object(Config\Paths))
#12 {main}
CRITICAL - 2024-12-03 07:47:12 --> CodeIgniter\Database\Exceptions\DatabaseException: Table 'dbpresensi.presensi_masuk' doesn't exist
[Method: POST, Route: PresensiMasuk/SimpanData]
in SYSTEMPATH\Database\BaseConnection.php on line 676.
 1 SYSTEMPATH\Database\BaseBuilder.php(2325): CodeIgniter\Database\BaseConnection->query('INSERT INTO `presensi_masuk` (`nipd`) VALUES (:nipd:)', [...], false)
 2 APPPATH\Models\ModelScanMasuk.php(26): CodeIgniter\Database\BaseBuilder->insert([...])
 3 APPPATH\Controllers\PresensiMasuk.php(46): App\Models\ModelScanMasuk->InsertData([...])
 4 SYSTEMPATH\CodeIgniter.php(933): App\Controllers\PresensiMasuk->SimpanData()
 5 SYSTEMPATH\CodeIgniter.php(509): CodeIgniter\CodeIgniter->runController(Object(App\Controllers\PresensiMasuk))
 6 SYSTEMPATH\CodeIgniter.php(355): CodeIgniter\CodeIgniter->handleRequest(null, Object(Config\Cache), false)
 7 SYSTEMPATH\Boot.php(312): CodeIgniter\CodeIgniter->run()
 8 SYSTEMPATH\Boot.php(67): CodeIgniter\Boot::runCodeIgniter(Object(CodeIgniter\CodeIgniter))
 9 FCPATH\index.php(56): CodeIgniter\Boot::bootWeb(Object(Config\Paths))
CRITICAL - 2024-12-03 07:47:12 --> [Caused by] CodeIgniter\Database\Exceptions\DatabaseException: Table 'dbpresensi.presensi_masuk' doesn't exist
in SYSTEMPATH\Database\MySQLi\Connection.php on line 313.
 1 SYSTEMPATH\Database\BaseConnection.php(722): CodeIgniter\Database\MySQLi\Connection->execute('INSERT INTO `presensi_masuk` (`nipd`) VALUES (\'2023\')')
 2 SYSTEMPATH\Database\BaseConnection.php(636): CodeIgniter\Database\BaseConnection->simpleQuery('INSERT INTO `presensi_masuk` (`nipd`) VALUES (\'2023\')')
 3 SYSTEMPATH\Database\BaseBuilder.php(2325): CodeIgniter\Database\BaseConnection->query('INSERT INTO `presensi_masuk` (`nipd`) VALUES (:nipd:)', [...], false)
 4 APPPATH\Models\ModelScanMasuk.php(26): CodeIgniter\Database\BaseBuilder->insert([...])
 5 APPPATH\Controllers\PresensiMasuk.php(46): App\Models\ModelScanMasuk->InsertData([...])
 6 SYSTEMPATH\CodeIgniter.php(933): App\Controllers\PresensiMasuk->SimpanData()
 7 SYSTEMPATH\CodeIgniter.php(509): CodeIgniter\CodeIgniter->runController(Object(App\Controllers\PresensiMasuk))
 8 SYSTEMPATH\CodeIgniter.php(355): CodeIgniter\CodeIgniter->handleRequest(null, Object(Config\Cache), false)
 9 SYSTEMPATH\Boot.php(312): CodeIgniter\CodeIgniter->run()
10 SYSTEMPATH\Boot.php(67): CodeIgniter\Boot::runCodeIgniter(Object(CodeIgniter\CodeIgniter))
11 FCPATH\index.php(56): CodeIgniter\Boot::bootWeb(Object(Config\Paths))
CRITICAL - 2024-12-03 07:47:12 --> [Caused by] mysqli_sql_exception: Table 'dbpresensi.presensi_masuk' doesn't exist
in SYSTEMPATH\Database\MySQLi\Connection.php on line 308.
 1 SYSTEMPATH\Database\MySQLi\Connection.php(308): mysqli->query('INSERT INTO `presensi_masuk` (`nipd`) VALUES (\'2023\')', 0)
 2 SYSTEMPATH\Database\BaseConnection.php(722): CodeIgniter\Database\MySQLi\Connection->execute('INSERT INTO `presensi_masuk` (`nipd`) VALUES (\'2023\')')
 3 SYSTEMPATH\Database\BaseConnection.php(636): CodeIgniter\Database\BaseConnection->simpleQuery('INSERT INTO `presensi_masuk` (`nipd`) VALUES (\'2023\')')
 4 SYSTEMPATH\Database\BaseBuilder.php(2325): CodeIgniter\Database\BaseConnection->query('INSERT INTO `presensi_masuk` (`nipd`) VALUES (:nipd:)', [...], false)
 5 APPPATH\Models\ModelScanMasuk.php(26): CodeIgniter\Database\BaseBuilder->insert([...])
 6 APPPATH\Controllers\PresensiMasuk.php(46): App\Models\ModelScanMasuk->InsertData([...])
 7 SYSTEMPATH\CodeIgniter.php(933): App\Controllers\PresensiMasuk->SimpanData()
 8 SYSTEMPATH\CodeIgniter.php(509): CodeIgniter\CodeIgniter->runController(Object(App\Controllers\PresensiMasuk))
 9 SYSTEMPATH\CodeIgniter.php(355): CodeIgniter\CodeIgniter->handleRequest(null, Object(Config\Cache), false)
10 SYSTEMPATH\Boot.php(312): CodeIgniter\CodeIgniter->run()
11 SYSTEMPATH\Boot.php(67): CodeIgniter\Boot::runCodeIgniter(Object(CodeIgniter\CodeIgniter))
12 FCPATH\index.php(56): CodeIgniter\Boot::bootWeb(Object(Config\Paths))
ERROR - 2024-12-03 07:47:12 --> mysqli_sql_exception: Table 'dbpresensi.presensi_masuk' doesn't exist in C:\xampp\htdocs\presensi\system\Database\MySQLi\Connection.php:308
Stack trace:
#0 C:\xampp\htdocs\presensi\system\Database\MySQLi\Connection.php(308): mysqli->query('INSERT INTO `pr...', 0)
#1 C:\xampp\htdocs\presensi\system\Database\BaseConnection.php(722): CodeIgniter\Database\MySQLi\Connection->execute('INSERT INTO `pr...')
#2 C:\xampp\htdocs\presensi\system\Database\BaseConnection.php(636): CodeIgniter\Database\BaseConnection->simpleQuery('INSERT INTO `pr...')
#3 C:\xampp\htdocs\presensi\system\Database\BaseBuilder.php(2325): CodeIgniter\Database\BaseConnection->query('INSERT INTO `pr...', Array, false)
#4 C:\xampp\htdocs\presensi\app\Models\ModelScanMasuk.php(26): CodeIgniter\Database\BaseBuilder->insert(Array)
#5 C:\xampp\htdocs\presensi\app\Controllers\PresensiMasuk.php(46): App\Models\ModelScanMasuk->InsertData(Array)
#6 C:\xampp\htdocs\presensi\system\CodeIgniter.php(933): App\Controllers\PresensiMasuk->SimpanData()
#7 C:\xampp\htdocs\presensi\system\CodeIgniter.php(509): CodeIgniter\CodeIgniter->runController(Object(App\Controllers\PresensiMasuk))
#8 C:\xampp\htdocs\presensi\system\CodeIgniter.php(355): CodeIgniter\CodeIgniter->handleRequest(NULL, Object(Config\Cache), false)
#9 C:\xampp\htdocs\presensi\system\Boot.php(312): CodeIgniter\CodeIgniter->run()
#10 C:\xampp\htdocs\presensi\system\Boot.php(67): CodeIgniter\Boot::runCodeIgniter(Object(CodeIgniter\CodeIgniter))
#11 C:\xampp\htdocs\presensi\public\index.php(56): CodeIgniter\Boot::bootWeb(Object(Config\Paths))
#12 {main}
CRITICAL - 2024-12-03 07:47:12 --> CodeIgniter\Database\Exceptions\DatabaseException: Table 'dbpresensi.presensi_masuk' doesn't exist
[Method: POST, Route: PresensiMasuk/SimpanData]
in SYSTEMPATH\Database\BaseConnection.php on line 676.
 1 SYSTEMPATH\Database\BaseBuilder.php(2325): CodeIgniter\Database\BaseConnection->query('INSERT INTO `presensi_masuk` (`nipd`) VALUES (:nipd:)', [...], false)
 2 APPPATH\Models\ModelScanMasuk.php(26): CodeIgniter\Database\BaseBuilder->insert([...])
 3 APPPATH\Controllers\PresensiMasuk.php(46): App\Models\ModelScanMasuk->InsertData([...])
 4 SYSTEMPATH\CodeIgniter.php(933): App\Controllers\PresensiMasuk->SimpanData()
 5 SYSTEMPATH\CodeIgniter.php(509): CodeIgniter\CodeIgniter->runController(Object(App\Controllers\PresensiMasuk))
 6 SYSTEMPATH\CodeIgniter.php(355): CodeIgniter\CodeIgniter->handleRequest(null, Object(Config\Cache), false)
 7 SYSTEMPATH\Boot.php(312): CodeIgniter\CodeIgniter->run()
 8 SYSTEMPATH\Boot.php(67): CodeIgniter\Boot::runCodeIgniter(Object(CodeIgniter\CodeIgniter))
 9 FCPATH\index.php(56): CodeIgniter\Boot::bootWeb(Object(Config\Paths))
CRITICAL - 2024-12-03 07:47:12 --> [Caused by] CodeIgniter\Database\Exceptions\DatabaseException: Table 'dbpresensi.presensi_masuk' doesn't exist
in SYSTEMPATH\Database\MySQLi\Connection.php on line 313.
 1 SYSTEMPATH\Database\BaseConnection.php(722): CodeIgniter\Database\MySQLi\Connection->execute('INSERT INTO `presensi_masuk` (`nipd`) VALUES (\'20230\')')
 2 SYSTEMPATH\Database\BaseConnection.php(636): CodeIgniter\Database\BaseConnection->simpleQuery('INSERT INTO `presensi_masuk` (`nipd`) VALUES (\'20230\')')
 3 SYSTEMPATH\Database\BaseBuilder.php(2325): CodeIgniter\Database\BaseConnection->query('INSERT INTO `presensi_masuk` (`nipd`) VALUES (:nipd:)', [...], false)
 4 APPPATH\Models\ModelScanMasuk.php(26): CodeIgniter\Database\BaseBuilder->insert([...])
 5 APPPATH\Controllers\PresensiMasuk.php(46): App\Models\ModelScanMasuk->InsertData([...])
 6 SYSTEMPATH\CodeIgniter.php(933): App\Controllers\PresensiMasuk->SimpanData()
 7 SYSTEMPATH\CodeIgniter.php(509): CodeIgniter\CodeIgniter->runController(Object(App\Controllers\PresensiMasuk))
 8 SYSTEMPATH\CodeIgniter.php(355): CodeIgniter\CodeIgniter->handleRequest(null, Object(Config\Cache), false)
 9 SYSTEMPATH\Boot.php(312): CodeIgniter\CodeIgniter->run()
10 SYSTEMPATH\Boot.php(67): CodeIgniter\Boot::runCodeIgniter(Object(CodeIgniter\CodeIgniter))
11 FCPATH\index.php(56): CodeIgniter\Boot::bootWeb(Object(Config\Paths))
ERROR - 2024-12-03 07:47:12 --> mysqli_sql_exception: Table 'dbpresensi.presensi_masuk' doesn't exist in C:\xampp\htdocs\presensi\system\Database\MySQLi\Connection.php:308
Stack trace:
#0 C:\xampp\htdocs\presensi\system\Database\MySQLi\Connection.php(308): mysqli->query('INSERT INTO `pr...', 0)
#1 C:\xampp\htdocs\presensi\system\Database\BaseConnection.php(722): CodeIgniter\Database\MySQLi\Connection->execute('INSERT INTO `pr...')
#2 C:\xampp\htdocs\presensi\system\Database\BaseConnection.php(636): CodeIgniter\Database\BaseConnection->simpleQuery('INSERT INTO `pr...')
#3 C:\xampp\htdocs\presensi\system\Database\BaseBuilder.php(2325): CodeIgniter\Database\BaseConnection->query('INSERT INTO `pr...', Array, false)
#4 C:\xampp\htdocs\presensi\app\Models\ModelScanMasuk.php(26): CodeIgniter\Database\BaseBuilder->insert(Array)
#5 C:\xampp\htdocs\presensi\app\Controllers\PresensiMasuk.php(46): App\Models\ModelScanMasuk->InsertData(Array)
#6 C:\xampp\htdocs\presensi\system\CodeIgniter.php(933): App\Controllers\PresensiMasuk->SimpanData()
#7 C:\xampp\htdocs\presensi\system\CodeIgniter.php(509): CodeIgniter\CodeIgniter->runController(Object(App\Controllers\PresensiMasuk))
#8 C:\xampp\htdocs\presensi\system\CodeIgniter.php(355): CodeIgniter\CodeIgniter->handleRequest(NULL, Object(Config\Cache), false)
#9 C:\xampp\htdocs\presensi\system\Boot.php(312): CodeIgniter\CodeIgniter->run()
#10 C:\xampp\htdocs\presensi\system\Boot.php(67): CodeIgniter\Boot::runCodeIgniter(Object(CodeIgniter\CodeIgniter))
#11 C:\xampp\htdocs\presensi\public\index.php(56): CodeIgniter\Boot::bootWeb(Object(Config\Paths))
#12 {main}
CRITICAL - 2024-12-03 07:47:12 --> [Caused by] mysqli_sql_exception: Table 'dbpresensi.presensi_masuk' doesn't exist
in SYSTEMPATH\Database\MySQLi\Connection.php on line 308.
 1 SYSTEMPATH\Database\MySQLi\Connection.php(308): mysqli->query('INSERT INTO `presensi_masuk` (`nipd`) VALUES (\'20230\')', 0)
 2 SYSTEMPATH\Database\BaseConnection.php(722): CodeIgniter\Database\MySQLi\Connection->execute('INSERT INTO `presensi_masuk` (`nipd`) VALUES (\'20230\')')
 3 SYSTEMPATH\Database\BaseConnection.php(636): CodeIgniter\Database\BaseConnection->simpleQuery('INSERT INTO `presensi_masuk` (`nipd`) VALUES (\'20230\')')
 4 SYSTEMPATH\Database\BaseBuilder.php(2325): CodeIgniter\Database\BaseConnection->query('INSERT INTO `presensi_masuk` (`nipd`) VALUES (:nipd:)', [...], false)
 5 APPPATH\Models\ModelScanMasuk.php(26): CodeIgniter\Database\BaseBuilder->insert([...])
 6 APPPATH\Controllers\PresensiMasuk.php(46): App\Models\ModelScanMasuk->InsertData([...])
 7 SYSTEMPATH\CodeIgniter.php(933): App\Controllers\PresensiMasuk->SimpanData()
 8 SYSTEMPATH\CodeIgniter.php(509): CodeIgniter\CodeIgniter->runController(Object(App\Controllers\PresensiMasuk))
 9 SYSTEMPATH\CodeIgniter.php(355): CodeIgniter\CodeIgniter->handleRequest(null, Object(Config\Cache), false)
10 SYSTEMPATH\Boot.php(312): CodeIgniter\CodeIgniter->run()
11 SYSTEMPATH\Boot.php(67): CodeIgniter\Boot::runCodeIgniter(Object(CodeIgniter\CodeIgniter))
12 FCPATH\index.php(56): CodeIgniter\Boot::bootWeb(Object(Config\Paths))
CRITICAL - 2024-12-03 07:47:12 --> CodeIgniter\Database\Exceptions\DatabaseException: Table 'dbpresensi.presensi_masuk' doesn't exist
[Method: POST, Route: PresensiMasuk/SimpanData]
in SYSTEMPATH\Database\BaseConnection.php on line 676.
 1 SYSTEMPATH\Database\BaseBuilder.php(2325): CodeIgniter\Database\BaseConnection->query('INSERT INTO `presensi_masuk` (`nipd`) VALUES (:nipd:)', [...], false)
 2 APPPATH\Models\ModelScanMasuk.php(26): CodeIgniter\Database\BaseBuilder->insert([...])
 3 APPPATH\Controllers\PresensiMasuk.php(46): App\Models\ModelScanMasuk->InsertData([...])
 4 SYSTEMPATH\CodeIgniter.php(933): App\Controllers\PresensiMasuk->SimpanData()
 5 SYSTEMPATH\CodeIgniter.php(509): CodeIgniter\CodeIgniter->runController(Object(App\Controllers\PresensiMasuk))
 6 SYSTEMPATH\CodeIgniter.php(355): CodeIgniter\CodeIgniter->handleRequest(null, Object(Config\Cache), false)
 7 SYSTEMPATH\Boot.php(312): CodeIgniter\CodeIgniter->run()
 8 SYSTEMPATH\Boot.php(67): CodeIgniter\Boot::runCodeIgniter(Object(CodeIgniter\CodeIgniter))
 9 FCPATH\index.php(56): CodeIgniter\Boot::bootWeb(Object(Config\Paths))
CRITICAL - 2024-12-03 07:47:12 --> [Caused by] CodeIgniter\Database\Exceptions\DatabaseException: Table 'dbpresensi.presensi_masuk' doesn't exist
in SYSTEMPATH\Database\MySQLi\Connection.php on line 313.
 1 SYSTEMPATH\Database\BaseConnection.php(722): CodeIgniter\Database\MySQLi\Connection->execute('INSERT INTO `presensi_masuk` (`nipd`) VALUES (\'202\')')
 2 SYSTEMPATH\Database\BaseConnection.php(636): CodeIgniter\Database\BaseConnection->simpleQuery('INSERT INTO `presensi_masuk` (`nipd`) VALUES (\'202\')')
 3 SYSTEMPATH\Database\BaseBuilder.php(2325): CodeIgniter\Database\BaseConnection->query('INSERT INTO `presensi_masuk` (`nipd`) VALUES (:nipd:)', [...], false)
 4 APPPATH\Models\ModelScanMasuk.php(26): CodeIgniter\Database\BaseBuilder->insert([...])
 5 APPPATH\Controllers\PresensiMasuk.php(46): App\Models\ModelScanMasuk->InsertData([...])
 6 SYSTEMPATH\CodeIgniter.php(933): App\Controllers\PresensiMasuk->SimpanData()
 7 SYSTEMPATH\CodeIgniter.php(509): CodeIgniter\CodeIgniter->runController(Object(App\Controllers\PresensiMasuk))
 8 SYSTEMPATH\CodeIgniter.php(355): CodeIgniter\CodeIgniter->handleRequest(null, Object(Config\Cache), false)
 9 SYSTEMPATH\Boot.php(312): CodeIgniter\CodeIgniter->run()
10 SYSTEMPATH\Boot.php(67): CodeIgniter\Boot::runCodeIgniter(Object(CodeIgniter\CodeIgniter))
11 FCPATH\index.php(56): CodeIgniter\Boot::bootWeb(Object(Config\Paths))
CRITICAL - 2024-12-03 07:47:12 --> [Caused by] mysqli_sql_exception: Table 'dbpresensi.presensi_masuk' doesn't exist
in SYSTEMPATH\Database\MySQLi\Connection.php on line 308.
 1 SYSTEMPATH\Database\MySQLi\Connection.php(308): mysqli->query('INSERT INTO `presensi_masuk` (`nipd`) VALUES (\'202\')', 0)
 2 SYSTEMPATH\Database\BaseConnection.php(722): CodeIgniter\Database\MySQLi\Connection->execute('INSERT INTO `presensi_masuk` (`nipd`) VALUES (\'202\')')
 3 SYSTEMPATH\Database\BaseConnection.php(636): CodeIgniter\Database\BaseConnection->simpleQuery('INSERT INTO `presensi_masuk` (`nipd`) VALUES (\'202\')')
 4 SYSTEMPATH\Database\BaseBuilder.php(2325): CodeIgniter\Database\BaseConnection->query('INSERT INTO `presensi_masuk` (`nipd`) VALUES (:nipd:)', [...], false)
 5 APPPATH\Models\ModelScanMasuk.php(26): CodeIgniter\Database\BaseBuilder->insert([...])
 6 APPPATH\Controllers\PresensiMasuk.php(46): App\Models\ModelScanMasuk->InsertData([...])
 7 SYSTEMPATH\CodeIgniter.php(933): App\Controllers\PresensiMasuk->SimpanData()
 8 SYSTEMPATH\CodeIgniter.php(509): CodeIgniter\CodeIgniter->runController(Object(App\Controllers\PresensiMasuk))
 9 SYSTEMPATH\CodeIgniter.php(355): CodeIgniter\CodeIgniter->handleRequest(null, Object(Config\Cache), false)
10 SYSTEMPATH\Boot.php(312): CodeIgniter\CodeIgniter->run()
11 SYSTEMPATH\Boot.php(67): CodeIgniter\Boot::runCodeIgniter(Object(CodeIgniter\CodeIgniter))
12 FCPATH\index.php(56): CodeIgniter\Boot::bootWeb(Object(Config\Paths))
ERROR - 2024-12-03 07:47:12 --> mysqli_sql_exception: Table 'dbpresensi.presensi_masuk' doesn't exist in C:\xampp\htdocs\presensi\system\Database\MySQLi\Connection.php:308
Stack trace:
#0 C:\xampp\htdocs\presensi\system\Database\MySQLi\Connection.php(308): mysqli->query('INSERT INTO `pr...', 0)
#1 C:\xampp\htdocs\presensi\system\Database\BaseConnection.php(722): CodeIgniter\Database\MySQLi\Connection->execute('INSERT INTO `pr...')
#2 C:\xampp\htdocs\presensi\system\Database\BaseConnection.php(636): CodeIgniter\Database\BaseConnection->simpleQuery('INSERT INTO `pr...')
#3 C:\xampp\htdocs\presensi\system\Database\BaseBuilder.php(2325): CodeIgniter\Database\BaseConnection->query('INSERT INTO `pr...', Array, false)
#4 C:\xampp\htdocs\presensi\app\Models\ModelScanMasuk.php(26): CodeIgniter\Database\BaseBuilder->insert(Array)
#5 C:\xampp\htdocs\presensi\app\Controllers\PresensiMasuk.php(46): App\Models\ModelScanMasuk->InsertData(Array)
#6 C:\xampp\htdocs\presensi\system\CodeIgniter.php(933): App\Controllers\PresensiMasuk->SimpanData()
#7 C:\xampp\htdocs\presensi\system\CodeIgniter.php(509): CodeIgniter\CodeIgniter->runController(Object(App\Controllers\PresensiMasuk))
#8 C:\xampp\htdocs\presensi\system\CodeIgniter.php(355): CodeIgniter\CodeIgniter->handleRequest(NULL, Object(Config\Cache), false)
#9 C:\xampp\htdocs\presensi\system\Boot.php(312): CodeIgniter\CodeIgniter->run()
#10 C:\xampp\htdocs\presensi\system\Boot.php(67): CodeIgniter\Boot::runCodeIgniter(Object(CodeIgniter\CodeIgniter))
#11 C:\xampp\htdocs\presensi\public\index.php(56): CodeIgniter\Boot::bootWeb(Object(Config\Paths))
#12 {main}
CRITICAL - 2024-12-03 07:47:12 --> CodeIgniter\Database\Exceptions\DatabaseException: Table 'dbpresensi.presensi_masuk' doesn't exist
[Method: POST, Route: PresensiMasuk/SimpanData]
in SYSTEMPATH\Database\BaseConnection.php on line 676.
 1 SYSTEMPATH\Database\BaseBuilder.php(2325): CodeIgniter\Database\BaseConnection->query('INSERT INTO `presensi_masuk` (`nipd`) VALUES (:nipd:)', [...], false)
 2 APPPATH\Models\ModelScanMasuk.php(26): CodeIgniter\Database\BaseBuilder->insert([...])
 3 APPPATH\Controllers\PresensiMasuk.php(46): App\Models\ModelScanMasuk->InsertData([...])
 4 SYSTEMPATH\CodeIgniter.php(933): App\Controllers\PresensiMasuk->SimpanData()
 5 SYSTEMPATH\CodeIgniter.php(509): CodeIgniter\CodeIgniter->runController(Object(App\Controllers\PresensiMasuk))
 6 SYSTEMPATH\CodeIgniter.php(355): CodeIgniter\CodeIgniter->handleRequest(null, Object(Config\Cache), false)
 7 SYSTEMPATH\Boot.php(312): CodeIgniter\CodeIgniter->run()
 8 SYSTEMPATH\Boot.php(67): CodeIgniter\Boot::runCodeIgniter(Object(CodeIgniter\CodeIgniter))
 9 FCPATH\index.php(56): CodeIgniter\Boot::bootWeb(Object(Config\Paths))
CRITICAL - 2024-12-03 07:47:12 --> [Caused by] CodeIgniter\Database\Exceptions\DatabaseException: Table 'dbpresensi.presensi_masuk' doesn't exist
in SYSTEMPATH\Database\MySQLi\Connection.php on line 313.
 1 SYSTEMPATH\Database\BaseConnection.php(722): CodeIgniter\Database\MySQLi\Connection->execute('INSERT INTO `presensi_masuk` (`nipd`) VALUES (\'2\')')
 2 SYSTEMPATH\Database\BaseConnection.php(636): CodeIgniter\Database\BaseConnection->simpleQuery('INSERT INTO `presensi_masuk` (`nipd`) VALUES (\'2\')')
 3 SYSTEMPATH\Database\BaseBuilder.php(2325): CodeIgniter\Database\BaseConnection->query('INSERT INTO `presensi_masuk` (`nipd`) VALUES (:nipd:)', [...], false)
 4 APPPATH\Models\ModelScanMasuk.php(26): CodeIgniter\Database\BaseBuilder->insert([...])
 5 APPPATH\Controllers\PresensiMasuk.php(46): App\Models\ModelScanMasuk->InsertData([...])
 6 SYSTEMPATH\CodeIgniter.php(933): App\Controllers\PresensiMasuk->SimpanData()
 7 SYSTEMPATH\CodeIgniter.php(509): CodeIgniter\CodeIgniter->runController(Object(App\Controllers\PresensiMasuk))
 8 SYSTEMPATH\CodeIgniter.php(355): CodeIgniter\CodeIgniter->handleRequest(null, Object(Config\Cache), false)
 9 SYSTEMPATH\Boot.php(312): CodeIgniter\CodeIgniter->run()
10 SYSTEMPATH\Boot.php(67): CodeIgniter\Boot::runCodeIgniter(Object(CodeIgniter\CodeIgniter))
11 FCPATH\index.php(56): CodeIgniter\Boot::bootWeb(Object(Config\Paths))
CRITICAL - 2024-12-03 07:47:12 --> [Caused by] mysqli_sql_exception: Table 'dbpresensi.presensi_masuk' doesn't exist
in SYSTEMPATH\Database\MySQLi\Connection.php on line 308.
 1 SYSTEMPATH\Database\MySQLi\Connection.php(308): mysqli->query('INSERT INTO `presensi_masuk` (`nipd`) VALUES (\'2\')', 0)
 2 SYSTEMPATH\Database\BaseConnection.php(722): CodeIgniter\Database\MySQLi\Connection->execute('INSERT INTO `presensi_masuk` (`nipd`) VALUES (\'2\')')
 3 SYSTEMPATH\Database\BaseConnection.php(636): CodeIgniter\Database\BaseConnection->simpleQuery('INSERT INTO `presensi_masuk` (`nipd`) VALUES (\'2\')')
 4 SYSTEMPATH\Database\BaseBuilder.php(2325): CodeIgniter\Database\BaseConnection->query('INSERT INTO `presensi_masuk` (`nipd`) VALUES (:nipd:)', [...], false)
 5 APPPATH\Models\ModelScanMasuk.php(26): CodeIgniter\Database\BaseBuilder->insert([...])
 6 APPPATH\Controllers\PresensiMasuk.php(46): App\Models\ModelScanMasuk->InsertData([...])
 7 SYSTEMPATH\CodeIgniter.php(933): App\Controllers\PresensiMasuk->SimpanData()
 8 SYSTEMPATH\CodeIgniter.php(509): CodeIgniter\CodeIgniter->runController(Object(App\Controllers\PresensiMasuk))
 9 SYSTEMPATH\CodeIgniter.php(355): CodeIgniter\CodeIgniter->handleRequest(null, Object(Config\Cache), false)
10 SYSTEMPATH\Boot.php(312): CodeIgniter\CodeIgniter->run()
11 SYSTEMPATH\Boot.php(67): CodeIgniter\Boot::runCodeIgniter(Object(CodeIgniter\CodeIgniter))
12 FCPATH\index.php(56): CodeIgniter\Boot::bootWeb(Object(Config\Paths))
ERROR - 2024-12-03 07:47:12 --> mysqli_sql_exception: Table 'dbpresensi.presensi_masuk' doesn't exist in C:\xampp\htdocs\presensi\system\Database\MySQLi\Connection.php:308
Stack trace:
#0 C:\xampp\htdocs\presensi\system\Database\MySQLi\Connection.php(308): mysqli->query('INSERT INTO `pr...', 0)
#1 C:\xampp\htdocs\presensi\system\Database\BaseConnection.php(722): CodeIgniter\Database\MySQLi\Connection->execute('INSERT INTO `pr...')
#2 C:\xampp\htdocs\presensi\system\Database\BaseConnection.php(636): CodeIgniter\Database\BaseConnection->simpleQuery('INSERT INTO `pr...')
#3 C:\xampp\htdocs\presensi\system\Database\BaseBuilder.php(2325): CodeIgniter\Database\BaseConnection->query('INSERT INTO `pr...', Array, false)
#4 C:\xampp\htdocs\presensi\app\Models\ModelScanMasuk.php(26): CodeIgniter\Database\BaseBuilder->insert(Array)
#5 C:\xampp\htdocs\presensi\app\Controllers\PresensiMasuk.php(46): App\Models\ModelScanMasuk->InsertData(Array)
#6 C:\xampp\htdocs\presensi\system\CodeIgniter.php(933): App\Controllers\PresensiMasuk->SimpanData()
#7 C:\xampp\htdocs\presensi\system\CodeIgniter.php(509): CodeIgniter\CodeIgniter->runController(Object(App\Controllers\PresensiMasuk))
#8 C:\xampp\htdocs\presensi\system\CodeIgniter.php(355): CodeIgniter\CodeIgniter->handleRequest(NULL, Object(Config\Cache), false)
#9 C:\xampp\htdocs\presensi\system\Boot.php(312): CodeIgniter\CodeIgniter->run()
#10 C:\xampp\htdocs\presensi\system\Boot.php(67): CodeIgniter\Boot::runCodeIgniter(Object(CodeIgniter\CodeIgniter))
#11 C:\xampp\htdocs\presensi\public\index.php(56): CodeIgniter\Boot::bootWeb(Object(Config\Paths))
#12 {main}
CRITICAL - 2024-12-03 07:47:12 --> CodeIgniter\Database\Exceptions\DatabaseException: Table 'dbpresensi.presensi_masuk' doesn't exist
[Method: POST, Route: PresensiMasuk/SimpanData]
in SYSTEMPATH\Database\BaseConnection.php on line 676.
 1 SYSTEMPATH\Database\BaseBuilder.php(2325): CodeIgniter\Database\BaseConnection->query('INSERT INTO `presensi_masuk` (`nipd`) VALUES (:nipd:)', [...], false)
 2 APPPATH\Models\ModelScanMasuk.php(26): CodeIgniter\Database\BaseBuilder->insert([...])
 3 APPPATH\Controllers\PresensiMasuk.php(46): App\Models\ModelScanMasuk->InsertData([...])
 4 SYSTEMPATH\CodeIgniter.php(933): App\Controllers\PresensiMasuk->SimpanData()
 5 SYSTEMPATH\CodeIgniter.php(509): CodeIgniter\CodeIgniter->runController(Object(App\Controllers\PresensiMasuk))
 6 SYSTEMPATH\CodeIgniter.php(355): CodeIgniter\CodeIgniter->handleRequest(null, Object(Config\Cache), false)
 7 SYSTEMPATH\Boot.php(312): CodeIgniter\CodeIgniter->run()
 8 SYSTEMPATH\Boot.php(67): CodeIgniter\Boot::runCodeIgniter(Object(CodeIgniter\CodeIgniter))
 9 FCPATH\index.php(56): CodeIgniter\Boot::bootWeb(Object(Config\Paths))
CRITICAL - 2024-12-03 07:47:12 --> [Caused by] CodeIgniter\Database\Exceptions\DatabaseException: Table 'dbpresensi.presensi_masuk' doesn't exist
in SYSTEMPATH\Database\MySQLi\Connection.php on line 313.
 1 SYSTEMPATH\Database\BaseConnection.php(722): CodeIgniter\Database\MySQLi\Connection->execute('INSERT INTO `presensi_masuk` (`nipd`) VALUES (\'20\')')
 2 SYSTEMPATH\Database\BaseConnection.php(636): CodeIgniter\Database\BaseConnection->simpleQuery('INSERT INTO `presensi_masuk` (`nipd`) VALUES (\'20\')')
 3 SYSTEMPATH\Database\BaseBuilder.php(2325): CodeIgniter\Database\BaseConnection->query('INSERT INTO `presensi_masuk` (`nipd`) VALUES (:nipd:)', [...], false)
 4 APPPATH\Models\ModelScanMasuk.php(26): CodeIgniter\Database\BaseBuilder->insert([...])
 5 APPPATH\Controllers\PresensiMasuk.php(46): App\Models\ModelScanMasuk->InsertData([...])
 6 SYSTEMPATH\CodeIgniter.php(933): App\Controllers\PresensiMasuk->SimpanData()
 7 SYSTEMPATH\CodeIgniter.php(509): CodeIgniter\CodeIgniter->runController(Object(App\Controllers\PresensiMasuk))
 8 SYSTEMPATH\CodeIgniter.php(355): CodeIgniter\CodeIgniter->handleRequest(null, Object(Config\Cache), false)
 9 SYSTEMPATH\Boot.php(312): CodeIgniter\CodeIgniter->run()
10 SYSTEMPATH\Boot.php(67): CodeIgniter\Boot::runCodeIgniter(Object(CodeIgniter\CodeIgniter))
11 FCPATH\index.php(56): CodeIgniter\Boot::bootWeb(Object(Config\Paths))
CRITICAL - 2024-12-03 07:47:12 --> [Caused by] mysqli_sql_exception: Table 'dbpresensi.presensi_masuk' doesn't exist
in SYSTEMPATH\Database\MySQLi\Connection.php on line 308.
 1 SYSTEMPATH\Database\MySQLi\Connection.php(308): mysqli->query('INSERT INTO `presensi_masuk` (`nipd`) VALUES (\'20\')', 0)
 2 SYSTEMPATH\Database\BaseConnection.php(722): CodeIgniter\Database\MySQLi\Connection->execute('INSERT INTO `presensi_masuk` (`nipd`) VALUES (\'20\')')
 3 SYSTEMPATH\Database\BaseConnection.php(636): CodeIgniter\Database\BaseConnection->simpleQuery('INSERT INTO `presensi_masuk` (`nipd`) VALUES (\'20\')')
 4 SYSTEMPATH\Database\BaseBuilder.php(2325): CodeIgniter\Database\BaseConnection->query('INSERT INTO `presensi_masuk` (`nipd`) VALUES (:nipd:)', [...], false)
 5 APPPATH\Models\ModelScanMasuk.php(26): CodeIgniter\Database\BaseBuilder->insert([...])
 6 APPPATH\Controllers\PresensiMasuk.php(46): App\Models\ModelScanMasuk->InsertData([...])
 7 SYSTEMPATH\CodeIgniter.php(933): App\Controllers\PresensiMasuk->SimpanData()
 8 SYSTEMPATH\CodeIgniter.php(509): CodeIgniter\CodeIgniter->runController(Object(App\Controllers\PresensiMasuk))
 9 SYSTEMPATH\CodeIgniter.php(355): CodeIgniter\CodeIgniter->handleRequest(null, Object(Config\Cache), false)
10 SYSTEMPATH\Boot.php(312): CodeIgniter\CodeIgniter->run()
11 SYSTEMPATH\Boot.php(67): CodeIgniter\Boot::runCodeIgniter(Object(CodeIgniter\CodeIgniter))
12 FCPATH\index.php(56): CodeIgniter\Boot::bootWeb(Object(Config\Paths))
ERROR - 2024-12-03 07:50:13 --> mysqli_sql_exception: Column 'id_siswa' cannot be null in C:\xampp\htdocs\presensi\system\Database\MySQLi\Connection.php:308
Stack trace:
#0 C:\xampp\htdocs\presensi\system\Database\MySQLi\Connection.php(308): mysqli->query('INSERT INTO `pr...', 0)
#1 C:\xampp\htdocs\presensi\system\Database\BaseConnection.php(722): CodeIgniter\Database\MySQLi\Connection->execute('INSERT INTO `pr...')
#2 C:\xampp\htdocs\presensi\system\Database\BaseConnection.php(636): CodeIgniter\Database\BaseConnection->simpleQuery('INSERT INTO `pr...')
#3 C:\xampp\htdocs\presensi\system\Database\BaseBuilder.php(2325): CodeIgniter\Database\BaseConnection->query('INSERT INTO `pr...', Array, false)
#4 C:\xampp\htdocs\presensi\app\Models\ModelScanMasuk.php(26): CodeIgniter\Database\BaseBuilder->insert(Array)
#5 C:\xampp\htdocs\presensi\app\Controllers\PresensiMasuk.php(46): App\Models\ModelScanMasuk->InsertData(Array)
#6 C:\xampp\htdocs\presensi\system\CodeIgniter.php(933): App\Controllers\PresensiMasuk->SimpanData()
#7 C:\xampp\htdocs\presensi\system\CodeIgniter.php(509): CodeIgniter\CodeIgniter->runController(Object(App\Controllers\PresensiMasuk))
#8 C:\xampp\htdocs\presensi\system\CodeIgniter.php(355): CodeIgniter\CodeIgniter->handleRequest(NULL, Object(Config\Cache), false)
#9 C:\xampp\htdocs\presensi\system\Boot.php(312): CodeIgniter\CodeIgniter->run()
#10 C:\xampp\htdocs\presensi\system\Boot.php(67): CodeIgniter\Boot::runCodeIgniter(Object(CodeIgniter\CodeIgniter))
#11 C:\xampp\htdocs\presensi\public\index.php(56): CodeIgniter\Boot::bootWeb(Object(Config\Paths))
#12 {main}
CRITICAL - 2024-12-03 07:50:13 --> CodeIgniter\Database\Exceptions\DatabaseException: Column 'id_siswa' cannot be null
[Method: POST, Route: PresensiMasuk/SimpanData]
in SYSTEMPATH\Database\BaseConnection.php on line 676.
 1 SYSTEMPATH\Database\BaseBuilder.php(2325): CodeIgniter\Database\BaseConnection->query('INSERT INTO `presensi` (`id_siswa`) VALUES (:id_siswa:)', [...], false)
 2 APPPATH\Models\ModelScanMasuk.php(26): CodeIgniter\Database\BaseBuilder->insert([...])
 3 APPPATH\Controllers\PresensiMasuk.php(46): App\Models\ModelScanMasuk->InsertData([...])
 4 SYSTEMPATH\CodeIgniter.php(933): App\Controllers\PresensiMasuk->SimpanData()
 5 SYSTEMPATH\CodeIgniter.php(509): CodeIgniter\CodeIgniter->runController(Object(App\Controllers\PresensiMasuk))
 6 SYSTEMPATH\CodeIgniter.php(355): CodeIgniter\CodeIgniter->handleRequest(null, Object(Config\Cache), false)
 7 SYSTEMPATH\Boot.php(312): CodeIgniter\CodeIgniter->run()
 8 SYSTEMPATH\Boot.php(67): CodeIgniter\Boot::runCodeIgniter(Object(CodeIgniter\CodeIgniter))
 9 FCPATH\index.php(56): CodeIgniter\Boot::bootWeb(Object(Config\Paths))
CRITICAL - 2024-12-03 07:50:13 --> [Caused by] CodeIgniter\Database\Exceptions\DatabaseException: Column 'id_siswa' cannot be null
in SYSTEMPATH\Database\MySQLi\Connection.php on line 313.
 1 SYSTEMPATH\Database\BaseConnection.php(722): CodeIgniter\Database\MySQLi\Connection->execute('INSERT INTO `presensi` (`id_siswa`) VALUES (NULL)')
 2 SYSTEMPATH\Database\BaseConnection.php(636): CodeIgniter\Database\BaseConnection->simpleQuery('INSERT INTO `presensi` (`id_siswa`) VALUES (NULL)')
 3 SYSTEMPATH\Database\BaseBuilder.php(2325): CodeIgniter\Database\BaseConnection->query('INSERT INTO `presensi` (`id_siswa`) VALUES (:id_siswa:)', [...], false)
 4 APPPATH\Models\ModelScanMasuk.php(26): CodeIgniter\Database\BaseBuilder->insert([...])
 5 APPPATH\Controllers\PresensiMasuk.php(46): App\Models\ModelScanMasuk->InsertData([...])
 6 SYSTEMPATH\CodeIgniter.php(933): App\Controllers\PresensiMasuk->SimpanData()
 7 SYSTEMPATH\CodeIgniter.php(509): CodeIgniter\CodeIgniter->runController(Object(App\Controllers\PresensiMasuk))
 8 SYSTEMPATH\CodeIgniter.php(355): CodeIgniter\CodeIgniter->handleRequest(null, Object(Config\Cache), false)
 9 SYSTEMPATH\Boot.php(312): CodeIgniter\CodeIgniter->run()
10 SYSTEMPATH\Boot.php(67): CodeIgniter\Boot::runCodeIgniter(Object(CodeIgniter\CodeIgniter))
11 FCPATH\index.php(56): CodeIgniter\Boot::bootWeb(Object(Config\Paths))
CRITICAL - 2024-12-03 07:50:13 --> [Caused by] mysqli_sql_exception: Column 'id_siswa' cannot be null
in SYSTEMPATH\Database\MySQLi\Connection.php on line 308.
 1 SYSTEMPATH\Database\MySQLi\Connection.php(308): mysqli->query('INSERT INTO `presensi` (`id_siswa`) VALUES (NULL)', 0)
 2 SYSTEMPATH\Database\BaseConnection.php(722): CodeIgniter\Database\MySQLi\Connection->execute('INSERT INTO `presensi` (`id_siswa`) VALUES (NULL)')
 3 SYSTEMPATH\Database\BaseConnection.php(636): CodeIgniter\Database\BaseConnection->simpleQuery('INSERT INTO `presensi` (`id_siswa`) VALUES (NULL)')
 4 SYSTEMPATH\Database\BaseBuilder.php(2325): CodeIgniter\Database\BaseConnection->query('INSERT INTO `presensi` (`id_siswa`) VALUES (:id_siswa:)', [...], false)
 5 APPPATH\Models\ModelScanMasuk.php(26): CodeIgniter\Database\BaseBuilder->insert([...])
 6 APPPATH\Controllers\PresensiMasuk.php(46): App\Models\ModelScanMasuk->InsertData([...])
 7 SYSTEMPATH\CodeIgniter.php(933): App\Controllers\PresensiMasuk->SimpanData()
 8 SYSTEMPATH\CodeIgniter.php(509): CodeIgniter\CodeIgniter->runController(Object(App\Controllers\PresensiMasuk))
 9 SYSTEMPATH\CodeIgniter.php(355): CodeIgniter\CodeIgniter->handleRequest(null, Object(Config\Cache), false)
10 SYSTEMPATH\Boot.php(312): CodeIgniter\CodeIgniter->run()
11 SYSTEMPATH\Boot.php(67): CodeIgniter\Boot::runCodeIgniter(Object(CodeIgniter\CodeIgniter))
12 FCPATH\index.php(56): CodeIgniter\Boot::bootWeb(Object(Config\Paths))
CRITICAL - 2024-12-03 08:04:36 --> ErrorException: date_default_timezone_set(): Timezone ID 'Asia/Ambon' is invalid
[Method: POST, Route: PresensiMasuk/SimpanData]
in APPPATH\Controllers\PresensiMasuk.php on line 43.
 1 [internal function]: CodeIgniter\Debug\Exceptions->errorHandler(8, 'date_default_timezone_set(): Timezone ID \'Asia/Ambon\' is invalid', 'C:\\xampp\\htdocs\\presensi\\app\\Controllers\\PresensiMasuk.php', 43)
 2 APPPATH\Controllers\PresensiMasuk.php(43): date_default_timezone_set('Asia/Ambon')
 3 SYSTEMPATH\CodeIgniter.php(933): App\Controllers\PresensiMasuk->SimpanData()
 4 SYSTEMPATH\CodeIgniter.php(509): CodeIgniter\CodeIgniter->runController(Object(App\Controllers\PresensiMasuk))
 5 SYSTEMPATH\CodeIgniter.php(355): CodeIgniter\CodeIgniter->handleRequest(null, Object(Config\Cache), false)
 6 SYSTEMPATH\Boot.php(312): CodeIgniter\CodeIgniter->run()
 7 SYSTEMPATH\Boot.php(67): CodeIgniter\Boot::runCodeIgniter(Object(CodeIgniter\CodeIgniter))
 8 FCPATH\index.php(56): CodeIgniter\Boot::bootWeb(Object(Config\Paths))
