ERROR - 2024-11-01 22:26:47 --> mysqli_sql_exception: Table 'dbpresensi.tbl_presensi_masuk' doesn't exist in C:\xampp\htdocs\presensi\system\Database\MySQLi\Connection.php:308
Stack trace:
#0 C:\xampp\htdocs\presensi\system\Database\MySQLi\Connection.php(308): mysqli->query('UPDATE `tbl_pre...', 0)
#1 C:\xampp\htdocs\presensi\system\Database\BaseConnection.php(722): CodeIgniter\Database\MySQLi\Connection->execute('UPDATE `tbl_pre...')
#2 C:\xampp\htdocs\presensi\system\Database\BaseConnection.php(636): CodeIgniter\Database\BaseConnection->simpleQuery('UPDATE `tbl_pre...')
#3 C:\xampp\htdocs\presensi\system\Database\BaseBuilder.php(2497): CodeIgniter\Database\BaseConnection->query('UPDATE `tbl_pre...', Array, false)
#4 C:\xampp\htdocs\presensi\app\Models\ModelScanMasuk.php(26): CodeIgniter\Database\BaseBuilder->update(Array)
#5 C:\xampp\htdocs\presensi\app\Controllers\PresensiMasuk.php(36): App\Models\ModelScanMasuk->UpdateData(Array)
#6 C:\xampp\htdocs\presensi\system\CodeIgniter.php(933): App\Controllers\PresensiMasuk->SimpanData()
#7 C:\xampp\htdocs\presensi\system\CodeIgniter.php(509): CodeIgniter\CodeIgniter->runController(Object(App\Controllers\PresensiMasuk))
#8 C:\xampp\htdocs\presensi\system\CodeIgniter.php(355): CodeIgniter\CodeIgniter->handleRequest(NULL, Object(Config\Cache), false)
#9 C:\xampp\htdocs\presensi\system\Boot.php(312): CodeIgniter\CodeIgniter->run()
#10 C:\xampp\htdocs\presensi\system\Boot.php(67): CodeIgniter\Boot::runCodeIgniter(Object(CodeIgniter\CodeIgniter))
#11 C:\xampp\htdocs\presensi\public\index.php(56): CodeIgniter\Boot::bootWeb(Object(Config\Paths))
#12 {main}
ERROR - 2024-11-01 22:26:47 --> mysqli_sql_exception: Table 'dbpresensi.tbl_presensi_masuk' doesn't exist in C:\xampp\htdocs\presensi\system\Database\MySQLi\Connection.php:308
Stack trace:
#0 C:\xampp\htdocs\presensi\system\Database\MySQLi\Connection.php(308): mysqli->query('UPDATE `tbl_pre...', 0)
#1 C:\xampp\htdocs\presensi\system\Database\BaseConnection.php(722): CodeIgniter\Database\MySQLi\Connection->execute('UPDATE `tbl_pre...')
#2 C:\xampp\htdocs\presensi\system\Database\BaseConnection.php(636): CodeIgniter\Database\BaseConnection->simpleQuery('UPDATE `tbl_pre...')
#3 C:\xampp\htdocs\presensi\system\Database\BaseBuilder.php(2497): CodeIgniter\Database\BaseConnection->query('UPDATE `tbl_pre...', Array, false)
#4 C:\xampp\htdocs\presensi\app\Models\ModelScanMasuk.php(26): CodeIgniter\Database\BaseBuilder->update(Array)
#5 C:\xampp\htdocs\presensi\app\Controllers\PresensiMasuk.php(36): App\Models\ModelScanMasuk->UpdateData(Array)
#6 C:\xampp\htdocs\presensi\system\CodeIgniter.php(933): App\Controllers\PresensiMasuk->SimpanData()
#7 C:\xampp\htdocs\presensi\system\CodeIgniter.php(509): CodeIgniter\CodeIgniter->runController(Object(App\Controllers\PresensiMasuk))
#8 C:\xampp\htdocs\presensi\system\CodeIgniter.php(355): CodeIgniter\CodeIgniter->handleRequest(NULL, Object(Config\Cache), false)
#9 C:\xampp\htdocs\presensi\system\Boot.php(312): CodeIgniter\CodeIgniter->run()
#10 C:\xampp\htdocs\presensi\system\Boot.php(67): CodeIgniter\Boot::runCodeIgniter(Object(CodeIgniter\CodeIgniter))
#11 C:\xampp\htdocs\presensi\public\index.php(56): CodeIgniter\Boot::bootWeb(Object(Config\Paths))
#12 {main}
ERROR - 2024-11-01 22:26:47 --> mysqli_sql_exception: Table 'dbpresensi.tbl_presensi_masuk' doesn't exist in C:\xampp\htdocs\presensi\system\Database\MySQLi\Connection.php:308
Stack trace:
#0 C:\xampp\htdocs\presensi\system\Database\MySQLi\Connection.php(308): mysqli->query('UPDATE `tbl_pre...', 0)
#1 C:\xampp\htdocs\presensi\system\Database\BaseConnection.php(722): CodeIgniter\Database\MySQLi\Connection->execute('UPDATE `tbl_pre...')
#2 C:\xampp\htdocs\presensi\system\Database\BaseConnection.php(636): CodeIgniter\Database\BaseConnection->simpleQuery('UPDATE `tbl_pre...')
#3 C:\xampp\htdocs\presensi\system\Database\BaseBuilder.php(2497): CodeIgniter\Database\BaseConnection->query('UPDATE `tbl_pre...', Array, false)
#4 C:\xampp\htdocs\presensi\app\Models\ModelScanMasuk.php(26): CodeIgniter\Database\BaseBuilder->update(Array)
#5 C:\xampp\htdocs\presensi\app\Controllers\PresensiMasuk.php(36): App\Models\ModelScanMasuk->UpdateData(Array)
#6 C:\xampp\htdocs\presensi\system\CodeIgniter.php(933): App\Controllers\PresensiMasuk->SimpanData()
#7 C:\xampp\htdocs\presensi\system\CodeIgniter.php(509): CodeIgniter\CodeIgniter->runController(Object(App\Controllers\PresensiMasuk))
#8 C:\xampp\htdocs\presensi\system\CodeIgniter.php(355): CodeIgniter\CodeIgniter->handleRequest(NULL, Object(Config\Cache), false)
#9 C:\xampp\htdocs\presensi\system\Boot.php(312): CodeIgniter\CodeIgniter->run()
#10 C:\xampp\htdocs\presensi\system\Boot.php(67): CodeIgniter\Boot::runCodeIgniter(Object(CodeIgniter\CodeIgniter))
#11 C:\xampp\htdocs\presensi\public\index.php(56): CodeIgniter\Boot::bootWeb(Object(Config\Paths))
#12 {main}
CRITICAL - 2024-11-01 22:26:47 --> CodeIgniter\Database\Exceptions\DatabaseException: Table 'dbpresensi.tbl_presensi_masuk' doesn't exist
[Method: POST, Route: PresensiMasuk/SimpanData]
in SYSTEMPATH\Database\BaseConnection.php on line 676.
 1 SYSTEMPATH\Database\BaseBuilder.php(2497): CodeIgniter\Database\BaseConnection->query('UPDATE `tbl_presensi_masuk` SET `id_presensi_masuk` = :id_presensi_masuk:, `nipd` = :nipd:
WHERE `id_presensi_masuk` IS NULL', [...], false)
 2 APPPATH\Models\ModelScanMasuk.php(26): CodeIgniter\Database\BaseBuilder->update([...])
 3 APPPATH\Controllers\PresensiMasuk.php(36): App\Models\ModelScanMasuk->UpdateData([...])
 4 SYSTEMPATH\CodeIgniter.php(933): App\Controllers\PresensiMasuk->SimpanData()
 5 SYSTEMPATH\CodeIgniter.php(509): CodeIgniter\CodeIgniter->runController(Object(App\Controllers\PresensiMasuk))
 6 SYSTEMPATH\CodeIgniter.php(355): CodeIgniter\CodeIgniter->handleRequest(null, Object(Config\Cache), false)
 7 SYSTEMPATH\Boot.php(312): CodeIgniter\CodeIgniter->run()
 8 SYSTEMPATH\Boot.php(67): CodeIgniter\Boot::runCodeIgniter(Object(CodeIgniter\CodeIgniter))
 9 FCPATH\index.php(56): CodeIgniter\Boot::bootWeb(Object(Config\Paths))
CRITICAL - 2024-11-01 22:26:47 --> CodeIgniter\Database\Exceptions\DatabaseException: Table 'dbpresensi.tbl_presensi_masuk' doesn't exist
[Method: POST, Route: PresensiMasuk/SimpanData]
in SYSTEMPATH\Database\BaseConnection.php on line 676.
 1 SYSTEMPATH\Database\BaseBuilder.php(2497): CodeIgniter\Database\BaseConnection->query('UPDATE `tbl_presensi_masuk` SET `id_presensi_masuk` = :id_presensi_masuk:, `nipd` = :nipd:
WHERE `id_presensi_masuk` IS NULL', [...], false)
 2 APPPATH\Models\ModelScanMasuk.php(26): CodeIgniter\Database\BaseBuilder->update([...])
 3 APPPATH\Controllers\PresensiMasuk.php(36): App\Models\ModelScanMasuk->UpdateData([...])
 4 SYSTEMPATH\CodeIgniter.php(933): App\Controllers\PresensiMasuk->SimpanData()
 5 SYSTEMPATH\CodeIgniter.php(509): CodeIgniter\CodeIgniter->runController(Object(App\Controllers\PresensiMasuk))
 6 SYSTEMPATH\CodeIgniter.php(355): CodeIgniter\CodeIgniter->handleRequest(null, Object(Config\Cache), false)
 7 SYSTEMPATH\Boot.php(312): CodeIgniter\CodeIgniter->run()
 8 SYSTEMPATH\Boot.php(67): CodeIgniter\Boot::runCodeIgniter(Object(CodeIgniter\CodeIgniter))
 9 FCPATH\index.php(56): CodeIgniter\Boot::bootWeb(Object(Config\Paths))
CRITICAL - 2024-11-01 22:26:47 --> [Caused by] CodeIgniter\Database\Exceptions\DatabaseException: Table 'dbpresensi.tbl_presensi_masuk' doesn't exist
in SYSTEMPATH\Database\MySQLi\Connection.php on line 313.
 1 SYSTEMPATH\Database\BaseConnection.php(722): CodeIgniter\Database\MySQLi\Connection->execute('UPDATE `tbl_presensi_masuk` SET `id_presensi_masuk` = NULL, `nipd` = NULL
WHERE `id_presensi_masuk` IS NULL')
 2 SYSTEMPATH\Database\BaseConnection.php(636): CodeIgniter\Database\BaseConnection->simpleQuery('UPDATE `tbl_presensi_masuk` SET `id_presensi_masuk` = NULL, `nipd` = NULL
WHERE `id_presensi_masuk` IS NULL')
 3 SYSTEMPATH\Database\BaseBuilder.php(2497): CodeIgniter\Database\BaseConnection->query('UPDATE `tbl_presensi_masuk` SET `id_presensi_masuk` = :id_presensi_masuk:, `nipd` = :nipd:
WHERE `id_presensi_masuk` IS NULL', [...], false)
 4 APPPATH\Models\ModelScanMasuk.php(26): CodeIgniter\Database\BaseBuilder->update([...])
 5 APPPATH\Controllers\PresensiMasuk.php(36): App\Models\ModelScanMasuk->UpdateData([...])
 6 SYSTEMPATH\CodeIgniter.php(933): App\Controllers\PresensiMasuk->SimpanData()
 7 SYSTEMPATH\CodeIgniter.php(509): CodeIgniter\CodeIgniter->runController(Object(App\Controllers\PresensiMasuk))
 8 SYSTEMPATH\CodeIgniter.php(355): CodeIgniter\CodeIgniter->handleRequest(null, Object(Config\Cache), false)
 9 SYSTEMPATH\Boot.php(312): CodeIgniter\CodeIgniter->run()
10 SYSTEMPATH\Boot.php(67): CodeIgniter\Boot::runCodeIgniter(Object(CodeIgniter\CodeIgniter))
11 FCPATH\index.php(56): CodeIgniter\Boot::bootWeb(Object(Config\Paths))
CRITICAL - 2024-11-01 22:26:47 --> [Caused by] CodeIgniter\Database\Exceptions\DatabaseException: Table 'dbpresensi.tbl_presensi_masuk' doesn't exist
in SYSTEMPATH\Database\MySQLi\Connection.php on line 313.
 1 SYSTEMPATH\Database\BaseConnection.php(722): CodeIgniter\Database\MySQLi\Connection->execute('UPDATE `tbl_presensi_masuk` SET `id_presensi_masuk` = NULL, `nipd` = NULL
WHERE `id_presensi_masuk` IS NULL')
 2 SYSTEMPATH\Database\BaseConnection.php(636): CodeIgniter\Database\BaseConnection->simpleQuery('UPDATE `tbl_presensi_masuk` SET `id_presensi_masuk` = NULL, `nipd` = NULL
WHERE `id_presensi_masuk` IS NULL')
 3 SYSTEMPATH\Database\BaseBuilder.php(2497): CodeIgniter\Database\BaseConnection->query('UPDATE `tbl_presensi_masuk` SET `id_presensi_masuk` = :id_presensi_masuk:, `nipd` = :nipd:
WHERE `id_presensi_masuk` IS NULL', [...], false)
 4 APPPATH\Models\ModelScanMasuk.php(26): CodeIgniter\Database\BaseBuilder->update([...])
 5 APPPATH\Controllers\PresensiMasuk.php(36): App\Models\ModelScanMasuk->UpdateData([...])
 6 SYSTEMPATH\CodeIgniter.php(933): App\Controllers\PresensiMasuk->SimpanData()
 7 SYSTEMPATH\CodeIgniter.php(509): CodeIgniter\CodeIgniter->runController(Object(App\Controllers\PresensiMasuk))
 8 SYSTEMPATH\CodeIgniter.php(355): CodeIgniter\CodeIgniter->handleRequest(null, Object(Config\Cache), false)
 9 SYSTEMPATH\Boot.php(312): CodeIgniter\CodeIgniter->run()
10 SYSTEMPATH\Boot.php(67): CodeIgniter\Boot::runCodeIgniter(Object(CodeIgniter\CodeIgniter))
11 FCPATH\index.php(56): CodeIgniter\Boot::bootWeb(Object(Config\Paths))
CRITICAL - 2024-11-01 22:26:47 --> [Caused by] mysqli_sql_exception: Table 'dbpresensi.tbl_presensi_masuk' doesn't exist
in SYSTEMPATH\Database\MySQLi\Connection.php on line 308.
 1 SYSTEMPATH\Database\MySQLi\Connection.php(308): mysqli->query('UPDATE `tbl_presensi_masuk` SET `id_presensi_masuk` = NULL, `nipd` = NULL
WHERE `id_presensi_masuk` IS NULL', 0)
 2 SYSTEMPATH\Database\BaseConnection.php(722): CodeIgniter\Database\MySQLi\Connection->execute('UPDATE `tbl_presensi_masuk` SET `id_presensi_masuk` = NULL, `nipd` = NULL
WHERE `id_presensi_masuk` IS NULL')
 3 SYSTEMPATH\Database\BaseConnection.php(636): CodeIgniter\Database\BaseConnection->simpleQuery('UPDATE `tbl_presensi_masuk` SET `id_presensi_masuk` = NULL, `nipd` = NULL
WHERE `id_presensi_masuk` IS NULL')
 4 SYSTEMPATH\Database\BaseBuilder.php(2497): CodeIgniter\Database\BaseConnection->query('UPDATE `tbl_presensi_masuk` SET `id_presensi_masuk` = :id_presensi_masuk:, `nipd` = :nipd:
WHERE `id_presensi_masuk` IS NULL', [...], false)
 5 APPPATH\Models\ModelScanMasuk.php(26): CodeIgniter\Database\BaseBuilder->update([...])
 6 APPPATH\Controllers\PresensiMasuk.php(36): App\Models\ModelScanMasuk->UpdateData([...])
 7 SYSTEMPATH\CodeIgniter.php(933): App\Controllers\PresensiMasuk->SimpanData()
 8 SYSTEMPATH\CodeIgniter.php(509): CodeIgniter\CodeIgniter->runController(Object(App\Controllers\PresensiMasuk))
 9 SYSTEMPATH\CodeIgniter.php(355): CodeIgniter\CodeIgniter->handleRequest(null, Object(Config\Cache), false)
10 SYSTEMPATH\Boot.php(312): CodeIgniter\CodeIgniter->run()
11 SYSTEMPATH\Boot.php(67): CodeIgniter\Boot::runCodeIgniter(Object(CodeIgniter\CodeIgniter))
12 FCPATH\index.php(56): CodeIgniter\Boot::bootWeb(Object(Config\Paths))
CRITICAL - 2024-11-01 22:26:47 --> CodeIgniter\Database\Exceptions\DatabaseException: Table 'dbpresensi.tbl_presensi_masuk' doesn't exist
[Method: POST, Route: PresensiMasuk/SimpanData]
in SYSTEMPATH\Database\BaseConnection.php on line 676.
 1 SYSTEMPATH\Database\BaseBuilder.php(2497): CodeIgniter\Database\BaseConnection->query('UPDATE `tbl_presensi_masuk` SET `id_presensi_masuk` = :id_presensi_masuk:, `nipd` = :nipd:
WHERE `id_presensi_masuk` IS NULL', [...], false)
 2 APPPATH\Models\ModelScanMasuk.php(26): CodeIgniter\Database\BaseBuilder->update([...])
 3 APPPATH\Controllers\PresensiMasuk.php(36): App\Models\ModelScanMasuk->UpdateData([...])
 4 SYSTEMPATH\CodeIgniter.php(933): App\Controllers\PresensiMasuk->SimpanData()
 5 SYSTEMPATH\CodeIgniter.php(509): CodeIgniter\CodeIgniter->runController(Object(App\Controllers\PresensiMasuk))
 6 SYSTEMPATH\CodeIgniter.php(355): CodeIgniter\CodeIgniter->handleRequest(null, Object(Config\Cache), false)
 7 SYSTEMPATH\Boot.php(312): CodeIgniter\CodeIgniter->run()
 8 SYSTEMPATH\Boot.php(67): CodeIgniter\Boot::runCodeIgniter(Object(CodeIgniter\CodeIgniter))
 9 FCPATH\index.php(56): CodeIgniter\Boot::bootWeb(Object(Config\Paths))
CRITICAL - 2024-11-01 22:26:47 --> [Caused by] mysqli_sql_exception: Table 'dbpresensi.tbl_presensi_masuk' doesn't exist
in SYSTEMPATH\Database\MySQLi\Connection.php on line 308.
 1 SYSTEMPATH\Database\MySQLi\Connection.php(308): mysqli->query('UPDATE `tbl_presensi_masuk` SET `id_presensi_masuk` = NULL, `nipd` = NULL
WHERE `id_presensi_masuk` IS NULL', 0)
 2 SYSTEMPATH\Database\BaseConnection.php(722): CodeIgniter\Database\MySQLi\Connection->execute('UPDATE `tbl_presensi_masuk` SET `id_presensi_masuk` = NULL, `nipd` = NULL
WHERE `id_presensi_masuk` IS NULL')
 3 SYSTEMPATH\Database\BaseConnection.php(636): CodeIgniter\Database\BaseConnection->simpleQuery('UPDATE `tbl_presensi_masuk` SET `id_presensi_masuk` = NULL, `nipd` = NULL
WHERE `id_presensi_masuk` IS NULL')
 4 SYSTEMPATH\Database\BaseBuilder.php(2497): CodeIgniter\Database\BaseConnection->query('UPDATE `tbl_presensi_masuk` SET `id_presensi_masuk` = :id_presensi_masuk:, `nipd` = :nipd:
WHERE `id_presensi_masuk` IS NULL', [...], false)
 5 APPPATH\Models\ModelScanMasuk.php(26): CodeIgniter\Database\BaseBuilder->update([...])
 6 APPPATH\Controllers\PresensiMasuk.php(36): App\Models\ModelScanMasuk->UpdateData([...])
 7 SYSTEMPATH\CodeIgniter.php(933): App\Controllers\PresensiMasuk->SimpanData()
 8 SYSTEMPATH\CodeIgniter.php(509): CodeIgniter\CodeIgniter->runController(Object(App\Controllers\PresensiMasuk))
 9 SYSTEMPATH\CodeIgniter.php(355): CodeIgniter\CodeIgniter->handleRequest(null, Object(Config\Cache), false)
10 SYSTEMPATH\Boot.php(312): CodeIgniter\CodeIgniter->run()
11 SYSTEMPATH\Boot.php(67): CodeIgniter\Boot::runCodeIgniter(Object(CodeIgniter\CodeIgniter))
12 FCPATH\index.php(56): CodeIgniter\Boot::bootWeb(Object(Config\Paths))
CRITICAL - 2024-11-01 22:26:47 --> [Caused by] CodeIgniter\Database\Exceptions\DatabaseException: Table 'dbpresensi.tbl_presensi_masuk' doesn't exist
in SYSTEMPATH\Database\MySQLi\Connection.php on line 313.
 1 SYSTEMPATH\Database\BaseConnection.php(722): CodeIgniter\Database\MySQLi\Connection->execute('UPDATE `tbl_presensi_masuk` SET `id_presensi_masuk` = NULL, `nipd` = NULL
WHERE `id_presensi_masuk` IS NULL')
 2 SYSTEMPATH\Database\BaseConnection.php(636): CodeIgniter\Database\BaseConnection->simpleQuery('UPDATE `tbl_presensi_masuk` SET `id_presensi_masuk` = NULL, `nipd` = NULL
WHERE `id_presensi_masuk` IS NULL')
 3 SYSTEMPATH\Database\BaseBuilder.php(2497): CodeIgniter\Database\BaseConnection->query('UPDATE `tbl_presensi_masuk` SET `id_presensi_masuk` = :id_presensi_masuk:, `nipd` = :nipd:
WHERE `id_presensi_masuk` IS NULL', [...], false)
 4 APPPATH\Models\ModelScanMasuk.php(26): CodeIgniter\Database\BaseBuilder->update([...])
 5 APPPATH\Controllers\PresensiMasuk.php(36): App\Models\ModelScanMasuk->UpdateData([...])
 6 SYSTEMPATH\CodeIgniter.php(933): App\Controllers\PresensiMasuk->SimpanData()
 7 SYSTEMPATH\CodeIgniter.php(509): CodeIgniter\CodeIgniter->runController(Object(App\Controllers\PresensiMasuk))
 8 SYSTEMPATH\CodeIgniter.php(355): CodeIgniter\CodeIgniter->handleRequest(null, Object(Config\Cache), false)
 9 SYSTEMPATH\Boot.php(312): CodeIgniter\CodeIgniter->run()
10 SYSTEMPATH\Boot.php(67): CodeIgniter\Boot::runCodeIgniter(Object(CodeIgniter\CodeIgniter))
11 FCPATH\index.php(56): CodeIgniter\Boot::bootWeb(Object(Config\Paths))
CRITICAL - 2024-11-01 22:26:47 --> [Caused by] mysqli_sql_exception: Table 'dbpresensi.tbl_presensi_masuk' doesn't exist
in SYSTEMPATH\Database\MySQLi\Connection.php on line 308.
 1 SYSTEMPATH\Database\MySQLi\Connection.php(308): mysqli->query('UPDATE `tbl_presensi_masuk` SET `id_presensi_masuk` = NULL, `nipd` = NULL
WHERE `id_presensi_masuk` IS NULL', 0)
 2 SYSTEMPATH\Database\BaseConnection.php(722): CodeIgniter\Database\MySQLi\Connection->execute('UPDATE `tbl_presensi_masuk` SET `id_presensi_masuk` = NULL, `nipd` = NULL
WHERE `id_presensi_masuk` IS NULL')
 3 SYSTEMPATH\Database\BaseConnection.php(636): CodeIgniter\Database\BaseConnection->simpleQuery('UPDATE `tbl_presensi_masuk` SET `id_presensi_masuk` = NULL, `nipd` = NULL
WHERE `id_presensi_masuk` IS NULL')
 4 SYSTEMPATH\Database\BaseBuilder.php(2497): CodeIgniter\Database\BaseConnection->query('UPDATE `tbl_presensi_masuk` SET `id_presensi_masuk` = :id_presensi_masuk:, `nipd` = :nipd:
WHERE `id_presensi_masuk` IS NULL', [...], false)
 5 APPPATH\Models\ModelScanMasuk.php(26): CodeIgniter\Database\BaseBuilder->update([...])
 6 APPPATH\Controllers\PresensiMasuk.php(36): App\Models\ModelScanMasuk->UpdateData([...])
 7 SYSTEMPATH\CodeIgniter.php(933): App\Controllers\PresensiMasuk->SimpanData()
 8 SYSTEMPATH\CodeIgniter.php(509): CodeIgniter\CodeIgniter->runController(Object(App\Controllers\PresensiMasuk))
 9 SYSTEMPATH\CodeIgniter.php(355): CodeIgniter\CodeIgniter->handleRequest(null, Object(Config\Cache), false)
10 SYSTEMPATH\Boot.php(312): CodeIgniter\CodeIgniter->run()
11 SYSTEMPATH\Boot.php(67): CodeIgniter\Boot::runCodeIgniter(Object(CodeIgniter\CodeIgniter))
12 FCPATH\index.php(56): CodeIgniter\Boot::bootWeb(Object(Config\Paths))
ERROR - 2024-11-01 22:29:02 --> mysqli_sql_exception: Table 'dbpresensi.tbl_presensi_masuk' doesn't exist in C:\xampp\htdocs\presensi\system\Database\MySQLi\Connection.php:308
Stack trace:
#0 C:\xampp\htdocs\presensi\system\Database\MySQLi\Connection.php(308): mysqli->query('UPDATE `tbl_pre...', 0)
#1 C:\xampp\htdocs\presensi\system\Database\BaseConnection.php(722): CodeIgniter\Database\MySQLi\Connection->execute('UPDATE `tbl_pre...')
#2 C:\xampp\htdocs\presensi\system\Database\BaseConnection.php(636): CodeIgniter\Database\BaseConnection->simpleQuery('UPDATE `tbl_pre...')
#3 C:\xampp\htdocs\presensi\system\Database\BaseBuilder.php(2497): CodeIgniter\Database\BaseConnection->query('UPDATE `tbl_pre...', Array, false)
#4 C:\xampp\htdocs\presensi\app\Models\ModelScanMasuk.php(26): CodeIgniter\Database\BaseBuilder->update(Array)
#5 C:\xampp\htdocs\presensi\app\Controllers\PresensiMasuk.php(34): App\Models\ModelScanMasuk->UpdateData(Array)
#6 C:\xampp\htdocs\presensi\system\CodeIgniter.php(933): App\Controllers\PresensiMasuk->SimpanData()
#7 C:\xampp\htdocs\presensi\system\CodeIgniter.php(509): CodeIgniter\CodeIgniter->runController(Object(App\Controllers\PresensiMasuk))
#8 C:\xampp\htdocs\presensi\system\CodeIgniter.php(355): CodeIgniter\CodeIgniter->handleRequest(NULL, Object(Config\Cache), false)
#9 C:\xampp\htdocs\presensi\system\Boot.php(312): CodeIgniter\CodeIgniter->run()
#10 C:\xampp\htdocs\presensi\system\Boot.php(67): CodeIgniter\Boot::runCodeIgniter(Object(CodeIgniter\CodeIgniter))
#11 C:\xampp\htdocs\presensi\public\index.php(56): CodeIgniter\Boot::bootWeb(Object(Config\Paths))
#12 {main}
CRITICAL - 2024-11-01 22:29:02 --> CodeIgniter\Database\Exceptions\DatabaseException: Table 'dbpresensi.tbl_presensi_masuk' doesn't exist
[Method: POST, Route: PresensiMasuk/SimpanData]
in SYSTEMPATH\Database\BaseConnection.php on line 676.
 1 SYSTEMPATH\Database\BaseBuilder.php(2497): CodeIgniter\Database\BaseConnection->query('UPDATE `tbl_presensi_masuk` SET `id_presensi_masuk` = :id_presensi_masuk:, `nipd` = :nipd:
WHERE `id_presensi_masuk` IS NULL', [...], false)
 2 APPPATH\Models\ModelScanMasuk.php(26): CodeIgniter\Database\BaseBuilder->update([...])
 3 APPPATH\Controllers\PresensiMasuk.php(34): App\Models\ModelScanMasuk->UpdateData([...])
 4 SYSTEMPATH\CodeIgniter.php(933): App\Controllers\PresensiMasuk->SimpanData()
 5 SYSTEMPATH\CodeIgniter.php(509): CodeIgniter\CodeIgniter->runController(Object(App\Controllers\PresensiMasuk))
 6 SYSTEMPATH\CodeIgniter.php(355): CodeIgniter\CodeIgniter->handleRequest(null, Object(Config\Cache), false)
 7 SYSTEMPATH\Boot.php(312): CodeIgniter\CodeIgniter->run()
 8 SYSTEMPATH\Boot.php(67): CodeIgniter\Boot::runCodeIgniter(Object(CodeIgniter\CodeIgniter))
 9 FCPATH\index.php(56): CodeIgniter\Boot::bootWeb(Object(Config\Paths))
CRITICAL - 2024-11-01 22:29:02 --> [Caused by] CodeIgniter\Database\Exceptions\DatabaseException: Table 'dbpresensi.tbl_presensi_masuk' doesn't exist
in SYSTEMPATH\Database\MySQLi\Connection.php on line 313.
 1 SYSTEMPATH\Database\BaseConnection.php(722): CodeIgniter\Database\MySQLi\Connection->execute('UPDATE `tbl_presensi_masuk` SET `id_presensi_masuk` = NULL, `nipd` = NULL
WHERE `id_presensi_masuk` IS NULL')
 2 SYSTEMPATH\Database\BaseConnection.php(636): CodeIgniter\Database\BaseConnection->simpleQuery('UPDATE `tbl_presensi_masuk` SET `id_presensi_masuk` = NULL, `nipd` = NULL
WHERE `id_presensi_masuk` IS NULL')
 3 SYSTEMPATH\Database\BaseBuilder.php(2497): CodeIgniter\Database\BaseConnection->query('UPDATE `tbl_presensi_masuk` SET `id_presensi_masuk` = :id_presensi_masuk:, `nipd` = :nipd:
WHERE `id_presensi_masuk` IS NULL', [...], false)
 4 APPPATH\Models\ModelScanMasuk.php(26): CodeIgniter\Database\BaseBuilder->update([...])
 5 APPPATH\Controllers\PresensiMasuk.php(34): App\Models\ModelScanMasuk->UpdateData([...])
 6 SYSTEMPATH\CodeIgniter.php(933): App\Controllers\PresensiMasuk->SimpanData()
 7 SYSTEMPATH\CodeIgniter.php(509): CodeIgniter\CodeIgniter->runController(Object(App\Controllers\PresensiMasuk))
 8 SYSTEMPATH\CodeIgniter.php(355): CodeIgniter\CodeIgniter->handleRequest(null, Object(Config\Cache), false)
 9 SYSTEMPATH\Boot.php(312): CodeIgniter\CodeIgniter->run()
10 SYSTEMPATH\Boot.php(67): CodeIgniter\Boot::runCodeIgniter(Object(CodeIgniter\CodeIgniter))
11 FCPATH\index.php(56): CodeIgniter\Boot::bootWeb(Object(Config\Paths))
CRITICAL - 2024-11-01 22:29:02 --> [Caused by] mysqli_sql_exception: Table 'dbpresensi.tbl_presensi_masuk' doesn't exist
in SYSTEMPATH\Database\MySQLi\Connection.php on line 308.
 1 SYSTEMPATH\Database\MySQLi\Connection.php(308): mysqli->query('UPDATE `tbl_presensi_masuk` SET `id_presensi_masuk` = NULL, `nipd` = NULL
WHERE `id_presensi_masuk` IS NULL', 0)
 2 SYSTEMPATH\Database\BaseConnection.php(722): CodeIgniter\Database\MySQLi\Connection->execute('UPDATE `tbl_presensi_masuk` SET `id_presensi_masuk` = NULL, `nipd` = NULL
WHERE `id_presensi_masuk` IS NULL')
 3 SYSTEMPATH\Database\BaseConnection.php(636): CodeIgniter\Database\BaseConnection->simpleQuery('UPDATE `tbl_presensi_masuk` SET `id_presensi_masuk` = NULL, `nipd` = NULL
WHERE `id_presensi_masuk` IS NULL')
 4 SYSTEMPATH\Database\BaseBuilder.php(2497): CodeIgniter\Database\BaseConnection->query('UPDATE `tbl_presensi_masuk` SET `id_presensi_masuk` = :id_presensi_masuk:, `nipd` = :nipd:
WHERE `id_presensi_masuk` IS NULL', [...], false)
 5 APPPATH\Models\ModelScanMasuk.php(26): CodeIgniter\Database\BaseBuilder->update([...])
 6 APPPATH\Controllers\PresensiMasuk.php(34): App\Models\ModelScanMasuk->UpdateData([...])
 7 SYSTEMPATH\CodeIgniter.php(933): App\Controllers\PresensiMasuk->SimpanData()
 8 SYSTEMPATH\CodeIgniter.php(509): CodeIgniter\CodeIgniter->runController(Object(App\Controllers\PresensiMasuk))
 9 SYSTEMPATH\CodeIgniter.php(355): CodeIgniter\CodeIgniter->handleRequest(null, Object(Config\Cache), false)
10 SYSTEMPATH\Boot.php(312): CodeIgniter\CodeIgniter->run()
11 SYSTEMPATH\Boot.php(67): CodeIgniter\Boot::runCodeIgniter(Object(CodeIgniter\CodeIgniter))
12 FCPATH\index.php(56): CodeIgniter\Boot::bootWeb(Object(Config\Paths))
ERROR - 2024-11-01 22:29:02 --> mysqli_sql_exception: Table 'dbpresensi.tbl_presensi_masuk' doesn't exist in C:\xampp\htdocs\presensi\system\Database\MySQLi\Connection.php:308
Stack trace:
#0 C:\xampp\htdocs\presensi\system\Database\MySQLi\Connection.php(308): mysqli->query('UPDATE `tbl_pre...', 0)
#1 C:\xampp\htdocs\presensi\system\Database\BaseConnection.php(722): CodeIgniter\Database\MySQLi\Connection->execute('UPDATE `tbl_pre...')
#2 C:\xampp\htdocs\presensi\system\Database\BaseConnection.php(636): CodeIgniter\Database\BaseConnection->simpleQuery('UPDATE `tbl_pre...')
#3 C:\xampp\htdocs\presensi\system\Database\BaseBuilder.php(2497): CodeIgniter\Database\BaseConnection->query('UPDATE `tbl_pre...', Array, false)
#4 C:\xampp\htdocs\presensi\app\Models\ModelScanMasuk.php(26): CodeIgniter\Database\BaseBuilder->update(Array)
#5 C:\xampp\htdocs\presensi\app\Controllers\PresensiMasuk.php(34): App\Models\ModelScanMasuk->UpdateData(Array)
#6 C:\xampp\htdocs\presensi\system\CodeIgniter.php(933): App\Controllers\PresensiMasuk->SimpanData()
#7 C:\xampp\htdocs\presensi\system\CodeIgniter.php(509): CodeIgniter\CodeIgniter->runController(Object(App\Controllers\PresensiMasuk))
#8 C:\xampp\htdocs\presensi\system\CodeIgniter.php(355): CodeIgniter\CodeIgniter->handleRequest(NULL, Object(Config\Cache), false)
#9 C:\xampp\htdocs\presensi\system\Boot.php(312): CodeIgniter\CodeIgniter->run()
#10 C:\xampp\htdocs\presensi\system\Boot.php(67): CodeIgniter\Boot::runCodeIgniter(Object(CodeIgniter\CodeIgniter))
#11 C:\xampp\htdocs\presensi\public\index.php(56): CodeIgniter\Boot::bootWeb(Object(Config\Paths))
#12 {main}
CRITICAL - 2024-11-01 22:29:02 --> CodeIgniter\Database\Exceptions\DatabaseException: Table 'dbpresensi.tbl_presensi_masuk' doesn't exist
[Method: POST, Route: PresensiMasuk/SimpanData]
in SYSTEMPATH\Database\BaseConnection.php on line 676.
 1 SYSTEMPATH\Database\BaseBuilder.php(2497): CodeIgniter\Database\BaseConnection->query('UPDATE `tbl_presensi_masuk` SET `id_presensi_masuk` = :id_presensi_masuk:, `nipd` = :nipd:
WHERE `id_presensi_masuk` IS NULL', [...], false)
 2 APPPATH\Models\ModelScanMasuk.php(26): CodeIgniter\Database\BaseBuilder->update([...])
 3 APPPATH\Controllers\PresensiMasuk.php(34): App\Models\ModelScanMasuk->UpdateData([...])
 4 SYSTEMPATH\CodeIgniter.php(933): App\Controllers\PresensiMasuk->SimpanData()
 5 SYSTEMPATH\CodeIgniter.php(509): CodeIgniter\CodeIgniter->runController(Object(App\Controllers\PresensiMasuk))
 6 SYSTEMPATH\CodeIgniter.php(355): CodeIgniter\CodeIgniter->handleRequest(null, Object(Config\Cache), false)
 7 SYSTEMPATH\Boot.php(312): CodeIgniter\CodeIgniter->run()
 8 SYSTEMPATH\Boot.php(67): CodeIgniter\Boot::runCodeIgniter(Object(CodeIgniter\CodeIgniter))
 9 FCPATH\index.php(56): CodeIgniter\Boot::bootWeb(Object(Config\Paths))
CRITICAL - 2024-11-01 22:29:02 --> [Caused by] CodeIgniter\Database\Exceptions\DatabaseException: Table 'dbpresensi.tbl_presensi_masuk' doesn't exist
in SYSTEMPATH\Database\MySQLi\Connection.php on line 313.
 1 SYSTEMPATH\Database\BaseConnection.php(722): CodeIgniter\Database\MySQLi\Connection->execute('UPDATE `tbl_presensi_masuk` SET `id_presensi_masuk` = NULL, `nipd` = NULL
WHERE `id_presensi_masuk` IS NULL')
 2 SYSTEMPATH\Database\BaseConnection.php(636): CodeIgniter\Database\BaseConnection->simpleQuery('UPDATE `tbl_presensi_masuk` SET `id_presensi_masuk` = NULL, `nipd` = NULL
WHERE `id_presensi_masuk` IS NULL')
 3 SYSTEMPATH\Database\BaseBuilder.php(2497): CodeIgniter\Database\BaseConnection->query('UPDATE `tbl_presensi_masuk` SET `id_presensi_masuk` = :id_presensi_masuk:, `nipd` = :nipd:
WHERE `id_presensi_masuk` IS NULL', [...], false)
 4 APPPATH\Models\ModelScanMasuk.php(26): CodeIgniter\Database\BaseBuilder->update([...])
 5 APPPATH\Controllers\PresensiMasuk.php(34): App\Models\ModelScanMasuk->UpdateData([...])
 6 SYSTEMPATH\CodeIgniter.php(933): App\Controllers\PresensiMasuk->SimpanData()
 7 SYSTEMPATH\CodeIgniter.php(509): CodeIgniter\CodeIgniter->runController(Object(App\Controllers\PresensiMasuk))
 8 SYSTEMPATH\CodeIgniter.php(355): CodeIgniter\CodeIgniter->handleRequest(null, Object(Config\Cache), false)
 9 SYSTEMPATH\Boot.php(312): CodeIgniter\CodeIgniter->run()
10 SYSTEMPATH\Boot.php(67): CodeIgniter\Boot::runCodeIgniter(Object(CodeIgniter\CodeIgniter))
11 FCPATH\index.php(56): CodeIgniter\Boot::bootWeb(Object(Config\Paths))
CRITICAL - 2024-11-01 22:29:02 --> [Caused by] mysqli_sql_exception: Table 'dbpresensi.tbl_presensi_masuk' doesn't exist
in SYSTEMPATH\Database\MySQLi\Connection.php on line 308.
 1 SYSTEMPATH\Database\MySQLi\Connection.php(308): mysqli->query('UPDATE `tbl_presensi_masuk` SET `id_presensi_masuk` = NULL, `nipd` = NULL
WHERE `id_presensi_masuk` IS NULL', 0)
 2 SYSTEMPATH\Database\BaseConnection.php(722): CodeIgniter\Database\MySQLi\Connection->execute('UPDATE `tbl_presensi_masuk` SET `id_presensi_masuk` = NULL, `nipd` = NULL
WHERE `id_presensi_masuk` IS NULL')
 3 SYSTEMPATH\Database\BaseConnection.php(636): CodeIgniter\Database\BaseConnection->simpleQuery('UPDATE `tbl_presensi_masuk` SET `id_presensi_masuk` = NULL, `nipd` = NULL
WHERE `id_presensi_masuk` IS NULL')
 4 SYSTEMPATH\Database\BaseBuilder.php(2497): CodeIgniter\Database\BaseConnection->query('UPDATE `tbl_presensi_masuk` SET `id_presensi_masuk` = :id_presensi_masuk:, `nipd` = :nipd:
WHERE `id_presensi_masuk` IS NULL', [...], false)
 5 APPPATH\Models\ModelScanMasuk.php(26): CodeIgniter\Database\BaseBuilder->update([...])
 6 APPPATH\Controllers\PresensiMasuk.php(34): App\Models\ModelScanMasuk->UpdateData([...])
 7 SYSTEMPATH\CodeIgniter.php(933): App\Controllers\PresensiMasuk->SimpanData()
 8 SYSTEMPATH\CodeIgniter.php(509): CodeIgniter\CodeIgniter->runController(Object(App\Controllers\PresensiMasuk))
 9 SYSTEMPATH\CodeIgniter.php(355): CodeIgniter\CodeIgniter->handleRequest(null, Object(Config\Cache), false)
10 SYSTEMPATH\Boot.php(312): CodeIgniter\CodeIgniter->run()
11 SYSTEMPATH\Boot.php(67): CodeIgniter\Boot::runCodeIgniter(Object(CodeIgniter\CodeIgniter))
12 FCPATH\index.php(56): CodeIgniter\Boot::bootWeb(Object(Config\Paths))
ERROR - 2024-11-01 22:29:03 --> mysqli_sql_exception: Table 'dbpresensi.tbl_presensi_masuk' doesn't exist in C:\xampp\htdocs\presensi\system\Database\MySQLi\Connection.php:308
Stack trace:
#0 C:\xampp\htdocs\presensi\system\Database\MySQLi\Connection.php(308): mysqli->query('UPDATE `tbl_pre...', 0)
#1 C:\xampp\htdocs\presensi\system\Database\BaseConnection.php(722): CodeIgniter\Database\MySQLi\Connection->execute('UPDATE `tbl_pre...')
#2 C:\xampp\htdocs\presensi\system\Database\BaseConnection.php(636): CodeIgniter\Database\BaseConnection->simpleQuery('UPDATE `tbl_pre...')
#3 C:\xampp\htdocs\presensi\system\Database\BaseBuilder.php(2497): CodeIgniter\Database\BaseConnection->query('UPDATE `tbl_pre...', Array, false)
#4 C:\xampp\htdocs\presensi\app\Models\ModelScanMasuk.php(26): CodeIgniter\Database\BaseBuilder->update(Array)
#5 C:\xampp\htdocs\presensi\app\Controllers\PresensiMasuk.php(34): App\Models\ModelScanMasuk->UpdateData(Array)
#6 C:\xampp\htdocs\presensi\system\CodeIgniter.php(933): App\Controllers\PresensiMasuk->SimpanData()
#7 C:\xampp\htdocs\presensi\system\CodeIgniter.php(509): CodeIgniter\CodeIgniter->runController(Object(App\Controllers\PresensiMasuk))
#8 C:\xampp\htdocs\presensi\system\CodeIgniter.php(355): CodeIgniter\CodeIgniter->handleRequest(NULL, Object(Config\Cache), false)
#9 C:\xampp\htdocs\presensi\system\Boot.php(312): CodeIgniter\CodeIgniter->run()
#10 C:\xampp\htdocs\presensi\system\Boot.php(67): CodeIgniter\Boot::runCodeIgniter(Object(CodeIgniter\CodeIgniter))
#11 C:\xampp\htdocs\presensi\public\index.php(56): CodeIgniter\Boot::bootWeb(Object(Config\Paths))
#12 {main}
CRITICAL - 2024-11-01 22:29:03 --> CodeIgniter\Database\Exceptions\DatabaseException: Table 'dbpresensi.tbl_presensi_masuk' doesn't exist
[Method: POST, Route: PresensiMasuk/SimpanData]
in SYSTEMPATH\Database\BaseConnection.php on line 676.
 1 SYSTEMPATH\Database\BaseBuilder.php(2497): CodeIgniter\Database\BaseConnection->query('UPDATE `tbl_presensi_masuk` SET `id_presensi_masuk` = :id_presensi_masuk:, `nipd` = :nipd:
WHERE `id_presensi_masuk` IS NULL', [...], false)
 2 APPPATH\Models\ModelScanMasuk.php(26): CodeIgniter\Database\BaseBuilder->update([...])
 3 APPPATH\Controllers\PresensiMasuk.php(34): App\Models\ModelScanMasuk->UpdateData([...])
 4 SYSTEMPATH\CodeIgniter.php(933): App\Controllers\PresensiMasuk->SimpanData()
 5 SYSTEMPATH\CodeIgniter.php(509): CodeIgniter\CodeIgniter->runController(Object(App\Controllers\PresensiMasuk))
 6 SYSTEMPATH\CodeIgniter.php(355): CodeIgniter\CodeIgniter->handleRequest(null, Object(Config\Cache), false)
 7 SYSTEMPATH\Boot.php(312): CodeIgniter\CodeIgniter->run()
 8 SYSTEMPATH\Boot.php(67): CodeIgniter\Boot::runCodeIgniter(Object(CodeIgniter\CodeIgniter))
 9 FCPATH\index.php(56): CodeIgniter\Boot::bootWeb(Object(Config\Paths))
CRITICAL - 2024-11-01 22:29:03 --> [Caused by] CodeIgniter\Database\Exceptions\DatabaseException: Table 'dbpresensi.tbl_presensi_masuk' doesn't exist
in SYSTEMPATH\Database\MySQLi\Connection.php on line 313.
 1 SYSTEMPATH\Database\BaseConnection.php(722): CodeIgniter\Database\MySQLi\Connection->execute('UPDATE `tbl_presensi_masuk` SET `id_presensi_masuk` = NULL, `nipd` = NULL
WHERE `id_presensi_masuk` IS NULL')
 2 SYSTEMPATH\Database\BaseConnection.php(636): CodeIgniter\Database\BaseConnection->simpleQuery('UPDATE `tbl_presensi_masuk` SET `id_presensi_masuk` = NULL, `nipd` = NULL
WHERE `id_presensi_masuk` IS NULL')
 3 SYSTEMPATH\Database\BaseBuilder.php(2497): CodeIgniter\Database\BaseConnection->query('UPDATE `tbl_presensi_masuk` SET `id_presensi_masuk` = :id_presensi_masuk:, `nipd` = :nipd:
WHERE `id_presensi_masuk` IS NULL', [...], false)
 4 APPPATH\Models\ModelScanMasuk.php(26): CodeIgniter\Database\BaseBuilder->update([...])
 5 APPPATH\Controllers\PresensiMasuk.php(34): App\Models\ModelScanMasuk->UpdateData([...])
 6 SYSTEMPATH\CodeIgniter.php(933): App\Controllers\PresensiMasuk->SimpanData()
 7 SYSTEMPATH\CodeIgniter.php(509): CodeIgniter\CodeIgniter->runController(Object(App\Controllers\PresensiMasuk))
 8 SYSTEMPATH\CodeIgniter.php(355): CodeIgniter\CodeIgniter->handleRequest(null, Object(Config\Cache), false)
 9 SYSTEMPATH\Boot.php(312): CodeIgniter\CodeIgniter->run()
10 SYSTEMPATH\Boot.php(67): CodeIgniter\Boot::runCodeIgniter(Object(CodeIgniter\CodeIgniter))
11 FCPATH\index.php(56): CodeIgniter\Boot::bootWeb(Object(Config\Paths))
CRITICAL - 2024-11-01 22:29:03 --> [Caused by] mysqli_sql_exception: Table 'dbpresensi.tbl_presensi_masuk' doesn't exist
in SYSTEMPATH\Database\MySQLi\Connection.php on line 308.
 1 SYSTEMPATH\Database\MySQLi\Connection.php(308): mysqli->query('UPDATE `tbl_presensi_masuk` SET `id_presensi_masuk` = NULL, `nipd` = NULL
WHERE `id_presensi_masuk` IS NULL', 0)
 2 SYSTEMPATH\Database\BaseConnection.php(722): CodeIgniter\Database\MySQLi\Connection->execute('UPDATE `tbl_presensi_masuk` SET `id_presensi_masuk` = NULL, `nipd` = NULL
WHERE `id_presensi_masuk` IS NULL')
 3 SYSTEMPATH\Database\BaseConnection.php(636): CodeIgniter\Database\BaseConnection->simpleQuery('UPDATE `tbl_presensi_masuk` SET `id_presensi_masuk` = NULL, `nipd` = NULL
WHERE `id_presensi_masuk` IS NULL')
 4 SYSTEMPATH\Database\BaseBuilder.php(2497): CodeIgniter\Database\BaseConnection->query('UPDATE `tbl_presensi_masuk` SET `id_presensi_masuk` = :id_presensi_masuk:, `nipd` = :nipd:
WHERE `id_presensi_masuk` IS NULL', [...], false)
 5 APPPATH\Models\ModelScanMasuk.php(26): CodeIgniter\Database\BaseBuilder->update([...])
 6 APPPATH\Controllers\PresensiMasuk.php(34): App\Models\ModelScanMasuk->UpdateData([...])
 7 SYSTEMPATH\CodeIgniter.php(933): App\Controllers\PresensiMasuk->SimpanData()
 8 SYSTEMPATH\CodeIgniter.php(509): CodeIgniter\CodeIgniter->runController(Object(App\Controllers\PresensiMasuk))
 9 SYSTEMPATH\CodeIgniter.php(355): CodeIgniter\CodeIgniter->handleRequest(null, Object(Config\Cache), false)
10 SYSTEMPATH\Boot.php(312): CodeIgniter\CodeIgniter->run()
11 SYSTEMPATH\Boot.php(67): CodeIgniter\Boot::runCodeIgniter(Object(CodeIgniter\CodeIgniter))
12 FCPATH\index.php(56): CodeIgniter\Boot::bootWeb(Object(Config\Paths))
CRITICAL - 2024-11-01 22:30:17 --> ErrorException: Undefined array key "id_presensi_masuk"
[Method: POST, Route: PresensiMasuk/SimpanData]
in APPPATH\Models\ModelScanMasuk.php on line 25.
 1 APPPATH\Models\ModelScanMasuk.php(25): CodeIgniter\Debug\Exceptions->errorHandler(2, 'Undefined array key "id_presensi_masuk"', 'C:\\xampp\\htdocs\\presensi\\app\\Models\\ModelScanMasuk.php', 25)
 2 APPPATH\Controllers\PresensiMasuk.php(34): App\Models\ModelScanMasuk->UpdateData([...])
 3 SYSTEMPATH\CodeIgniter.php(933): App\Controllers\PresensiMasuk->SimpanData()
 4 SYSTEMPATH\CodeIgniter.php(509): CodeIgniter\CodeIgniter->runController(Object(App\Controllers\PresensiMasuk))
 5 SYSTEMPATH\CodeIgniter.php(355): CodeIgniter\CodeIgniter->handleRequest(null, Object(Config\Cache), false)
 6 SYSTEMPATH\Boot.php(312): CodeIgniter\CodeIgniter->run()
 7 SYSTEMPATH\Boot.php(67): CodeIgniter\Boot::runCodeIgniter(Object(CodeIgniter\CodeIgniter))
 8 FCPATH\index.php(56): CodeIgniter\Boot::bootWeb(Object(Config\Paths))
CRITICAL - 2024-11-01 22:30:17 --> ErrorException: Undefined array key "id_presensi_masuk"
[Method: POST, Route: PresensiMasuk/SimpanData]
in APPPATH\Models\ModelScanMasuk.php on line 25.
 1 APPPATH\Models\ModelScanMasuk.php(25): CodeIgniter\Debug\Exceptions->errorHandler(2, 'Undefined array key "id_presensi_masuk"', 'C:\\xampp\\htdocs\\presensi\\app\\Models\\ModelScanMasuk.php', 25)
 2 APPPATH\Controllers\PresensiMasuk.php(34): App\Models\ModelScanMasuk->UpdateData([...])
 3 SYSTEMPATH\CodeIgniter.php(933): App\Controllers\PresensiMasuk->SimpanData()
 4 SYSTEMPATH\CodeIgniter.php(509): CodeIgniter\CodeIgniter->runController(Object(App\Controllers\PresensiMasuk))
 5 SYSTEMPATH\CodeIgniter.php(355): CodeIgniter\CodeIgniter->handleRequest(null, Object(Config\Cache), false)
 6 SYSTEMPATH\Boot.php(312): CodeIgniter\CodeIgniter->run()
 7 SYSTEMPATH\Boot.php(67): CodeIgniter\Boot::runCodeIgniter(Object(CodeIgniter\CodeIgniter))
 8 FCPATH\index.php(56): CodeIgniter\Boot::bootWeb(Object(Config\Paths))
CRITICAL - 2024-11-01 22:30:17 --> ErrorException: Undefined array key "id_presensi_masuk"
[Method: POST, Route: PresensiMasuk/SimpanData]
in APPPATH\Models\ModelScanMasuk.php on line 25.
 1 APPPATH\Models\ModelScanMasuk.php(25): CodeIgniter\Debug\Exceptions->errorHandler(2, 'Undefined array key "id_presensi_masuk"', 'C:\\xampp\\htdocs\\presensi\\app\\Models\\ModelScanMasuk.php', 25)
 2 APPPATH\Controllers\PresensiMasuk.php(34): App\Models\ModelScanMasuk->UpdateData([...])
 3 SYSTEMPATH\CodeIgniter.php(933): App\Controllers\PresensiMasuk->SimpanData()
 4 SYSTEMPATH\CodeIgniter.php(509): CodeIgniter\CodeIgniter->runController(Object(App\Controllers\PresensiMasuk))
 5 SYSTEMPATH\CodeIgniter.php(355): CodeIgniter\CodeIgniter->handleRequest(null, Object(Config\Cache), false)
 6 SYSTEMPATH\Boot.php(312): CodeIgniter\CodeIgniter->run()
 7 SYSTEMPATH\Boot.php(67): CodeIgniter\Boot::runCodeIgniter(Object(CodeIgniter\CodeIgniter))
 8 FCPATH\index.php(56): CodeIgniter\Boot::bootWeb(Object(Config\Paths))
CRITICAL - 2024-11-01 22:37:05 --> Error: Cannot use object of type stdClass as array
[Method: POST, Route: PresensiMasuk/SimpanData]
in APPPATH\Controllers\PresensiMasuk.php on line 26.
 1 SYSTEMPATH\CodeIgniter.php(933): App\Controllers\PresensiMasuk->SimpanData()
 2 SYSTEMPATH\CodeIgniter.php(509): CodeIgniter\CodeIgniter->runController(Object(App\Controllers\PresensiMasuk))
 3 SYSTEMPATH\CodeIgniter.php(355): CodeIgniter\CodeIgniter->handleRequest(null, Object(Config\Cache), false)
 4 SYSTEMPATH\Boot.php(312): CodeIgniter\CodeIgniter->run()
 5 SYSTEMPATH\Boot.php(67): CodeIgniter\Boot::runCodeIgniter(Object(CodeIgniter\CodeIgniter))
 6 FCPATH\index.php(56): CodeIgniter\Boot::bootWeb(Object(Config\Paths))
CRITICAL - 2024-11-01 22:37:06 --> Error: Cannot use object of type stdClass as array
[Method: POST, Route: PresensiMasuk/SimpanData]
in APPPATH\Controllers\PresensiMasuk.php on line 26.
 1 SYSTEMPATH\CodeIgniter.php(933): App\Controllers\PresensiMasuk->SimpanData()
 2 SYSTEMPATH\CodeIgniter.php(509): CodeIgniter\CodeIgniter->runController(Object(App\Controllers\PresensiMasuk))
 3 SYSTEMPATH\CodeIgniter.php(355): CodeIgniter\CodeIgniter->handleRequest(null, Object(Config\Cache), false)
 4 SYSTEMPATH\Boot.php(312): CodeIgniter\CodeIgniter->run()
 5 SYSTEMPATH\Boot.php(67): CodeIgniter\Boot::runCodeIgniter(Object(CodeIgniter\CodeIgniter))
 6 FCPATH\index.php(56): CodeIgniter\Boot::bootWeb(Object(Config\Paths))
CRITICAL - 2024-11-01 22:37:06 --> Error: Cannot use object of type stdClass as array
[Method: POST, Route: PresensiMasuk/SimpanData]
in APPPATH\Controllers\PresensiMasuk.php on line 26.
 1 SYSTEMPATH\CodeIgniter.php(933): App\Controllers\PresensiMasuk->SimpanData()
 2 SYSTEMPATH\CodeIgniter.php(509): CodeIgniter\CodeIgniter->runController(Object(App\Controllers\PresensiMasuk))
 3 SYSTEMPATH\CodeIgniter.php(355): CodeIgniter\CodeIgniter->handleRequest(null, Object(Config\Cache), false)
 4 SYSTEMPATH\Boot.php(312): CodeIgniter\CodeIgniter->run()
 5 SYSTEMPATH\Boot.php(67): CodeIgniter\Boot::runCodeIgniter(Object(CodeIgniter\CodeIgniter))
 6 FCPATH\index.php(56): CodeIgniter\Boot::bootWeb(Object(Config\Paths))
CRITICAL - 2024-11-01 22:37:06 --> Error: Cannot use object of type stdClass as array
[Method: POST, Route: PresensiMasuk/SimpanData]
in APPPATH\Controllers\PresensiMasuk.php on line 26.
 1 SYSTEMPATH\CodeIgniter.php(933): App\Controllers\PresensiMasuk->SimpanData()
 2 SYSTEMPATH\CodeIgniter.php(509): CodeIgniter\CodeIgniter->runController(Object(App\Controllers\PresensiMasuk))
 3 SYSTEMPATH\CodeIgniter.php(355): CodeIgniter\CodeIgniter->handleRequest(null, Object(Config\Cache), false)
 4 SYSTEMPATH\Boot.php(312): CodeIgniter\CodeIgniter->run()
 5 SYSTEMPATH\Boot.php(67): CodeIgniter\Boot::runCodeIgniter(Object(CodeIgniter\CodeIgniter))
 6 FCPATH\index.php(56): CodeIgniter\Boot::bootWeb(Object(Config\Paths))
CRITICAL - 2024-11-01 22:38:35 --> Error: Cannot use object of type stdClass as array
[Method: POST, Route: PresensiMasuk/SimpanData]
in APPPATH\Controllers\PresensiMasuk.php on line 26.
 1 SYSTEMPATH\CodeIgniter.php(933): App\Controllers\PresensiMasuk->SimpanData()
 2 SYSTEMPATH\CodeIgniter.php(509): CodeIgniter\CodeIgniter->runController(Object(App\Controllers\PresensiMasuk))
 3 SYSTEMPATH\CodeIgniter.php(355): CodeIgniter\CodeIgniter->handleRequest(null, Object(Config\Cache), false)
 4 SYSTEMPATH\Boot.php(312): CodeIgniter\CodeIgniter->run()
 5 SYSTEMPATH\Boot.php(67): CodeIgniter\Boot::runCodeIgniter(Object(CodeIgniter\CodeIgniter))
 6 FCPATH\index.php(56): CodeIgniter\Boot::bootWeb(Object(Config\Paths))
CRITICAL - 2024-11-01 22:38:35 --> Error: Cannot use object of type stdClass as array
[Method: POST, Route: PresensiMasuk/SimpanData]
in APPPATH\Controllers\PresensiMasuk.php on line 26.
 1 SYSTEMPATH\CodeIgniter.php(933): App\Controllers\PresensiMasuk->SimpanData()
 2 SYSTEMPATH\CodeIgniter.php(509): CodeIgniter\CodeIgniter->runController(Object(App\Controllers\PresensiMasuk))
 3 SYSTEMPATH\CodeIgniter.php(355): CodeIgniter\CodeIgniter->handleRequest(null, Object(Config\Cache), false)
 4 SYSTEMPATH\Boot.php(312): CodeIgniter\CodeIgniter->run()
 5 SYSTEMPATH\Boot.php(67): CodeIgniter\Boot::runCodeIgniter(Object(CodeIgniter\CodeIgniter))
 6 FCPATH\index.php(56): CodeIgniter\Boot::bootWeb(Object(Config\Paths))
CRITICAL - 2024-11-01 22:38:35 --> Error: Cannot use object of type stdClass as array
[Method: POST, Route: PresensiMasuk/SimpanData]
in APPPATH\Controllers\PresensiMasuk.php on line 26.
 1 SYSTEMPATH\CodeIgniter.php(933): App\Controllers\PresensiMasuk->SimpanData()
 2 SYSTEMPATH\CodeIgniter.php(509): CodeIgniter\CodeIgniter->runController(Object(App\Controllers\PresensiMasuk))
 3 SYSTEMPATH\CodeIgniter.php(355): CodeIgniter\CodeIgniter->handleRequest(null, Object(Config\Cache), false)
 4 SYSTEMPATH\Boot.php(312): CodeIgniter\CodeIgniter->run()
 5 SYSTEMPATH\Boot.php(67): CodeIgniter\Boot::runCodeIgniter(Object(CodeIgniter\CodeIgniter))
 6 FCPATH\index.php(56): CodeIgniter\Boot::bootWeb(Object(Config\Paths))
CRITICAL - 2024-11-01 22:38:35 --> Error: Cannot use object of type stdClass as array
[Method: POST, Route: PresensiMasuk/SimpanData]
in APPPATH\Controllers\PresensiMasuk.php on line 26.
 1 SYSTEMPATH\CodeIgniter.php(933): App\Controllers\PresensiMasuk->SimpanData()
 2 SYSTEMPATH\CodeIgniter.php(509): CodeIgniter\CodeIgniter->runController(Object(App\Controllers\PresensiMasuk))
 3 SYSTEMPATH\CodeIgniter.php(355): CodeIgniter\CodeIgniter->handleRequest(null, Object(Config\Cache), false)
 4 SYSTEMPATH\Boot.php(312): CodeIgniter\CodeIgniter->run()
 5 SYSTEMPATH\Boot.php(67): CodeIgniter\Boot::runCodeIgniter(Object(CodeIgniter\CodeIgniter))
 6 FCPATH\index.php(56): CodeIgniter\Boot::bootWeb(Object(Config\Paths))
CRITICAL - 2024-11-01 22:39:57 --> Error: Cannot use object of type stdClass as array
[Method: POST, Route: PresensiMasuk/SimpanData]
in APPPATH\Controllers\PresensiMasuk.php on line 26.
 1 SYSTEMPATH\CodeIgniter.php(933): App\Controllers\PresensiMasuk->SimpanData()
 2 SYSTEMPATH\CodeIgniter.php(509): CodeIgniter\CodeIgniter->runController(Object(App\Controllers\PresensiMasuk))
 3 SYSTEMPATH\CodeIgniter.php(355): CodeIgniter\CodeIgniter->handleRequest(null, Object(Config\Cache), false)
 4 SYSTEMPATH\Boot.php(312): CodeIgniter\CodeIgniter->run()
 5 SYSTEMPATH\Boot.php(67): CodeIgniter\Boot::runCodeIgniter(Object(CodeIgniter\CodeIgniter))
 6 FCPATH\index.php(56): CodeIgniter\Boot::bootWeb(Object(Config\Paths))
CRITICAL - 2024-11-01 22:39:57 --> Error: Cannot use object of type stdClass as array
[Method: POST, Route: PresensiMasuk/SimpanData]
in APPPATH\Controllers\PresensiMasuk.php on line 26.
 1 SYSTEMPATH\CodeIgniter.php(933): App\Controllers\PresensiMasuk->SimpanData()
 2 SYSTEMPATH\CodeIgniter.php(509): CodeIgniter\CodeIgniter->runController(Object(App\Controllers\PresensiMasuk))
 3 SYSTEMPATH\CodeIgniter.php(355): CodeIgniter\CodeIgniter->handleRequest(null, Object(Config\Cache), false)
 4 SYSTEMPATH\Boot.php(312): CodeIgniter\CodeIgniter->run()
 5 SYSTEMPATH\Boot.php(67): CodeIgniter\Boot::runCodeIgniter(Object(CodeIgniter\CodeIgniter))
 6 FCPATH\index.php(56): CodeIgniter\Boot::bootWeb(Object(Config\Paths))
CRITICAL - 2024-11-01 22:39:57 --> Error: Cannot use object of type stdClass as array
[Method: POST, Route: PresensiMasuk/SimpanData]
in APPPATH\Controllers\PresensiMasuk.php on line 26.
 1 SYSTEMPATH\CodeIgniter.php(933): App\Controllers\PresensiMasuk->SimpanData()
 2 SYSTEMPATH\CodeIgniter.php(509): CodeIgniter\CodeIgniter->runController(Object(App\Controllers\PresensiMasuk))
 3 SYSTEMPATH\CodeIgniter.php(355): CodeIgniter\CodeIgniter->handleRequest(null, Object(Config\Cache), false)
 4 SYSTEMPATH\Boot.php(312): CodeIgniter\CodeIgniter->run()
 5 SYSTEMPATH\Boot.php(67): CodeIgniter\Boot::runCodeIgniter(Object(CodeIgniter\CodeIgniter))
 6 FCPATH\index.php(56): CodeIgniter\Boot::bootWeb(Object(Config\Paths))
CRITICAL - 2024-11-01 22:53:30 --> Error: Cannot use object of type stdClass as array
[Method: POST, Route: PresensiMasuk/SimpanData]
in APPPATH\Controllers\PresensiMasuk.php on line 28.
 1 SYSTEMPATH\CodeIgniter.php(933): App\Controllers\PresensiMasuk->SimpanData()
 2 SYSTEMPATH\CodeIgniter.php(509): CodeIgniter\CodeIgniter->runController(Object(App\Controllers\PresensiMasuk))
 3 SYSTEMPATH\CodeIgniter.php(355): CodeIgniter\CodeIgniter->handleRequest(null, Object(Config\Cache), false)
 4 SYSTEMPATH\Boot.php(312): CodeIgniter\CodeIgniter->run()
 5 SYSTEMPATH\Boot.php(67): CodeIgniter\Boot::runCodeIgniter(Object(CodeIgniter\CodeIgniter))
 6 FCPATH\index.php(56): CodeIgniter\Boot::bootWeb(Object(Config\Paths))
CRITICAL - 2024-11-01 22:53:30 --> Error: Cannot use object of type stdClass as array
[Method: POST, Route: PresensiMasuk/SimpanData]
in APPPATH\Controllers\PresensiMasuk.php on line 28.
 1 SYSTEMPATH\CodeIgniter.php(933): App\Controllers\PresensiMasuk->SimpanData()
 2 SYSTEMPATH\CodeIgniter.php(509): CodeIgniter\CodeIgniter->runController(Object(App\Controllers\PresensiMasuk))
 3 SYSTEMPATH\CodeIgniter.php(355): CodeIgniter\CodeIgniter->handleRequest(null, Object(Config\Cache), false)
 4 SYSTEMPATH\Boot.php(312): CodeIgniter\CodeIgniter->run()
 5 SYSTEMPATH\Boot.php(67): CodeIgniter\Boot::runCodeIgniter(Object(CodeIgniter\CodeIgniter))
 6 FCPATH\index.php(56): CodeIgniter\Boot::bootWeb(Object(Config\Paths))
CRITICAL - 2024-11-01 22:53:30 --> Error: Cannot use object of type stdClass as array
[Method: POST, Route: PresensiMasuk/SimpanData]
in APPPATH\Controllers\PresensiMasuk.php on line 28.
 1 SYSTEMPATH\CodeIgniter.php(933): App\Controllers\PresensiMasuk->SimpanData()
 2 SYSTEMPATH\CodeIgniter.php(509): CodeIgniter\CodeIgniter->runController(Object(App\Controllers\PresensiMasuk))
 3 SYSTEMPATH\CodeIgniter.php(355): CodeIgniter\CodeIgniter->handleRequest(null, Object(Config\Cache), false)
 4 SYSTEMPATH\Boot.php(312): CodeIgniter\CodeIgniter->run()
 5 SYSTEMPATH\Boot.php(67): CodeIgniter\Boot::runCodeIgniter(Object(CodeIgniter\CodeIgniter))
 6 FCPATH\index.php(56): CodeIgniter\Boot::bootWeb(Object(Config\Paths))
CRITICAL - 2024-11-01 22:53:30 --> Error: Cannot use object of type stdClass as array
[Method: POST, Route: PresensiMasuk/SimpanData]
in APPPATH\Controllers\PresensiMasuk.php on line 28.
 1 SYSTEMPATH\CodeIgniter.php(933): App\Controllers\PresensiMasuk->SimpanData()
 2 SYSTEMPATH\CodeIgniter.php(509): CodeIgniter\CodeIgniter->runController(Object(App\Controllers\PresensiMasuk))
 3 SYSTEMPATH\CodeIgniter.php(355): CodeIgniter\CodeIgniter->handleRequest(null, Object(Config\Cache), false)
 4 SYSTEMPATH\Boot.php(312): CodeIgniter\CodeIgniter->run()
 5 SYSTEMPATH\Boot.php(67): CodeIgniter\Boot::runCodeIgniter(Object(CodeIgniter\CodeIgniter))
 6 FCPATH\index.php(56): CodeIgniter\Boot::bootWeb(Object(Config\Paths))
CRITICAL - 2024-11-01 22:54:23 --> Error: Cannot use object of type stdClass as array
[Method: POST, Route: PresensiMasuk/SimpanData]
in APPPATH\Controllers\PresensiMasuk.php on line 28.
 1 SYSTEMPATH\CodeIgniter.php(933): App\Controllers\PresensiMasuk->SimpanData()
 2 SYSTEMPATH\CodeIgniter.php(509): CodeIgniter\CodeIgniter->runController(Object(App\Controllers\PresensiMasuk))
 3 SYSTEMPATH\CodeIgniter.php(355): CodeIgniter\CodeIgniter->handleRequest(null, Object(Config\Cache), false)
 4 SYSTEMPATH\Boot.php(312): CodeIgniter\CodeIgniter->run()
 5 SYSTEMPATH\Boot.php(67): CodeIgniter\Boot::runCodeIgniter(Object(CodeIgniter\CodeIgniter))
 6 FCPATH\index.php(56): CodeIgniter\Boot::bootWeb(Object(Config\Paths))
CRITICAL - 2024-11-01 22:58:56 --> Error: Cannot use object of type stdClass as array
[Method: POST, Route: PresensiMasuk/SimpanData]
in APPPATH\Controllers\PresensiMasuk.php on line 28.
 1 SYSTEMPATH\CodeIgniter.php(933): App\Controllers\PresensiMasuk->SimpanData()
 2 SYSTEMPATH\CodeIgniter.php(509): CodeIgniter\CodeIgniter->runController(Object(App\Controllers\PresensiMasuk))
 3 SYSTEMPATH\CodeIgniter.php(355): CodeIgniter\CodeIgniter->handleRequest(null, Object(Config\Cache), false)
 4 SYSTEMPATH\Boot.php(312): CodeIgniter\CodeIgniter->run()
 5 SYSTEMPATH\Boot.php(67): CodeIgniter\Boot::runCodeIgniter(Object(CodeIgniter\CodeIgniter))
 6 FCPATH\index.php(56): CodeIgniter\Boot::bootWeb(Object(Config\Paths))
CRITICAL - 2024-11-01 22:58:56 --> Error: Cannot use object of type stdClass as array
[Method: POST, Route: PresensiMasuk/SimpanData]
in APPPATH\Controllers\PresensiMasuk.php on line 28.
 1 SYSTEMPATH\CodeIgniter.php(933): App\Controllers\PresensiMasuk->SimpanData()
 2 SYSTEMPATH\CodeIgniter.php(509): CodeIgniter\CodeIgniter->runController(Object(App\Controllers\PresensiMasuk))
 3 SYSTEMPATH\CodeIgniter.php(355): CodeIgniter\CodeIgniter->handleRequest(null, Object(Config\Cache), false)
 4 SYSTEMPATH\Boot.php(312): CodeIgniter\CodeIgniter->run()
 5 SYSTEMPATH\Boot.php(67): CodeIgniter\Boot::runCodeIgniter(Object(CodeIgniter\CodeIgniter))
 6 FCPATH\index.php(56): CodeIgniter\Boot::bootWeb(Object(Config\Paths))
CRITICAL - 2024-11-01 22:58:56 --> Error: Cannot use object of type stdClass as array
[Method: POST, Route: PresensiMasuk/SimpanData]
in APPPATH\Controllers\PresensiMasuk.php on line 28.
 1 SYSTEMPATH\CodeIgniter.php(933): App\Controllers\PresensiMasuk->SimpanData()
 2 SYSTEMPATH\CodeIgniter.php(509): CodeIgniter\CodeIgniter->runController(Object(App\Controllers\PresensiMasuk))
 3 SYSTEMPATH\CodeIgniter.php(355): CodeIgniter\CodeIgniter->handleRequest(null, Object(Config\Cache), false)
 4 SYSTEMPATH\Boot.php(312): CodeIgniter\CodeIgniter->run()
 5 SYSTEMPATH\Boot.php(67): CodeIgniter\Boot::runCodeIgniter(Object(CodeIgniter\CodeIgniter))
 6 FCPATH\index.php(56): CodeIgniter\Boot::bootWeb(Object(Config\Paths))
CRITICAL - 2024-11-01 23:03:41 --> Error: Cannot use object of type stdClass as array
[Method: POST, Route: PresensiMasuk/SimpanData]
in APPPATH\Controllers\PresensiMasuk.php on line 30.
 1 SYSTEMPATH\CodeIgniter.php(933): App\Controllers\PresensiMasuk->SimpanData()
 2 SYSTEMPATH\CodeIgniter.php(509): CodeIgniter\CodeIgniter->runController(Object(App\Controllers\PresensiMasuk))
 3 SYSTEMPATH\CodeIgniter.php(355): CodeIgniter\CodeIgniter->handleRequest(null, Object(Config\Cache), false)
 4 SYSTEMPATH\Boot.php(312): CodeIgniter\CodeIgniter->run()
 5 SYSTEMPATH\Boot.php(67): CodeIgniter\Boot::runCodeIgniter(Object(CodeIgniter\CodeIgniter))
 6 FCPATH\index.php(56): CodeIgniter\Boot::bootWeb(Object(Config\Paths))
CRITICAL - 2024-11-01 23:03:41 --> Error: Cannot use object of type stdClass as array
[Method: POST, Route: PresensiMasuk/SimpanData]
in APPPATH\Controllers\PresensiMasuk.php on line 30.
 1 SYSTEMPATH\CodeIgniter.php(933): App\Controllers\PresensiMasuk->SimpanData()
 2 SYSTEMPATH\CodeIgniter.php(509): CodeIgniter\CodeIgniter->runController(Object(App\Controllers\PresensiMasuk))
 3 SYSTEMPATH\CodeIgniter.php(355): CodeIgniter\CodeIgniter->handleRequest(null, Object(Config\Cache), false)
 4 SYSTEMPATH\Boot.php(312): CodeIgniter\CodeIgniter->run()
 5 SYSTEMPATH\Boot.php(67): CodeIgniter\Boot::runCodeIgniter(Object(CodeIgniter\CodeIgniter))
 6 FCPATH\index.php(56): CodeIgniter\Boot::bootWeb(Object(Config\Paths))
CRITICAL - 2024-11-01 23:03:41 --> Error: Cannot use object of type stdClass as array
[Method: POST, Route: PresensiMasuk/SimpanData]
in APPPATH\Controllers\PresensiMasuk.php on line 30.
 1 SYSTEMPATH\CodeIgniter.php(933): App\Controllers\PresensiMasuk->SimpanData()
 2 SYSTEMPATH\CodeIgniter.php(509): CodeIgniter\CodeIgniter->runController(Object(App\Controllers\PresensiMasuk))
 3 SYSTEMPATH\CodeIgniter.php(355): CodeIgniter\CodeIgniter->handleRequest(null, Object(Config\Cache), false)
 4 SYSTEMPATH\Boot.php(312): CodeIgniter\CodeIgniter->run()
 5 SYSTEMPATH\Boot.php(67): CodeIgniter\Boot::runCodeIgniter(Object(CodeIgniter\CodeIgniter))
 6 FCPATH\index.php(56): CodeIgniter\Boot::bootWeb(Object(Config\Paths))
CRITICAL - 2024-11-01 23:03:41 --> Error: Cannot use object of type stdClass as array
[Method: POST, Route: PresensiMasuk/SimpanData]
in APPPATH\Controllers\PresensiMasuk.php on line 30.
 1 SYSTEMPATH\CodeIgniter.php(933): App\Controllers\PresensiMasuk->SimpanData()
 2 SYSTEMPATH\CodeIgniter.php(509): CodeIgniter\CodeIgniter->runController(Object(App\Controllers\PresensiMasuk))
 3 SYSTEMPATH\CodeIgniter.php(355): CodeIgniter\CodeIgniter->handleRequest(null, Object(Config\Cache), false)
 4 SYSTEMPATH\Boot.php(312): CodeIgniter\CodeIgniter->run()
 5 SYSTEMPATH\Boot.php(67): CodeIgniter\Boot::runCodeIgniter(Object(CodeIgniter\CodeIgniter))
 6 FCPATH\index.php(56): CodeIgniter\Boot::bootWeb(Object(Config\Paths))
CRITICAL - 2024-11-01 23:05:59 --> Error: Cannot use object of type stdClass as array
[Method: POST, Route: PresensiMasuk/SimpanData]
in APPPATH\Controllers\PresensiMasuk.php on line 30.
 1 SYSTEMPATH\CodeIgniter.php(933): App\Controllers\PresensiMasuk->SimpanData()
 2 SYSTEMPATH\CodeIgniter.php(509): CodeIgniter\CodeIgniter->runController(Object(App\Controllers\PresensiMasuk))
 3 SYSTEMPATH\CodeIgniter.php(355): CodeIgniter\CodeIgniter->handleRequest(null, Object(Config\Cache), false)
 4 SYSTEMPATH\Boot.php(312): CodeIgniter\CodeIgniter->run()
 5 SYSTEMPATH\Boot.php(67): CodeIgniter\Boot::runCodeIgniter(Object(CodeIgniter\CodeIgniter))
 6 FCPATH\index.php(56): CodeIgniter\Boot::bootWeb(Object(Config\Paths))
CRITICAL - 2024-11-01 23:05:59 --> Error: Cannot use object of type stdClass as array
[Method: POST, Route: PresensiMasuk/SimpanData]
in APPPATH\Controllers\PresensiMasuk.php on line 30.
 1 SYSTEMPATH\CodeIgniter.php(933): App\Controllers\PresensiMasuk->SimpanData()
 2 SYSTEMPATH\CodeIgniter.php(509): CodeIgniter\CodeIgniter->runController(Object(App\Controllers\PresensiMasuk))
 3 SYSTEMPATH\CodeIgniter.php(355): CodeIgniter\CodeIgniter->handleRequest(null, Object(Config\Cache), false)
 4 SYSTEMPATH\Boot.php(312): CodeIgniter\CodeIgniter->run()
 5 SYSTEMPATH\Boot.php(67): CodeIgniter\Boot::runCodeIgniter(Object(CodeIgniter\CodeIgniter))
 6 FCPATH\index.php(56): CodeIgniter\Boot::bootWeb(Object(Config\Paths))
CRITICAL - 2024-11-01 23:06:00 --> Error: Cannot use object of type stdClass as array
[Method: POST, Route: PresensiMasuk/SimpanData]
in APPPATH\Controllers\PresensiMasuk.php on line 30.
 1 SYSTEMPATH\CodeIgniter.php(933): App\Controllers\PresensiMasuk->SimpanData()
 2 SYSTEMPATH\CodeIgniter.php(509): CodeIgniter\CodeIgniter->runController(Object(App\Controllers\PresensiMasuk))
 3 SYSTEMPATH\CodeIgniter.php(355): CodeIgniter\CodeIgniter->handleRequest(null, Object(Config\Cache), false)
 4 SYSTEMPATH\Boot.php(312): CodeIgniter\CodeIgniter->run()
 5 SYSTEMPATH\Boot.php(67): CodeIgniter\Boot::runCodeIgniter(Object(CodeIgniter\CodeIgniter))
 6 FCPATH\index.php(56): CodeIgniter\Boot::bootWeb(Object(Config\Paths))
CRITICAL - 2024-11-01 23:06:00 --> Error: Cannot use object of type stdClass as array
[Method: POST, Route: PresensiMasuk/SimpanData]
in APPPATH\Controllers\PresensiMasuk.php on line 30.
 1 SYSTEMPATH\CodeIgniter.php(933): App\Controllers\PresensiMasuk->SimpanData()
 2 SYSTEMPATH\CodeIgniter.php(509): CodeIgniter\CodeIgniter->runController(Object(App\Controllers\PresensiMasuk))
 3 SYSTEMPATH\CodeIgniter.php(355): CodeIgniter\CodeIgniter->handleRequest(null, Object(Config\Cache), false)
 4 SYSTEMPATH\Boot.php(312): CodeIgniter\CodeIgniter->run()
 5 SYSTEMPATH\Boot.php(67): CodeIgniter\Boot::runCodeIgniter(Object(CodeIgniter\CodeIgniter))
 6 FCPATH\index.php(56): CodeIgniter\Boot::bootWeb(Object(Config\Paths))
CRITICAL - 2024-11-01 23:07:10 --> Error: Cannot use object of type stdClass as array
[Method: POST, Route: PresensiMasuk/SimpanData]
in APPPATH\Controllers\PresensiMasuk.php on line 30.
 1 SYSTEMPATH\CodeIgniter.php(933): App\Controllers\PresensiMasuk->SimpanData()
 2 SYSTEMPATH\CodeIgniter.php(509): CodeIgniter\CodeIgniter->runController(Object(App\Controllers\PresensiMasuk))
 3 SYSTEMPATH\CodeIgniter.php(355): CodeIgniter\CodeIgniter->handleRequest(null, Object(Config\Cache), false)
 4 SYSTEMPATH\Boot.php(312): CodeIgniter\CodeIgniter->run()
 5 SYSTEMPATH\Boot.php(67): CodeIgniter\Boot::runCodeIgniter(Object(CodeIgniter\CodeIgniter))
 6 FCPATH\index.php(56): CodeIgniter\Boot::bootWeb(Object(Config\Paths))
ERROR - 2024-11-01 23:08:26 --> mysqli_sql_exception: Column 'nipd' cannot be null in C:\xampp\htdocs\presensi\system\Database\MySQLi\Connection.php:308
Stack trace:
#0 C:\xampp\htdocs\presensi\system\Database\MySQLi\Connection.php(308): mysqli->query('INSERT INTO `pr...', 0)
#1 C:\xampp\htdocs\presensi\system\Database\BaseConnection.php(722): CodeIgniter\Database\MySQLi\Connection->execute('INSERT INTO `pr...')
#2 C:\xampp\htdocs\presensi\system\Database\BaseConnection.php(636): CodeIgniter\Database\BaseConnection->simpleQuery('INSERT INTO `pr...')
#3 C:\xampp\htdocs\presensi\system\Database\BaseBuilder.php(2325): CodeIgniter\Database\BaseConnection->query('INSERT INTO `pr...', Array, false)
#4 C:\xampp\htdocs\presensi\system\Model.php(383): CodeIgniter\Database\BaseBuilder->insert()
#5 C:\xampp\htdocs\presensi\system\BaseModel.php(840): CodeIgniter\Model->doInsert(Array)
#6 C:\xampp\htdocs\presensi\system\Model.php(791): CodeIgniter\BaseModel->insert(Array, false)
#7 C:\xampp\htdocs\presensi\system\BaseModel.php(751): CodeIgniter\Model->insert(Array, false)
#8 C:\xampp\htdocs\presensi\app\Models\ModelScanMasuk.php(21): CodeIgniter\BaseModel->save(Array)
#9 C:\xampp\htdocs\presensi\app\Controllers\PresensiMasuk.php(50): App\Models\ModelScanMasuk->saveData(Array)
#10 C:\xampp\htdocs\presensi\system\CodeIgniter.php(933): App\Controllers\PresensiMasuk->SimpanData()
#11 C:\xampp\htdocs\presensi\system\CodeIgniter.php(509): CodeIgniter\CodeIgniter->runController(Object(App\Controllers\PresensiMasuk))
#12 C:\xampp\htdocs\presensi\system\CodeIgniter.php(355): CodeIgniter\CodeIgniter->handleRequest(NULL, Object(Config\Cache), false)
#13 C:\xampp\htdocs\presensi\system\Boot.php(312): CodeIgniter\CodeIgniter->run()
#14 C:\xampp\htdocs\presensi\system\Boot.php(67): CodeIgniter\Boot::runCodeIgniter(Object(CodeIgniter\CodeIgniter))
#15 C:\xampp\htdocs\presensi\public\index.php(56): CodeIgniter\Boot::bootWeb(Object(Config\Paths))
#16 {main}
CRITICAL - 2024-11-01 23:08:26 --> CodeIgniter\Database\Exceptions\DatabaseException: Column 'nipd' cannot be null
[Method: POST, Route: PresensiMasuk/SimpanData]
in SYSTEMPATH\Database\BaseConnection.php on line 676.
 1 SYSTEMPATH\Database\BaseBuilder.php(2325): CodeIgniter\Database\BaseConnection->query('INSERT INTO `presensi_masuk` (`nipd`) VALUES (:nipd:)', [...], false)
 2 SYSTEMPATH\Model.php(383): CodeIgniter\Database\BaseBuilder->insert()
 3 SYSTEMPATH\BaseModel.php(840): CodeIgniter\Model->doInsert([...])
 4 SYSTEMPATH\Model.php(791): CodeIgniter\BaseModel->insert([...], false)
 5 SYSTEMPATH\BaseModel.php(751): CodeIgniter\Model->insert([...], false)
 6 APPPATH\Models\ModelScanMasuk.php(21): CodeIgniter\BaseModel->save([...])
 7 APPPATH\Controllers\PresensiMasuk.php(50): App\Models\ModelScanMasuk->saveData([...])
 8 SYSTEMPATH\CodeIgniter.php(933): App\Controllers\PresensiMasuk->SimpanData()
 9 SYSTEMPATH\CodeIgniter.php(509): CodeIgniter\CodeIgniter->runController(Object(App\Controllers\PresensiMasuk))
10 SYSTEMPATH\CodeIgniter.php(355): CodeIgniter\CodeIgniter->handleRequest(null, Object(Config\Cache), false)
11 SYSTEMPATH\Boot.php(312): CodeIgniter\CodeIgniter->run()
12 SYSTEMPATH\Boot.php(67): CodeIgniter\Boot::runCodeIgniter(Object(CodeIgniter\CodeIgniter))
13 FCPATH\index.php(56): CodeIgniter\Boot::bootWeb(Object(Config\Paths))
CRITICAL - 2024-11-01 23:08:26 --> [Caused by] CodeIgniter\Database\Exceptions\DatabaseException: Column 'nipd' cannot be null
in SYSTEMPATH\Database\MySQLi\Connection.php on line 313.
 1 SYSTEMPATH\Database\BaseConnection.php(722): CodeIgniter\Database\MySQLi\Connection->execute('INSERT INTO `presensi_masuk` (`nipd`) VALUES (NULL)')
 2 SYSTEMPATH\Database\BaseConnection.php(636): CodeIgniter\Database\BaseConnection->simpleQuery('INSERT INTO `presensi_masuk` (`nipd`) VALUES (NULL)')
 3 SYSTEMPATH\Database\BaseBuilder.php(2325): CodeIgniter\Database\BaseConnection->query('INSERT INTO `presensi_masuk` (`nipd`) VALUES (:nipd:)', [...], false)
 4 SYSTEMPATH\Model.php(383): CodeIgniter\Database\BaseBuilder->insert()
 5 SYSTEMPATH\BaseModel.php(840): CodeIgniter\Model->doInsert([...])
 6 SYSTEMPATH\Model.php(791): CodeIgniter\BaseModel->insert([...], false)
 7 SYSTEMPATH\BaseModel.php(751): CodeIgniter\Model->insert([...], false)
 8 APPPATH\Models\ModelScanMasuk.php(21): CodeIgniter\BaseModel->save([...])
 9 APPPATH\Controllers\PresensiMasuk.php(50): App\Models\ModelScanMasuk->saveData([...])
10 SYSTEMPATH\CodeIgniter.php(933): App\Controllers\PresensiMasuk->SimpanData()
11 SYSTEMPATH\CodeIgniter.php(509): CodeIgniter\CodeIgniter->runController(Object(App\Controllers\PresensiMasuk))
12 SYSTEMPATH\CodeIgniter.php(355): CodeIgniter\CodeIgniter->handleRequest(null, Object(Config\Cache), false)
13 SYSTEMPATH\Boot.php(312): CodeIgniter\CodeIgniter->run()
14 SYSTEMPATH\Boot.php(67): CodeIgniter\Boot::runCodeIgniter(Object(CodeIgniter\CodeIgniter))
15 FCPATH\index.php(56): CodeIgniter\Boot::bootWeb(Object(Config\Paths))
CRITICAL - 2024-11-01 23:08:26 --> [Caused by] mysqli_sql_exception: Column 'nipd' cannot be null
in SYSTEMPATH\Database\MySQLi\Connection.php on line 308.
 1 SYSTEMPATH\Database\MySQLi\Connection.php(308): mysqli->query('INSERT INTO `presensi_masuk` (`nipd`) VALUES (NULL)', 0)
 2 SYSTEMPATH\Database\BaseConnection.php(722): CodeIgniter\Database\MySQLi\Connection->execute('INSERT INTO `presensi_masuk` (`nipd`) VALUES (NULL)')
 3 SYSTEMPATH\Database\BaseConnection.php(636): CodeIgniter\Database\BaseConnection->simpleQuery('INSERT INTO `presensi_masuk` (`nipd`) VALUES (NULL)')
 4 SYSTEMPATH\Database\BaseBuilder.php(2325): CodeIgniter\Database\BaseConnection->query('INSERT INTO `presensi_masuk` (`nipd`) VALUES (:nipd:)', [...], false)
 5 SYSTEMPATH\Model.php(383): CodeIgniter\Database\BaseBuilder->insert()
 6 SYSTEMPATH\BaseModel.php(840): CodeIgniter\Model->doInsert([...])
 7 SYSTEMPATH\Model.php(791): CodeIgniter\BaseModel->insert([...], false)
 8 SYSTEMPATH\BaseModel.php(751): CodeIgniter\Model->insert([...], false)
 9 APPPATH\Models\ModelScanMasuk.php(21): CodeIgniter\BaseModel->save([...])
10 APPPATH\Controllers\PresensiMasuk.php(50): App\Models\ModelScanMasuk->saveData([...])
11 SYSTEMPATH\CodeIgniter.php(933): App\Controllers\PresensiMasuk->SimpanData()
12 SYSTEMPATH\CodeIgniter.php(509): CodeIgniter\CodeIgniter->runController(Object(App\Controllers\PresensiMasuk))
13 SYSTEMPATH\CodeIgniter.php(355): CodeIgniter\CodeIgniter->handleRequest(null, Object(Config\Cache), false)
14 SYSTEMPATH\Boot.php(312): CodeIgniter\CodeIgniter->run()
15 SYSTEMPATH\Boot.php(67): CodeIgniter\Boot::runCodeIgniter(Object(CodeIgniter\CodeIgniter))
16 FCPATH\index.php(56): CodeIgniter\Boot::bootWeb(Object(Config\Paths))
