INFO - 2024-10-09 00:07:58 --> Session: Class initialized using 'CodeIgniter\Session\Handlers\FileHandler' driver.
INFO - 2024-10-09 00:09:05 --> Session: Class initialized using 'CodeIgniter\Session\Handlers\FileHandler' driver.
INFO - 2024-10-09 00:09:13 --> Session: Class initialized using 'CodeIgniter\Session\Handlers\FileHandler' driver.
INFO - 2024-10-09 00:11:34 --> Session: Class initialized using 'CodeIgniter\Session\Handlers\FileHandler' driver.
INFO - 2024-10-09 00:11:39 --> Session: Class initialized using 'CodeIgniter\Session\Handlers\FileHandler' driver.
INFO - 2024-10-09 00:11:39 --> Session: Class initialized using 'CodeIgniter\Session\Handlers\FileHandler' driver.
INFO - 2024-10-09 00:12:03 --> Session: Class initialized using 'CodeIgniter\Session\Handlers\FileHandler' driver.
INFO - 2024-10-09 00:13:55 --> Session: Class initialized using 'CodeIgniter\Session\Handlers\FileHandler' driver.
CRITICAL - 2024-10-09 00:15:56 --> CodeIgniter\View\Exceptions\ViewException: Invalid file: "v_template_admin.php"
[Method: GET, Route: Siswa/Edit/18]
in SYSTEMPATH\Exceptions\FrameworkException.php on line 41.
 1 SYSTEMPATH\View\View.php(222): CodeIgniter\Exceptions\FrameworkException::forInvalidFile('v_template_admin.php')
 2 SYSTEMPATH\Common.php(1171): CodeIgniter\View\View->render('v_template_admin', [], true)
 3 APPPATH\Controllers\Siswa.php(127): view('v_template_admin', [...])
 4 SYSTEMPATH\CodeIgniter.php(933): App\Controllers\Siswa->Edit('18')
 5 SYSTEMPATH\CodeIgniter.php(509): CodeIgniter\CodeIgniter->runController(Object(App\Controllers\Siswa))
 6 SYSTEMPATH\CodeIgniter.php(355): CodeIgniter\CodeIgniter->handleRequest(null, Object(Config\Cache), false)
 7 SYSTEMPATH\Boot.php(312): CodeIgniter\CodeIgniter->run()
 8 SYSTEMPATH\Boot.php(67): CodeIgniter\Boot::runCodeIgniter(Object(CodeIgniter\CodeIgniter))
 9 FCPATH\index.php(56): CodeIgniter\Boot::bootWeb(Object(Config\Paths))
CRITICAL - 2024-10-09 00:16:24 --> CodeIgniter\View\Exceptions\ViewException: Invalid file: "siswa/v_edit.php"
[Method: GET, Route: Siswa/Edit/18]
in SYSTEMPATH\Exceptions\FrameworkException.php on line 41.
 1 SYSTEMPATH\View\View.php(222): CodeIgniter\Exceptions\FrameworkException::forInvalidFile('siswa/v_edit.php')
 2 SYSTEMPATH\Common.php(1171): CodeIgniter\View\View->render('siswa/v_edit', [], true)
 3 APPPATH\Views\v_template.php(182): view('siswa/v_edit')
 4 SYSTEMPATH\View\View.php(234): include('C:\\xampp\\htdocs\\presensi\\app\\Views\\v_template.php')
 5 SYSTEMPATH\View\View.php(237): CodeIgniter\View\View->CodeIgniter\View\{closure}()
 6 SYSTEMPATH\Common.php(1171): CodeIgniter\View\View->render('v_template', [], true)
 7 APPPATH\Controllers\Siswa.php(127): view('v_template', [...])
 8 SYSTEMPATH\CodeIgniter.php(933): App\Controllers\Siswa->Edit('18')
 9 SYSTEMPATH\CodeIgniter.php(509): CodeIgniter\CodeIgniter->runController(Object(App\Controllers\Siswa))
10 SYSTEMPATH\CodeIgniter.php(355): CodeIgniter\CodeIgniter->handleRequest(null, Object(Config\Cache), false)
11 SYSTEMPATH\Boot.php(312): CodeIgniter\CodeIgniter->run()
12 SYSTEMPATH\Boot.php(67): CodeIgniter\Boot::runCodeIgniter(Object(CodeIgniter\CodeIgniter))
13 FCPATH\index.php(56): CodeIgniter\Boot::bootWeb(Object(Config\Paths))
INFO - 2024-10-09 00:18:06 --> Session: Class initialized using 'CodeIgniter\Session\Handlers\FileHandler' driver.
INFO - 2024-10-09 00:18:11 --> Session: Class initialized using 'CodeIgniter\Session\Handlers\FileHandler' driver.
INFO - 2024-10-09 00:18:15 --> Session: Class initialized using 'CodeIgniter\Session\Handlers\FileHandler' driver.
INFO - 2024-10-09 00:18:29 --> Session: Class initialized using 'CodeIgniter\Session\Handlers\FileHandler' driver.
INFO - 2024-10-09 00:18:42 --> Session: Class initialized using 'CodeIgniter\Session\Handlers\FileHandler' driver.
INFO - 2024-10-09 00:20:19 --> Session: Class initialized using 'CodeIgniter\Session\Handlers\FileHandler' driver.
INFO - 2024-10-09 00:20:42 --> Session: Class initialized using 'CodeIgniter\Session\Handlers\FileHandler' driver.
INFO - 2024-10-09 00:23:02 --> Session: Class initialized using 'CodeIgniter\Session\Handlers\FileHandler' driver.
CRITICAL - 2024-10-09 00:23:12 --> CodeIgniter\Database\Exceptions\DatabaseException: You must set the database table to be used with your query.
[Method: POST, Route: Siswa/UpdateData/17]
in SYSTEMPATH\Database\BaseConnection.php on line 913.
 1 SYSTEMPATH\Model.php(705): CodeIgniter\Database\BaseConnection->table(null)
 2 SYSTEMPATH\Model.php(911): CodeIgniter\Model->builder()
 3 APPPATH\Controllers\Siswa.php(161): CodeIgniter\Model->__call('UpdateData', [...])
 4 SYSTEMPATH\CodeIgniter.php(933): App\Controllers\Siswa->UpdateData('17')
 5 SYSTEMPATH\CodeIgniter.php(509): CodeIgniter\CodeIgniter->runController(Object(App\Controllers\Siswa))
 6 SYSTEMPATH\CodeIgniter.php(355): CodeIgniter\CodeIgniter->handleRequest(null, Object(Config\Cache), false)
 7 SYSTEMPATH\Boot.php(312): CodeIgniter\CodeIgniter->run()
 8 SYSTEMPATH\Boot.php(67): CodeIgniter\Boot::runCodeIgniter(Object(CodeIgniter\CodeIgniter))
 9 FCPATH\index.php(56): CodeIgniter\Boot::bootWeb(Object(Config\Paths))
INFO - 2024-10-09 00:23:22 --> Session: Class initialized using 'CodeIgniter\Session\Handlers\FileHandler' driver.
INFO - 2024-10-09 00:23:54 --> Session: Class initialized using 'CodeIgniter\Session\Handlers\FileHandler' driver.
INFO - 2024-10-09 00:23:59 --> Session: Class initialized using 'CodeIgniter\Session\Handlers\FileHandler' driver.
INFO - 2024-10-09 00:24:00 --> Session: Class initialized using 'CodeIgniter\Session\Handlers\FileHandler' driver.
INFO - 2024-10-09 00:24:33 --> Session: Class initialized using 'CodeIgniter\Session\Handlers\FileHandler' driver.
INFO - 2024-10-09 00:26:35 --> Session: Class initialized using 'CodeIgniter\Session\Handlers\FileHandler' driver.
INFO - 2024-10-09 00:26:40 --> Session: Class initialized using 'CodeIgniter\Session\Handlers\FileHandler' driver.
INFO - 2024-10-09 00:26:44 --> Session: Class initialized using 'CodeIgniter\Session\Handlers\FileHandler' driver.
INFO - 2024-10-09 00:26:45 --> Session: Class initialized using 'CodeIgniter\Session\Handlers\FileHandler' driver.
INFO - 2024-10-09 00:30:30 --> Session: Class initialized using 'CodeIgniter\Session\Handlers\FileHandler' driver.
INFO - 2024-10-09 00:30:34 --> Session: Class initialized using 'CodeIgniter\Session\Handlers\FileHandler' driver.
INFO - 2024-10-09 00:30:41 --> Session: Class initialized using 'CodeIgniter\Session\Handlers\FileHandler' driver.
INFO - 2024-10-09 00:30:41 --> Session: Class initialized using 'CodeIgniter\Session\Handlers\FileHandler' driver.
INFO - 2024-10-09 00:31:01 --> Session: Class initialized using 'CodeIgniter\Session\Handlers\FileHandler' driver.
INFO - 2024-10-09 00:31:05 --> Session: Class initialized using 'CodeIgniter\Session\Handlers\FileHandler' driver.
INFO - 2024-10-09 00:31:06 --> Session: Class initialized using 'CodeIgniter\Session\Handlers\FileHandler' driver.
INFO - 2024-10-09 00:32:59 --> Session: Class initialized using 'CodeIgniter\Session\Handlers\FileHandler' driver.
INFO - 2024-10-09 00:33:37 --> Session: Class initialized using 'CodeIgniter\Session\Handlers\FileHandler' driver.
INFO - 2024-10-09 00:33:41 --> Session: Class initialized using 'CodeIgniter\Session\Handlers\FileHandler' driver.
INFO - 2024-10-09 00:33:43 --> Session: Class initialized using 'CodeIgniter\Session\Handlers\FileHandler' driver.
INFO - 2024-10-09 00:33:46 --> Session: Class initialized using 'CodeIgniter\Session\Handlers\FileHandler' driver.
INFO - 2024-10-09 00:34:20 --> Session: Class initialized using 'CodeIgniter\Session\Handlers\FileHandler' driver.
INFO - 2024-10-09 00:34:23 --> Session: Class initialized using 'CodeIgniter\Session\Handlers\FileHandler' driver.
INFO - 2024-10-09 00:34:26 --> Session: Class initialized using 'CodeIgniter\Session\Handlers\FileHandler' driver.
INFO - 2024-10-09 00:35:13 --> Session: Class initialized using 'CodeIgniter\Session\Handlers\FileHandler' driver.
INFO - 2024-10-09 00:45:26 --> Session: Class initialized using 'CodeIgniter\Session\Handlers\FileHandler' driver.
INFO - 2024-10-09 00:46:16 --> Session: Class initialized using 'CodeIgniter\Session\Handlers\FileHandler' driver.
CRITICAL - 2024-10-09 00:46:50 --> CodeIgniter\View\Exceptions\ViewException: Invalid file: "jurusan/v_index.php"
[Method: GET, Route: Jurusan]
in SYSTEMPATH\Exceptions\FrameworkException.php on line 41.
 1 SYSTEMPATH\View\View.php(222): CodeIgniter\Exceptions\FrameworkException::forInvalidFile('jurusan/v_index.php')
 2 SYSTEMPATH\Common.php(1171): CodeIgniter\View\View->render('jurusan/v_index', [], true)
 3 APPPATH\Views\v_template.php(188): view('jurusan/v_index')
 4 SYSTEMPATH\View\View.php(234): include('C:\\xampp\\htdocs\\presensi\\app\\Views\\v_template.php')
 5 SYSTEMPATH\View\View.php(237): CodeIgniter\View\View->CodeIgniter\View\{closure}()
 6 SYSTEMPATH\Common.php(1171): CodeIgniter\View\View->render('v_template', [], true)
 7 APPPATH\Controllers\Jurusan.php(32): view('v_template', [...])
 8 SYSTEMPATH\CodeIgniter.php(933): App\Controllers\Jurusan->index()
 9 SYSTEMPATH\CodeIgniter.php(509): CodeIgniter\CodeIgniter->runController(Object(App\Controllers\Jurusan))
10 SYSTEMPATH\CodeIgniter.php(355): CodeIgniter\CodeIgniter->handleRequest(null, Object(Config\Cache), false)
11 SYSTEMPATH\Boot.php(312): CodeIgniter\CodeIgniter->run()
12 SYSTEMPATH\Boot.php(67): CodeIgniter\Boot::runCodeIgniter(Object(CodeIgniter\CodeIgniter))
13 FCPATH\index.php(56): CodeIgniter\Boot::bootWeb(Object(Config\Paths))
INFO - 2024-10-09 00:48:21 --> Session: Class initialized using 'CodeIgniter\Session\Handlers\FileHandler' driver.
CRITICAL - 2024-10-09 00:48:21 --> ErrorException: Undefined variable $jurusan
[Method: GET, Route: Jurusan]
in APPPATH\Views\jurusan\v_index.php on line 42.
 1 APPPATH\Views\jurusan\v_index.php(42): CodeIgniter\Debug\Exceptions->errorHandler(2, 'Undefined variable $jurusan', 'C:\\xampp\\htdocs\\presensi\\app\\Views\\jurusan\\v_index.php', 42)
 2 SYSTEMPATH\View\View.php(234): include('C:\\xampp\\htdocs\\presensi\\app\\Views\\jurusan\\v_index.php')
 3 SYSTEMPATH\View\View.php(237): CodeIgniter\View\View->CodeIgniter\View\{closure}()
 4 SYSTEMPATH\Common.php(1171): CodeIgniter\View\View->render('jurusan/v_index', [], true)
 5 APPPATH\Views\v_template.php(188): view('jurusan/v_index')
 6 SYSTEMPATH\View\View.php(234): include('C:\\xampp\\htdocs\\presensi\\app\\Views\\v_template.php')
 7 SYSTEMPATH\View\View.php(237): CodeIgniter\View\View->CodeIgniter\View\{closure}()
 8 SYSTEMPATH\Common.php(1171): CodeIgniter\View\View->render('v_template', [], true)
 9 APPPATH\Controllers\Jurusan.php(32): view('v_template', [...])
10 SYSTEMPATH\CodeIgniter.php(933): App\Controllers\Jurusan->index()
11 SYSTEMPATH\CodeIgniter.php(509): CodeIgniter\CodeIgniter->runController(Object(App\Controllers\Jurusan))
12 SYSTEMPATH\CodeIgniter.php(355): CodeIgniter\CodeIgniter->handleRequest(null, Object(Config\Cache), false)
13 SYSTEMPATH\Boot.php(312): CodeIgniter\CodeIgniter->run()
14 SYSTEMPATH\Boot.php(67): CodeIgniter\Boot::runCodeIgniter(Object(CodeIgniter\CodeIgniter))
15 FCPATH\index.php(56): CodeIgniter\Boot::bootWeb(Object(Config\Paths))
INFO - 2024-10-09 00:52:01 --> Session: Class initialized using 'CodeIgniter\Session\Handlers\FileHandler' driver.
INFO - 2024-10-09 00:52:48 --> Session: Class initialized using 'CodeIgniter\Session\Handlers\FileHandler' driver.
INFO - 2024-10-09 00:53:12 --> Session: Class initialized using 'CodeIgniter\Session\Handlers\FileHandler' driver.
INFO - 2024-10-09 00:53:17 --> Session: Class initialized using 'CodeIgniter\Session\Handlers\FileHandler' driver.
INFO - 2024-10-09 00:58:29 --> Session: Class initialized using 'CodeIgniter\Session\Handlers\FileHandler' driver.
CRITICAL - 2024-10-09 00:59:13 --> CodeIgniter\View\Exceptions\ViewException: Invalid file: "jurusan/v_input.php"
[Method: GET, Route: Jurusan/Input]
in SYSTEMPATH\Exceptions\FrameworkException.php on line 41.
 1 SYSTEMPATH\View\View.php(222): CodeIgniter\Exceptions\FrameworkException::forInvalidFile('jurusan/v_input.php')
 2 SYSTEMPATH\Common.php(1171): CodeIgniter\View\View->render('jurusan/v_input', [], true)
 3 APPPATH\Views\v_template.php(188): view('jurusan/v_input')
 4 SYSTEMPATH\View\View.php(234): include('C:\\xampp\\htdocs\\presensi\\app\\Views\\v_template.php')
 5 SYSTEMPATH\View\View.php(237): CodeIgniter\View\View->CodeIgniter\View\{closure}()
 6 SYSTEMPATH\Common.php(1171): CodeIgniter\View\View->render('v_template', [], true)
 7 APPPATH\Controllers\Jurusan.php(36): view('v_template', [...])
 8 SYSTEMPATH\CodeIgniter.php(933): App\Controllers\Jurusan->Input()
 9 SYSTEMPATH\CodeIgniter.php(509): CodeIgniter\CodeIgniter->runController(Object(App\Controllers\Jurusan))
10 SYSTEMPATH\CodeIgniter.php(355): CodeIgniter\CodeIgniter->handleRequest(null, Object(Config\Cache), false)
11 SYSTEMPATH\Boot.php(312): CodeIgniter\CodeIgniter->run()
12 SYSTEMPATH\Boot.php(67): CodeIgniter\Boot::runCodeIgniter(Object(CodeIgniter\CodeIgniter))
13 FCPATH\index.php(56): CodeIgniter\Boot::bootWeb(Object(Config\Paths))
INFO - 2024-10-09 01:00:02 --> Session: Class initialized using 'CodeIgniter\Session\Handlers\FileHandler' driver.
INFO - 2024-10-09 01:01:55 --> Session: Class initialized using 'CodeIgniter\Session\Handlers\FileHandler' driver.
INFO - 2024-10-09 01:02:17 --> Session: Class initialized using 'CodeIgniter\Session\Handlers\FileHandler' driver.
INFO - 2024-10-09 01:02:50 --> Session: Class initialized using 'CodeIgniter\Session\Handlers\FileHandler' driver.
INFO - 2024-10-09 01:03:12 --> Session: Class initialized using 'CodeIgniter\Session\Handlers\FileHandler' driver.
INFO - 2024-10-09 01:03:26 --> Session: Class initialized using 'CodeIgniter\Session\Handlers\FileHandler' driver.
INFO - 2024-10-09 01:03:30 --> Session: Class initialized using 'CodeIgniter\Session\Handlers\FileHandler' driver.
INFO - 2024-10-09 01:03:53 --> Session: Class initialized using 'CodeIgniter\Session\Handlers\FileHandler' driver.
INFO - 2024-10-09 01:03:56 --> Session: Class initialized using 'CodeIgniter\Session\Handlers\FileHandler' driver.
INFO - 2024-10-09 01:03:59 --> Session: Class initialized using 'CodeIgniter\Session\Handlers\FileHandler' driver.
CRITICAL - 2024-10-09 01:04:48 --> TypeError: Endroid\QrCode\QrCode::create(): Argument #1 ($data) must be of type string, null given, called in C:\xampp\htdocs\presensi\app\Controllers\Siswa.php on line 54
[Method: POST, Route: Siswa/InsertData]
in VENDORPATH\endroid\qr-code\src\QrCode.php on line 26.
 1 APPPATH\Controllers\Siswa.php(54): Endroid\QrCode\QrCode::create(null)
 2 SYSTEMPATH\CodeIgniter.php(933): App\Controllers\Siswa->InsertData()
 3 SYSTEMPATH\CodeIgniter.php(509): CodeIgniter\CodeIgniter->runController(Object(App\Controllers\Siswa))
 4 SYSTEMPATH\CodeIgniter.php(355): CodeIgniter\CodeIgniter->handleRequest(null, Object(Config\Cache), false)
 5 SYSTEMPATH\Boot.php(312): CodeIgniter\CodeIgniter->run()
 6 SYSTEMPATH\Boot.php(67): CodeIgniter\Boot::runCodeIgniter(Object(CodeIgniter\CodeIgniter))
 7 FCPATH\index.php(56): CodeIgniter\Boot::bootWeb(Object(Config\Paths))
INFO - 2024-10-09 01:04:53 --> Session: Class initialized using 'CodeIgniter\Session\Handlers\FileHandler' driver.
CRITICAL - 2024-10-09 01:05:09 --> TypeError: Endroid\QrCode\QrCode::create(): Argument #1 ($data) must be of type string, null given, called in C:\xampp\htdocs\presensi\app\Controllers\Siswa.php on line 54
[Method: POST, Route: Siswa/InsertData]
in VENDORPATH\endroid\qr-code\src\QrCode.php on line 26.
 1 APPPATH\Controllers\Siswa.php(54): Endroid\QrCode\QrCode::create(null)
 2 SYSTEMPATH\CodeIgniter.php(933): App\Controllers\Siswa->InsertData()
 3 SYSTEMPATH\CodeIgniter.php(509): CodeIgniter\CodeIgniter->runController(Object(App\Controllers\Siswa))
 4 SYSTEMPATH\CodeIgniter.php(355): CodeIgniter\CodeIgniter->handleRequest(null, Object(Config\Cache), false)
 5 SYSTEMPATH\Boot.php(312): CodeIgniter\CodeIgniter->run()
 6 SYSTEMPATH\Boot.php(67): CodeIgniter\Boot::runCodeIgniter(Object(CodeIgniter\CodeIgniter))
 7 FCPATH\index.php(56): CodeIgniter\Boot::bootWeb(Object(Config\Paths))
INFO - 2024-10-09 01:05:13 --> Session: Class initialized using 'CodeIgniter\Session\Handlers\FileHandler' driver.
INFO - 2024-10-09 01:05:15 --> Session: Class initialized using 'CodeIgniter\Session\Handlers\FileHandler' driver.
INFO - 2024-10-09 01:07:08 --> Session: Class initialized using 'CodeIgniter\Session\Handlers\FileHandler' driver.
INFO - 2024-10-09 01:07:08 --> Session: Class initialized using 'CodeIgniter\Session\Handlers\FileHandler' driver.
INFO - 2024-10-09 01:07:16 --> Session: Class initialized using 'CodeIgniter\Session\Handlers\FileHandler' driver.
INFO - 2024-10-09 01:07:16 --> Session: Class initialized using 'CodeIgniter\Session\Handlers\FileHandler' driver.
INFO - 2024-10-09 01:07:51 --> Session: Class initialized using 'CodeIgniter\Session\Handlers\FileHandler' driver.
INFO - 2024-10-09 01:08:05 --> Session: Class initialized using 'CodeIgniter\Session\Handlers\FileHandler' driver.
INFO - 2024-10-09 01:08:07 --> Session: Class initialized using 'CodeIgniter\Session\Handlers\FileHandler' driver.
INFO - 2024-10-09 01:08:13 --> Session: Class initialized using 'CodeIgniter\Session\Handlers\FileHandler' driver.
INFO - 2024-10-09 01:08:13 --> Session: Class initialized using 'CodeIgniter\Session\Handlers\FileHandler' driver.
INFO - 2024-10-09 01:09:40 --> Session: Class initialized using 'CodeIgniter\Session\Handlers\FileHandler' driver.
INFO - 2024-10-09 01:10:11 --> Session: Class initialized using 'CodeIgniter\Session\Handlers\FileHandler' driver.
INFO - 2024-10-09 01:10:23 --> Session: Class initialized using 'CodeIgniter\Session\Handlers\FileHandler' driver.
INFO - 2024-10-09 01:10:23 --> Session: Class initialized using 'CodeIgniter\Session\Handlers\FileHandler' driver.
INFO - 2024-10-09 01:12:12 --> Session: Class initialized using 'CodeIgniter\Session\Handlers\FileHandler' driver.
CRITICAL - 2024-10-09 01:13:20 --> ErrorException: Undefined property: App\Controllers\Jurusan::$ModelSiswa
[Method: GET, Route: Jurusan/Edit/3]
in APPPATH\Controllers\Jurusan.php on line 78.
 1 APPPATH\Controllers\Jurusan.php(78): CodeIgniter\Debug\Exceptions->errorHandler(2, 'Undefined property: App\\Controllers\\Jurusan::$ModelSiswa', 'C:\\xampp\\htdocs\\presensi\\app\\Controllers\\Jurusan.php', 78)
 2 SYSTEMPATH\CodeIgniter.php(933): App\Controllers\Jurusan->Edit('3')
 3 SYSTEMPATH\CodeIgniter.php(509): CodeIgniter\CodeIgniter->runController(Object(App\Controllers\Jurusan))
 4 SYSTEMPATH\CodeIgniter.php(355): CodeIgniter\CodeIgniter->handleRequest(null, Object(Config\Cache), false)
 5 SYSTEMPATH\Boot.php(312): CodeIgniter\CodeIgniter->run()
 6 SYSTEMPATH\Boot.php(67): CodeIgniter\Boot::runCodeIgniter(Object(CodeIgniter\CodeIgniter))
 7 FCPATH\index.php(56): CodeIgniter\Boot::bootWeb(Object(Config\Paths))
CRITICAL - 2024-10-09 01:13:45 --> ErrorException: Undefined property: App\Controllers\Jurusan::$ModelSiswa
[Method: GET, Route: Jurusan/Edit/3]
in APPPATH\Controllers\Jurusan.php on line 78.
 1 APPPATH\Controllers\Jurusan.php(78): CodeIgniter\Debug\Exceptions->errorHandler(2, 'Undefined property: App\\Controllers\\Jurusan::$ModelSiswa', 'C:\\xampp\\htdocs\\presensi\\app\\Controllers\\Jurusan.php', 78)
 2 SYSTEMPATH\CodeIgniter.php(933): App\Controllers\Jurusan->Edit('3')
 3 SYSTEMPATH\CodeIgniter.php(509): CodeIgniter\CodeIgniter->runController(Object(App\Controllers\Jurusan))
 4 SYSTEMPATH\CodeIgniter.php(355): CodeIgniter\CodeIgniter->handleRequest(null, Object(Config\Cache), false)
 5 SYSTEMPATH\Boot.php(312): CodeIgniter\CodeIgniter->run()
 6 SYSTEMPATH\Boot.php(67): CodeIgniter\Boot::runCodeIgniter(Object(CodeIgniter\CodeIgniter))
 7 FCPATH\index.php(56): CodeIgniter\Boot::bootWeb(Object(Config\Paths))
CRITICAL - 2024-10-09 01:13:56 --> CodeIgniter\View\Exceptions\ViewException: Invalid file: "jurusan/v_edit.php"
[Method: GET, Route: Jurusan/Edit/3]
in SYSTEMPATH\Exceptions\FrameworkException.php on line 41.
 1 SYSTEMPATH\View\View.php(222): CodeIgniter\Exceptions\FrameworkException::forInvalidFile('jurusan/v_edit.php')
 2 SYSTEMPATH\Common.php(1171): CodeIgniter\View\View->render('jurusan/v_edit', [], true)
 3 APPPATH\Views\v_template.php(188): view('jurusan/v_edit')
 4 SYSTEMPATH\View\View.php(234): include('C:\\xampp\\htdocs\\presensi\\app\\Views\\v_template.php')
 5 SYSTEMPATH\View\View.php(237): CodeIgniter\View\View->CodeIgniter\View\{closure}()
 6 SYSTEMPATH\Common.php(1171): CodeIgniter\View\View->render('v_template', [], true)
 7 APPPATH\Controllers\Jurusan.php(80): view('v_template', [...])
 8 SYSTEMPATH\CodeIgniter.php(933): App\Controllers\Jurusan->Edit('3')
 9 SYSTEMPATH\CodeIgniter.php(509): CodeIgniter\CodeIgniter->runController(Object(App\Controllers\Jurusan))
10 SYSTEMPATH\CodeIgniter.php(355): CodeIgniter\CodeIgniter->handleRequest(null, Object(Config\Cache), false)
11 SYSTEMPATH\Boot.php(312): CodeIgniter\CodeIgniter->run()
12 SYSTEMPATH\Boot.php(67): CodeIgniter\Boot::runCodeIgniter(Object(CodeIgniter\CodeIgniter))
13 FCPATH\index.php(56): CodeIgniter\Boot::bootWeb(Object(Config\Paths))
INFO - 2024-10-09 01:15:26 --> Session: Class initialized using 'CodeIgniter\Session\Handlers\FileHandler' driver.
INFO - 2024-10-09 01:15:33 --> Session: Class initialized using 'CodeIgniter\Session\Handlers\FileHandler' driver.
INFO - 2024-10-09 01:15:35 --> Session: Class initialized using 'CodeIgniter\Session\Handlers\FileHandler' driver.
INFO - 2024-10-09 01:15:39 --> Session: Class initialized using 'CodeIgniter\Session\Handlers\FileHandler' driver.
INFO - 2024-10-09 01:15:41 --> Session: Class initialized using 'CodeIgniter\Session\Handlers\FileHandler' driver.
INFO - 2024-10-09 01:16:07 --> Session: Class initialized using 'CodeIgniter\Session\Handlers\FileHandler' driver.
INFO - 2024-10-09 01:17:23 --> Session: Class initialized using 'CodeIgniter\Session\Handlers\FileHandler' driver.
INFO - 2024-10-09 01:17:23 --> Session: Class initialized using 'CodeIgniter\Session\Handlers\FileHandler' driver.
INFO - 2024-10-09 01:17:29 --> Session: Class initialized using 'CodeIgniter\Session\Handlers\FileHandler' driver.
INFO - 2024-10-09 01:17:33 --> Session: Class initialized using 'CodeIgniter\Session\Handlers\FileHandler' driver.
CRITICAL - 2024-10-09 01:17:37 --> CodeIgniter\Database\Exceptions\DatabaseException: You must set the database table to be used with your query.
[Method: POST, Route: Jurusan/UpdateData/2]
in SYSTEMPATH\Database\BaseConnection.php on line 913.
 1 SYSTEMPATH\Model.php(705): CodeIgniter\Database\BaseConnection->table(null)
 2 SYSTEMPATH\Model.php(911): CodeIgniter\Model->builder()
 3 APPPATH\Controllers\Jurusan.php(106): CodeIgniter\Model->__call('UpdateData', [...])
 4 SYSTEMPATH\CodeIgniter.php(933): App\Controllers\Jurusan->UpdateData('2')
 5 SYSTEMPATH\CodeIgniter.php(509): CodeIgniter\CodeIgniter->runController(Object(App\Controllers\Jurusan))
 6 SYSTEMPATH\CodeIgniter.php(355): CodeIgniter\CodeIgniter->handleRequest(null, Object(Config\Cache), false)
 7 SYSTEMPATH\Boot.php(312): CodeIgniter\CodeIgniter->run()
 8 SYSTEMPATH\Boot.php(67): CodeIgniter\Boot::runCodeIgniter(Object(CodeIgniter\CodeIgniter))
 9 FCPATH\index.php(56): CodeIgniter\Boot::bootWeb(Object(Config\Paths))
INFO - 2024-10-09 01:18:04 --> Session: Class initialized using 'CodeIgniter\Session\Handlers\FileHandler' driver.
INFO - 2024-10-09 01:18:07 --> Session: Class initialized using 'CodeIgniter\Session\Handlers\FileHandler' driver.
INFO - 2024-10-09 01:18:07 --> Session: Class initialized using 'CodeIgniter\Session\Handlers\FileHandler' driver.
INFO - 2024-10-09 01:18:10 --> Session: Class initialized using 'CodeIgniter\Session\Handlers\FileHandler' driver.
INFO - 2024-10-09 01:18:14 --> Session: Class initialized using 'CodeIgniter\Session\Handlers\FileHandler' driver.
INFO - 2024-10-09 01:18:14 --> Session: Class initialized using 'CodeIgniter\Session\Handlers\FileHandler' driver.
INFO - 2024-10-09 01:18:36 --> Session: Class initialized using 'CodeIgniter\Session\Handlers\FileHandler' driver.
INFO - 2024-10-09 01:18:58 --> Session: Class initialized using 'CodeIgniter\Session\Handlers\FileHandler' driver.
INFO - 2024-10-09 01:19:11 --> Session: Class initialized using 'CodeIgniter\Session\Handlers\FileHandler' driver.
INFO - 2024-10-09 01:19:16 --> Session: Class initialized using 'CodeIgniter\Session\Handlers\FileHandler' driver.
INFO - 2024-10-09 01:19:21 --> Session: Class initialized using 'CodeIgniter\Session\Handlers\FileHandler' driver.
INFO - 2024-10-09 01:19:21 --> Session: Class initialized using 'CodeIgniter\Session\Handlers\FileHandler' driver.
INFO - 2024-10-09 01:19:28 --> Session: Class initialized using 'CodeIgniter\Session\Handlers\FileHandler' driver.
INFO - 2024-10-09 01:20:10 --> Session: Class initialized using 'CodeIgniter\Session\Handlers\FileHandler' driver.
INFO - 2024-10-09 01:20:27 --> Session: Class initialized using 'CodeIgniter\Session\Handlers\FileHandler' driver.
INFO - 2024-10-09 01:20:31 --> Session: Class initialized using 'CodeIgniter\Session\Handlers\FileHandler' driver.
INFO - 2024-10-09 01:20:31 --> Session: Class initialized using 'CodeIgniter\Session\Handlers\FileHandler' driver.
INFO - 2024-10-09 01:20:41 --> Session: Class initialized using 'CodeIgniter\Session\Handlers\FileHandler' driver.
INFO - 2024-10-09 01:21:15 --> Session: Class initialized using 'CodeIgniter\Session\Handlers\FileHandler' driver.
INFO - 2024-10-09 01:21:17 --> Session: Class initialized using 'CodeIgniter\Session\Handlers\FileHandler' driver.
INFO - 2024-10-09 01:23:05 --> Session: Class initialized using 'CodeIgniter\Session\Handlers\FileHandler' driver.
CRITICAL - 2024-10-09 01:24:12 --> CodeIgniter\View\Exceptions\ViewException: Invalid file: "kelas/v_index.php"
[Method: GET, Route: Kelas]
in SYSTEMPATH\Exceptions\FrameworkException.php on line 41.
 1 SYSTEMPATH\View\View.php(222): CodeIgniter\Exceptions\FrameworkException::forInvalidFile('kelas/v_index.php')
 2 SYSTEMPATH\Common.php(1171): CodeIgniter\View\View->render('kelas/v_index', [], true)
 3 APPPATH\Views\v_template.php(193): view('kelas/v_index')
 4 SYSTEMPATH\View\View.php(234): include('C:\\xampp\\htdocs\\presensi\\app\\Views\\v_template.php')
 5 SYSTEMPATH\View\View.php(237): CodeIgniter\View\View->CodeIgniter\View\{closure}()
 6 SYSTEMPATH\Common.php(1171): CodeIgniter\View\View->render('v_template', [], true)
 7 APPPATH\Controllers\Kelas.php(24): view('v_template', [...])
 8 SYSTEMPATH\CodeIgniter.php(933): App\Controllers\Kelas->index()
 9 SYSTEMPATH\CodeIgniter.php(509): CodeIgniter\CodeIgniter->runController(Object(App\Controllers\Kelas))
10 SYSTEMPATH\CodeIgniter.php(355): CodeIgniter\CodeIgniter->handleRequest(null, Object(Config\Cache), false)
11 SYSTEMPATH\Boot.php(312): CodeIgniter\CodeIgniter->run()
12 SYSTEMPATH\Boot.php(67): CodeIgniter\Boot::runCodeIgniter(Object(CodeIgniter\CodeIgniter))
13 FCPATH\index.php(56): CodeIgniter\Boot::bootWeb(Object(Config\Paths))
INFO - 2024-10-09 01:24:48 --> Session: Class initialized using 'CodeIgniter\Session\Handlers\FileHandler' driver.
INFO - 2024-10-09 01:24:49 --> Session: Class initialized using 'CodeIgniter\Session\Handlers\FileHandler' driver.
INFO - 2024-10-09 01:25:45 --> Session: Class initialized using 'CodeIgniter\Session\Handlers\FileHandler' driver.
INFO - 2024-10-09 01:26:09 --> Session: Class initialized using 'CodeIgniter\Session\Handlers\FileHandler' driver.
INFO - 2024-10-09 01:26:36 --> Session: Class initialized using 'CodeIgniter\Session\Handlers\FileHandler' driver.
INFO - 2024-10-09 01:27:02 --> Session: Class initialized using 'CodeIgniter\Session\Handlers\FileHandler' driver.
INFO - 2024-10-09 01:27:56 --> Session: Class initialized using 'CodeIgniter\Session\Handlers\FileHandler' driver.
INFO - 2024-10-09 01:28:54 --> Session: Class initialized using 'CodeIgniter\Session\Handlers\FileHandler' driver.
CRITICAL - 2024-10-09 01:28:56 --> CodeIgniter\View\Exceptions\ViewException: Invalid file: "kelas/v_detail_kelas.php"
[Method: GET, Route: Kelas/Detail/3]
in SYSTEMPATH\Exceptions\FrameworkException.php on line 41.
 1 SYSTEMPATH\View\View.php(222): CodeIgniter\Exceptions\FrameworkException::forInvalidFile('kelas/v_detail_kelas.php')
 2 SYSTEMPATH\Common.php(1171): CodeIgniter\View\View->render('kelas/v_detail_kelas', [], true)
 3 APPPATH\Views\v_template.php(193): view('kelas/v_detail_kelas')
 4 SYSTEMPATH\View\View.php(234): include('C:\\xampp\\htdocs\\presensi\\app\\Views\\v_template.php')
 5 SYSTEMPATH\View\View.php(237): CodeIgniter\View\View->CodeIgniter\View\{closure}()
 6 SYSTEMPATH\Common.php(1171): CodeIgniter\View\View->render('v_template', [], true)
 7 APPPATH\Controllers\Kelas.php(39): view('v_template', [...])
 8 SYSTEMPATH\CodeIgniter.php(933): App\Controllers\Kelas->Detail('3')
 9 SYSTEMPATH\CodeIgniter.php(509): CodeIgniter\CodeIgniter->runController(Object(App\Controllers\Kelas))
10 SYSTEMPATH\CodeIgniter.php(355): CodeIgniter\CodeIgniter->handleRequest(null, Object(Config\Cache), false)
11 SYSTEMPATH\Boot.php(312): CodeIgniter\CodeIgniter->run()
12 SYSTEMPATH\Boot.php(67): CodeIgniter\Boot::runCodeIgniter(Object(CodeIgniter\CodeIgniter))
13 FCPATH\index.php(56): CodeIgniter\Boot::bootWeb(Object(Config\Paths))
INFO - 2024-10-09 01:30:44 --> Session: Class initialized using 'CodeIgniter\Session\Handlers\FileHandler' driver.
CRITICAL - 2024-10-09 01:30:44 --> ErrorException: Undefined variable $kelas
[Method: GET, Route: Kelas/Detail/3]
in APPPATH\Views\kelas\v_detail_kelas.php on line 52.
 1 APPPATH\Views\kelas\v_detail_kelas.php(52): CodeIgniter\Debug\Exceptions->errorHandler(2, 'Undefined variable $kelas', 'C:\\xampp\\htdocs\\presensi\\app\\Views\\kelas\\v_detail_kelas.php', 52)
 2 SYSTEMPATH\View\View.php(234): include('C:\\xampp\\htdocs\\presensi\\app\\Views\\kelas\\v_detail_kelas.php')
 3 SYSTEMPATH\View\View.php(237): CodeIgniter\View\View->CodeIgniter\View\{closure}()
 4 SYSTEMPATH\Common.php(1171): CodeIgniter\View\View->render('kelas/v_detail_kelas', [], true)
 5 APPPATH\Views\v_template.php(193): view('kelas/v_detail_kelas')
 6 SYSTEMPATH\View\View.php(234): include('C:\\xampp\\htdocs\\presensi\\app\\Views\\v_template.php')
 7 SYSTEMPATH\View\View.php(237): CodeIgniter\View\View->CodeIgniter\View\{closure}()
 8 SYSTEMPATH\Common.php(1171): CodeIgniter\View\View->render('v_template', [], true)
 9 APPPATH\Controllers\Kelas.php(39): view('v_template', [...])
10 SYSTEMPATH\CodeIgniter.php(933): App\Controllers\Kelas->Detail('3')
11 SYSTEMPATH\CodeIgniter.php(509): CodeIgniter\CodeIgniter->runController(Object(App\Controllers\Kelas))
12 SYSTEMPATH\CodeIgniter.php(355): CodeIgniter\CodeIgniter->handleRequest(null, Object(Config\Cache), false)
13 SYSTEMPATH\Boot.php(312): CodeIgniter\CodeIgniter->run()
14 SYSTEMPATH\Boot.php(67): CodeIgniter\Boot::runCodeIgniter(Object(CodeIgniter\CodeIgniter))
15 FCPATH\index.php(56): CodeIgniter\Boot::bootWeb(Object(Config\Paths))
CRITICAL - 2024-10-09 01:30:58 --> ErrorException: Undefined property: App\Controllers\Kelas::$ModelKelas
[Method: GET, Route: Kelas/Detail/3]
in APPPATH\Controllers\Kelas.php on line 37.
 1 APPPATH\Controllers\Kelas.php(37): CodeIgniter\Debug\Exceptions->errorHandler(2, 'Undefined property: App\\Controllers\\Kelas::$ModelKelas', 'C:\\xampp\\htdocs\\presensi\\app\\Controllers\\Kelas.php', 37)
 2 SYSTEMPATH\CodeIgniter.php(933): App\Controllers\Kelas->Detail('3')
 3 SYSTEMPATH\CodeIgniter.php(509): CodeIgniter\CodeIgniter->runController(Object(App\Controllers\Kelas))
 4 SYSTEMPATH\CodeIgniter.php(355): CodeIgniter\CodeIgniter->handleRequest(null, Object(Config\Cache), false)
 5 SYSTEMPATH\Boot.php(312): CodeIgniter\CodeIgniter->run()
 6 SYSTEMPATH\Boot.php(67): CodeIgniter\Boot::runCodeIgniter(Object(CodeIgniter\CodeIgniter))
 7 FCPATH\index.php(56): CodeIgniter\Boot::bootWeb(Object(Config\Paths))
CRITICAL - 2024-10-09 01:33:44 --> ErrorException: Undefined property: App\Controllers\Kelas::$ModelKelas
[Method: GET, Route: Kelas/Detail/3]
in APPPATH\Controllers\Kelas.php on line 37.
 1 APPPATH\Controllers\Kelas.php(37): CodeIgniter\Debug\Exceptions->errorHandler(2, 'Undefined property: App\\Controllers\\Kelas::$ModelKelas', 'C:\\xampp\\htdocs\\presensi\\app\\Controllers\\Kelas.php', 37)
 2 SYSTEMPATH\CodeIgniter.php(933): App\Controllers\Kelas->Detail('3')
 3 SYSTEMPATH\CodeIgniter.php(509): CodeIgniter\CodeIgniter->runController(Object(App\Controllers\Kelas))
 4 SYSTEMPATH\CodeIgniter.php(355): CodeIgniter\CodeIgniter->handleRequest(null, Object(Config\Cache), false)
 5 SYSTEMPATH\Boot.php(312): CodeIgniter\CodeIgniter->run()
 6 SYSTEMPATH\Boot.php(67): CodeIgniter\Boot::runCodeIgniter(Object(CodeIgniter\CodeIgniter))
 7 FCPATH\index.php(56): CodeIgniter\Boot::bootWeb(Object(Config\Paths))
CRITICAL - 2024-10-09 01:33:51 --> ErrorException: Undefined property: App\Controllers\Kelas::$ModelKelas
[Method: GET, Route: Kelas/Detail/3]
in APPPATH\Controllers\Kelas.php on line 37.
 1 APPPATH\Controllers\Kelas.php(37): CodeIgniter\Debug\Exceptions->errorHandler(2, 'Undefined property: App\\Controllers\\Kelas::$ModelKelas', 'C:\\xampp\\htdocs\\presensi\\app\\Controllers\\Kelas.php', 37)
 2 SYSTEMPATH\CodeIgniter.php(933): App\Controllers\Kelas->Detail('3')
 3 SYSTEMPATH\CodeIgniter.php(509): CodeIgniter\CodeIgniter->runController(Object(App\Controllers\Kelas))
 4 SYSTEMPATH\CodeIgniter.php(355): CodeIgniter\CodeIgniter->handleRequest(null, Object(Config\Cache), false)
 5 SYSTEMPATH\Boot.php(312): CodeIgniter\CodeIgniter->run()
 6 SYSTEMPATH\Boot.php(67): CodeIgniter\Boot::runCodeIgniter(Object(CodeIgniter\CodeIgniter))
 7 FCPATH\index.php(56): CodeIgniter\Boot::bootWeb(Object(Config\Paths))
INFO - 2024-10-09 01:34:19 --> Session: Class initialized using 'CodeIgniter\Session\Handlers\FileHandler' driver.
INFO - 2024-10-09 01:35:00 --> Session: Class initialized using 'CodeIgniter\Session\Handlers\FileHandler' driver.
INFO - 2024-10-09 01:36:14 --> Session: Class initialized using 'CodeIgniter\Session\Handlers\FileHandler' driver.
INFO - 2024-10-09 01:36:36 --> Session: Class initialized using 'CodeIgniter\Session\Handlers\FileHandler' driver.
INFO - 2024-10-09 01:36:55 --> Session: Class initialized using 'CodeIgniter\Session\Handlers\FileHandler' driver.
INFO - 2024-10-09 01:38:25 --> Session: Class initialized using 'CodeIgniter\Session\Handlers\FileHandler' driver.
INFO - 2024-10-09 01:40:44 --> Session: Class initialized using 'CodeIgniter\Session\Handlers\FileHandler' driver.
INFO - 2024-10-09 01:40:49 --> Session: Class initialized using 'CodeIgniter\Session\Handlers\FileHandler' driver.
INFO - 2024-10-09 01:40:50 --> Session: Class initialized using 'CodeIgniter\Session\Handlers\FileHandler' driver.
ERROR - 2024-10-09 01:40:50 --> mysqli_sql_exception: Unknown column 'id_kelas' in 'where clause' in C:\xampp\htdocs\presensi\system\Database\MySQLi\Connection.php:308
Stack trace:
#0 C:\xampp\htdocs\presensi\system\Database\MySQLi\Connection.php(308): mysqli->query('SELECT COUNT(*)...', 0)
#1 C:\xampp\htdocs\presensi\system\Database\BaseConnection.php(722): CodeIgniter\Database\MySQLi\Connection->execute('SELECT COUNT(*)...')
#2 C:\xampp\htdocs\presensi\system\Database\BaseConnection.php(636): CodeIgniter\Database\BaseConnection->simpleQuery('SELECT COUNT(*)...')
#3 C:\xampp\htdocs\presensi\system\Database\BaseBuilder.php(1713): CodeIgniter\Database\BaseConnection->query('SELECT COUNT(*)...', Array, false)
#4 C:\xampp\htdocs\presensi\app\Views\kelas\v_detail_kelas.php(54): CodeIgniter\Database\BaseBuilder->countAllResults()
#5 C:\xampp\htdocs\presensi\system\View\View.php(234): include('C:\\xampp\\htdocs...')
#6 C:\xampp\htdocs\presensi\system\View\View.php(237): CodeIgniter\View\View->CodeIgniter\View\{closure}()
#7 C:\xampp\htdocs\presensi\system\Common.php(1171): CodeIgniter\View\View->render('kelas/v_detail_...', Array, true)
#8 C:\xampp\htdocs\presensi\app\Views\v_template.php(193): view('kelas/v_detail_...')
#9 C:\xampp\htdocs\presensi\system\View\View.php(234): include('C:\\xampp\\htdocs...')
#10 C:\xampp\htdocs\presensi\system\View\View.php(237): CodeIgniter\View\View->CodeIgniter\View\{closure}()
#11 C:\xampp\htdocs\presensi\system\Common.php(1171): CodeIgniter\View\View->render('v_template', Array, true)
#12 C:\xampp\htdocs\presensi\app\Controllers\Kelas.php(41): view('v_template', Array)
#13 C:\xampp\htdocs\presensi\system\CodeIgniter.php(933): App\Controllers\Kelas->Detail('3')
#14 C:\xampp\htdocs\presensi\system\CodeIgniter.php(509): CodeIgniter\CodeIgniter->runController(Object(App\Controllers\Kelas))
#15 C:\xampp\htdocs\presensi\system\CodeIgniter.php(355): CodeIgniter\CodeIgniter->handleRequest(NULL, Object(Config\Cache), false)
#16 C:\xampp\htdocs\presensi\system\Boot.php(312): CodeIgniter\CodeIgniter->run()
#17 C:\xampp\htdocs\presensi\system\Boot.php(67): CodeIgniter\Boot::runCodeIgniter(Object(CodeIgniter\CodeIgniter))
#18 C:\xampp\htdocs\presensi\public\index.php(56): CodeIgniter\Boot::bootWeb(Object(Config\Paths))
#19 {main}
CRITICAL - 2024-10-09 01:40:50 --> CodeIgniter\Database\Exceptions\DatabaseException: Unknown column 'id_kelas' in 'where clause'
[Method: GET, Route: Kelas/Detail/3]
in SYSTEMPATH\Database\BaseConnection.php on line 676.
 1 SYSTEMPATH\Database\BaseBuilder.php(1713): CodeIgniter\Database\BaseConnection->query('SELECT COUNT(*) AS `numrows`
FROM `tbl_siswa`
WHERE `id_kelas` = :id_kelas:', [...], false)
 2 APPPATH\Views\kelas\v_detail_kelas.php(54): CodeIgniter\Database\BaseBuilder->countAllResults()
 3 SYSTEMPATH\View\View.php(234): include('C:\\xampp\\htdocs\\presensi\\app\\Views\\kelas\\v_detail_kelas.php')
 4 SYSTEMPATH\View\View.php(237): CodeIgniter\View\View->CodeIgniter\View\{closure}()
 5 SYSTEMPATH\Common.php(1171): CodeIgniter\View\View->render('kelas/v_detail_kelas', [], true)
 6 APPPATH\Views\v_template.php(193): view('kelas/v_detail_kelas')
 7 SYSTEMPATH\View\View.php(234): include('C:\\xampp\\htdocs\\presensi\\app\\Views\\v_template.php')
 8 SYSTEMPATH\View\View.php(237): CodeIgniter\View\View->CodeIgniter\View\{closure}()
 9 SYSTEMPATH\Common.php(1171): CodeIgniter\View\View->render('v_template', [], true)
10 APPPATH\Controllers\Kelas.php(41): view('v_template', [...])
11 SYSTEMPATH\CodeIgniter.php(933): App\Controllers\Kelas->Detail('3')
12 SYSTEMPATH\CodeIgniter.php(509): CodeIgniter\CodeIgniter->runController(Object(App\Controllers\Kelas))
13 SYSTEMPATH\CodeIgniter.php(355): CodeIgniter\CodeIgniter->handleRequest(null, Object(Config\Cache), false)
14 SYSTEMPATH\Boot.php(312): CodeIgniter\CodeIgniter->run()
15 SYSTEMPATH\Boot.php(67): CodeIgniter\Boot::runCodeIgniter(Object(CodeIgniter\CodeIgniter))
16 FCPATH\index.php(56): CodeIgniter\Boot::bootWeb(Object(Config\Paths))
CRITICAL - 2024-10-09 01:40:50 --> [Caused by] CodeIgniter\Database\Exceptions\DatabaseException: Unknown column 'id_kelas' in 'where clause'
in SYSTEMPATH\Database\MySQLi\Connection.php on line 313.
 1 SYSTEMPATH\Database\BaseConnection.php(722): CodeIgniter\Database\MySQLi\Connection->execute('SELECT COUNT(*) AS `numrows`
FROM `tbl_siswa`
WHERE `id_kelas` = \'1\'')
 2 SYSTEMPATH\Database\BaseConnection.php(636): CodeIgniter\Database\BaseConnection->simpleQuery('SELECT COUNT(*) AS `numrows`
FROM `tbl_siswa`
WHERE `id_kelas` = \'1\'')
 3 SYSTEMPATH\Database\BaseBuilder.php(1713): CodeIgniter\Database\BaseConnection->query('SELECT COUNT(*) AS `numrows`
FROM `tbl_siswa`
WHERE `id_kelas` = :id_kelas:', [...], false)
 4 APPPATH\Views\kelas\v_detail_kelas.php(54): CodeIgniter\Database\BaseBuilder->countAllResults()
 5 SYSTEMPATH\View\View.php(234): include('C:\\xampp\\htdocs\\presensi\\app\\Views\\kelas\\v_detail_kelas.php')
 6 SYSTEMPATH\View\View.php(237): CodeIgniter\View\View->CodeIgniter\View\{closure}()
 7 SYSTEMPATH\Common.php(1171): CodeIgniter\View\View->render('kelas/v_detail_kelas', [], true)
 8 APPPATH\Views\v_template.php(193): view('kelas/v_detail_kelas')
 9 SYSTEMPATH\View\View.php(234): include('C:\\xampp\\htdocs\\presensi\\app\\Views\\v_template.php')
10 SYSTEMPATH\View\View.php(237): CodeIgniter\View\View->CodeIgniter\View\{closure}()
11 SYSTEMPATH\Common.php(1171): CodeIgniter\View\View->render('v_template', [], true)
12 APPPATH\Controllers\Kelas.php(41): view('v_template', [...])
13 SYSTEMPATH\CodeIgniter.php(933): App\Controllers\Kelas->Detail('3')
14 SYSTEMPATH\CodeIgniter.php(509): CodeIgniter\CodeIgniter->runController(Object(App\Controllers\Kelas))
15 SYSTEMPATH\CodeIgniter.php(355): CodeIgniter\CodeIgniter->handleRequest(null, Object(Config\Cache), false)
16 SYSTEMPATH\Boot.php(312): CodeIgniter\CodeIgniter->run()
17 SYSTEMPATH\Boot.php(67): CodeIgniter\Boot::runCodeIgniter(Object(CodeIgniter\CodeIgniter))
18 FCPATH\index.php(56): CodeIgniter\Boot::bootWeb(Object(Config\Paths))
CRITICAL - 2024-10-09 01:40:50 --> [Caused by] mysqli_sql_exception: Unknown column 'id_kelas' in 'where clause'
in SYSTEMPATH\Database\MySQLi\Connection.php on line 308.
 1 SYSTEMPATH\Database\MySQLi\Connection.php(308): mysqli->query('SELECT COUNT(*) AS `numrows`
FROM `tbl_siswa`
WHERE `id_kelas` = \'1\'', 0)
 2 SYSTEMPATH\Database\BaseConnection.php(722): CodeIgniter\Database\MySQLi\Connection->execute('SELECT COUNT(*) AS `numrows`
FROM `tbl_siswa`
WHERE `id_kelas` = \'1\'')
 3 SYSTEMPATH\Database\BaseConnection.php(636): CodeIgniter\Database\BaseConnection->simpleQuery('SELECT COUNT(*) AS `numrows`
FROM `tbl_siswa`
WHERE `id_kelas` = \'1\'')
 4 SYSTEMPATH\Database\BaseBuilder.php(1713): CodeIgniter\Database\BaseConnection->query('SELECT COUNT(*) AS `numrows`
FROM `tbl_siswa`
WHERE `id_kelas` = :id_kelas:', [...], false)
 5 APPPATH\Views\kelas\v_detail_kelas.php(54): CodeIgniter\Database\BaseBuilder->countAllResults()
 6 SYSTEMPATH\View\View.php(234): include('C:\\xampp\\htdocs\\presensi\\app\\Views\\kelas\\v_detail_kelas.php')
 7 SYSTEMPATH\View\View.php(237): CodeIgniter\View\View->CodeIgniter\View\{closure}()
 8 SYSTEMPATH\Common.php(1171): CodeIgniter\View\View->render('kelas/v_detail_kelas', [], true)
 9 APPPATH\Views\v_template.php(193): view('kelas/v_detail_kelas')
10 SYSTEMPATH\View\View.php(234): include('C:\\xampp\\htdocs\\presensi\\app\\Views\\v_template.php')
11 SYSTEMPATH\View\View.php(237): CodeIgniter\View\View->CodeIgniter\View\{closure}()
12 SYSTEMPATH\Common.php(1171): CodeIgniter\View\View->render('v_template', [], true)
13 APPPATH\Controllers\Kelas.php(41): view('v_template', [...])
14 SYSTEMPATH\CodeIgniter.php(933): App\Controllers\Kelas->Detail('3')
15 SYSTEMPATH\CodeIgniter.php(509): CodeIgniter\CodeIgniter->runController(Object(App\Controllers\Kelas))
16 SYSTEMPATH\CodeIgniter.php(355): CodeIgniter\CodeIgniter->handleRequest(null, Object(Config\Cache), false)
17 SYSTEMPATH\Boot.php(312): CodeIgniter\CodeIgniter->run()
18 SYSTEMPATH\Boot.php(67): CodeIgniter\Boot::runCodeIgniter(Object(CodeIgniter\CodeIgniter))
19 FCPATH\index.php(56): CodeIgniter\Boot::bootWeb(Object(Config\Paths))
INFO - 2024-10-09 01:42:25 --> Session: Class initialized using 'CodeIgniter\Session\Handlers\FileHandler' driver.
ERROR - 2024-10-09 01:42:25 --> mysqli_sql_exception: Unknown column 'id_kelas' in 'where clause' in C:\xampp\htdocs\presensi\system\Database\MySQLi\Connection.php:308
Stack trace:
#0 C:\xampp\htdocs\presensi\system\Database\MySQLi\Connection.php(308): mysqli->query('SELECT COUNT(*)...', 0)
#1 C:\xampp\htdocs\presensi\system\Database\BaseConnection.php(722): CodeIgniter\Database\MySQLi\Connection->execute('SELECT COUNT(*)...')
#2 C:\xampp\htdocs\presensi\system\Database\BaseConnection.php(636): CodeIgniter\Database\BaseConnection->simpleQuery('SELECT COUNT(*)...')
#3 C:\xampp\htdocs\presensi\system\Database\BaseBuilder.php(1713): CodeIgniter\Database\BaseConnection->query('SELECT COUNT(*)...', Array, false)
#4 C:\xampp\htdocs\presensi\app\Views\kelas\v_detail_kelas.php(54): CodeIgniter\Database\BaseBuilder->countAllResults()
#5 C:\xampp\htdocs\presensi\system\View\View.php(234): include('C:\\xampp\\htdocs...')
#6 C:\xampp\htdocs\presensi\system\View\View.php(237): CodeIgniter\View\View->CodeIgniter\View\{closure}()
#7 C:\xampp\htdocs\presensi\system\Common.php(1171): CodeIgniter\View\View->render('kelas/v_detail_...', Array, true)
#8 C:\xampp\htdocs\presensi\app\Views\v_template.php(193): view('kelas/v_detail_...')
#9 C:\xampp\htdocs\presensi\system\View\View.php(234): include('C:\\xampp\\htdocs...')
#10 C:\xampp\htdocs\presensi\system\View\View.php(237): CodeIgniter\View\View->CodeIgniter\View\{closure}()
#11 C:\xampp\htdocs\presensi\system\Common.php(1171): CodeIgniter\View\View->render('v_template', Array, true)
#12 C:\xampp\htdocs\presensi\app\Controllers\Kelas.php(41): view('v_template', Array)
#13 C:\xampp\htdocs\presensi\system\CodeIgniter.php(933): App\Controllers\Kelas->Detail('3')
#14 C:\xampp\htdocs\presensi\system\CodeIgniter.php(509): CodeIgniter\CodeIgniter->runController(Object(App\Controllers\Kelas))
#15 C:\xampp\htdocs\presensi\system\CodeIgniter.php(355): CodeIgniter\CodeIgniter->handleRequest(NULL, Object(Config\Cache), false)
#16 C:\xampp\htdocs\presensi\system\Boot.php(312): CodeIgniter\CodeIgniter->run()
#17 C:\xampp\htdocs\presensi\system\Boot.php(67): CodeIgniter\Boot::runCodeIgniter(Object(CodeIgniter\CodeIgniter))
#18 C:\xampp\htdocs\presensi\public\index.php(56): CodeIgniter\Boot::bootWeb(Object(Config\Paths))
#19 {main}
CRITICAL - 2024-10-09 01:42:25 --> CodeIgniter\Database\Exceptions\DatabaseException: Unknown column 'id_kelas' in 'where clause'
[Method: GET, Route: Kelas/Detail/3]
in SYSTEMPATH\Database\BaseConnection.php on line 676.
 1 SYSTEMPATH\Database\BaseBuilder.php(1713): CodeIgniter\Database\BaseConnection->query('SELECT COUNT(*) AS `numrows`
FROM `tbl_siswa`
WHERE `id_kelas` = :id_kelas:', [...], false)
 2 APPPATH\Views\kelas\v_detail_kelas.php(54): CodeIgniter\Database\BaseBuilder->countAllResults()
 3 SYSTEMPATH\View\View.php(234): include('C:\\xampp\\htdocs\\presensi\\app\\Views\\kelas\\v_detail_kelas.php')
 4 SYSTEMPATH\View\View.php(237): CodeIgniter\View\View->CodeIgniter\View\{closure}()
 5 SYSTEMPATH\Common.php(1171): CodeIgniter\View\View->render('kelas/v_detail_kelas', [], true)
 6 APPPATH\Views\v_template.php(193): view('kelas/v_detail_kelas')
 7 SYSTEMPATH\View\View.php(234): include('C:\\xampp\\htdocs\\presensi\\app\\Views\\v_template.php')
 8 SYSTEMPATH\View\View.php(237): CodeIgniter\View\View->CodeIgniter\View\{closure}()
 9 SYSTEMPATH\Common.php(1171): CodeIgniter\View\View->render('v_template', [], true)
10 APPPATH\Controllers\Kelas.php(41): view('v_template', [...])
11 SYSTEMPATH\CodeIgniter.php(933): App\Controllers\Kelas->Detail('3')
12 SYSTEMPATH\CodeIgniter.php(509): CodeIgniter\CodeIgniter->runController(Object(App\Controllers\Kelas))
13 SYSTEMPATH\CodeIgniter.php(355): CodeIgniter\CodeIgniter->handleRequest(null, Object(Config\Cache), false)
14 SYSTEMPATH\Boot.php(312): CodeIgniter\CodeIgniter->run()
15 SYSTEMPATH\Boot.php(67): CodeIgniter\Boot::runCodeIgniter(Object(CodeIgniter\CodeIgniter))
16 FCPATH\index.php(56): CodeIgniter\Boot::bootWeb(Object(Config\Paths))
CRITICAL - 2024-10-09 01:42:25 --> [Caused by] CodeIgniter\Database\Exceptions\DatabaseException: Unknown column 'id_kelas' in 'where clause'
in SYSTEMPATH\Database\MySQLi\Connection.php on line 313.
 1 SYSTEMPATH\Database\BaseConnection.php(722): CodeIgniter\Database\MySQLi\Connection->execute('SELECT COUNT(*) AS `numrows`
FROM `tbl_siswa`
WHERE `id_kelas` = \'1\'')
 2 SYSTEMPATH\Database\BaseConnection.php(636): CodeIgniter\Database\BaseConnection->simpleQuery('SELECT COUNT(*) AS `numrows`
FROM `tbl_siswa`
WHERE `id_kelas` = \'1\'')
 3 SYSTEMPATH\Database\BaseBuilder.php(1713): CodeIgniter\Database\BaseConnection->query('SELECT COUNT(*) AS `numrows`
FROM `tbl_siswa`
WHERE `id_kelas` = :id_kelas:', [...], false)
 4 APPPATH\Views\kelas\v_detail_kelas.php(54): CodeIgniter\Database\BaseBuilder->countAllResults()
 5 SYSTEMPATH\View\View.php(234): include('C:\\xampp\\htdocs\\presensi\\app\\Views\\kelas\\v_detail_kelas.php')
 6 SYSTEMPATH\View\View.php(237): CodeIgniter\View\View->CodeIgniter\View\{closure}()
 7 SYSTEMPATH\Common.php(1171): CodeIgniter\View\View->render('kelas/v_detail_kelas', [], true)
 8 APPPATH\Views\v_template.php(193): view('kelas/v_detail_kelas')
 9 SYSTEMPATH\View\View.php(234): include('C:\\xampp\\htdocs\\presensi\\app\\Views\\v_template.php')
10 SYSTEMPATH\View\View.php(237): CodeIgniter\View\View->CodeIgniter\View\{closure}()
11 SYSTEMPATH\Common.php(1171): CodeIgniter\View\View->render('v_template', [], true)
12 APPPATH\Controllers\Kelas.php(41): view('v_template', [...])
13 SYSTEMPATH\CodeIgniter.php(933): App\Controllers\Kelas->Detail('3')
14 SYSTEMPATH\CodeIgniter.php(509): CodeIgniter\CodeIgniter->runController(Object(App\Controllers\Kelas))
15 SYSTEMPATH\CodeIgniter.php(355): CodeIgniter\CodeIgniter->handleRequest(null, Object(Config\Cache), false)
16 SYSTEMPATH\Boot.php(312): CodeIgniter\CodeIgniter->run()
17 SYSTEMPATH\Boot.php(67): CodeIgniter\Boot::runCodeIgniter(Object(CodeIgniter\CodeIgniter))
18 FCPATH\index.php(56): CodeIgniter\Boot::bootWeb(Object(Config\Paths))
CRITICAL - 2024-10-09 01:42:25 --> [Caused by] mysqli_sql_exception: Unknown column 'id_kelas' in 'where clause'
in SYSTEMPATH\Database\MySQLi\Connection.php on line 308.
 1 SYSTEMPATH\Database\MySQLi\Connection.php(308): mysqli->query('SELECT COUNT(*) AS `numrows`
FROM `tbl_siswa`
WHERE `id_kelas` = \'1\'', 0)
 2 SYSTEMPATH\Database\BaseConnection.php(722): CodeIgniter\Database\MySQLi\Connection->execute('SELECT COUNT(*) AS `numrows`
FROM `tbl_siswa`
WHERE `id_kelas` = \'1\'')
 3 SYSTEMPATH\Database\BaseConnection.php(636): CodeIgniter\Database\BaseConnection->simpleQuery('SELECT COUNT(*) AS `numrows`
FROM `tbl_siswa`
WHERE `id_kelas` = \'1\'')
 4 SYSTEMPATH\Database\BaseBuilder.php(1713): CodeIgniter\Database\BaseConnection->query('SELECT COUNT(*) AS `numrows`
FROM `tbl_siswa`
WHERE `id_kelas` = :id_kelas:', [...], false)
 5 APPPATH\Views\kelas\v_detail_kelas.php(54): CodeIgniter\Database\BaseBuilder->countAllResults()
 6 SYSTEMPATH\View\View.php(234): include('C:\\xampp\\htdocs\\presensi\\app\\Views\\kelas\\v_detail_kelas.php')
 7 SYSTEMPATH\View\View.php(237): CodeIgniter\View\View->CodeIgniter\View\{closure}()
 8 SYSTEMPATH\Common.php(1171): CodeIgniter\View\View->render('kelas/v_detail_kelas', [], true)
 9 APPPATH\Views\v_template.php(193): view('kelas/v_detail_kelas')
10 SYSTEMPATH\View\View.php(234): include('C:\\xampp\\htdocs\\presensi\\app\\Views\\v_template.php')
11 SYSTEMPATH\View\View.php(237): CodeIgniter\View\View->CodeIgniter\View\{closure}()
12 SYSTEMPATH\Common.php(1171): CodeIgniter\View\View->render('v_template', [], true)
13 APPPATH\Controllers\Kelas.php(41): view('v_template', [...])
14 SYSTEMPATH\CodeIgniter.php(933): App\Controllers\Kelas->Detail('3')
15 SYSTEMPATH\CodeIgniter.php(509): CodeIgniter\CodeIgniter->runController(Object(App\Controllers\Kelas))
16 SYSTEMPATH\CodeIgniter.php(355): CodeIgniter\CodeIgniter->handleRequest(null, Object(Config\Cache), false)
17 SYSTEMPATH\Boot.php(312): CodeIgniter\CodeIgniter->run()
18 SYSTEMPATH\Boot.php(67): CodeIgniter\Boot::runCodeIgniter(Object(CodeIgniter\CodeIgniter))
19 FCPATH\index.php(56): CodeIgniter\Boot::bootWeb(Object(Config\Paths))
INFO - 2024-10-09 01:42:28 --> Session: Class initialized using 'CodeIgniter\Session\Handlers\FileHandler' driver.
INFO - 2024-10-09 01:42:31 --> Session: Class initialized using 'CodeIgniter\Session\Handlers\FileHandler' driver.
ERROR - 2024-10-09 01:42:31 --> mysqli_sql_exception: Unknown column 'id_kelas' in 'where clause' in C:\xampp\htdocs\presensi\system\Database\MySQLi\Connection.php:308
Stack trace:
#0 C:\xampp\htdocs\presensi\system\Database\MySQLi\Connection.php(308): mysqli->query('SELECT COUNT(*)...', 0)
#1 C:\xampp\htdocs\presensi\system\Database\BaseConnection.php(722): CodeIgniter\Database\MySQLi\Connection->execute('SELECT COUNT(*)...')
#2 C:\xampp\htdocs\presensi\system\Database\BaseConnection.php(636): CodeIgniter\Database\BaseConnection->simpleQuery('SELECT COUNT(*)...')
#3 C:\xampp\htdocs\presensi\system\Database\BaseBuilder.php(1713): CodeIgniter\Database\BaseConnection->query('SELECT COUNT(*)...', Array, false)
#4 C:\xampp\htdocs\presensi\app\Views\kelas\v_detail_kelas.php(54): CodeIgniter\Database\BaseBuilder->countAllResults()
#5 C:\xampp\htdocs\presensi\system\View\View.php(234): include('C:\\xampp\\htdocs...')
#6 C:\xampp\htdocs\presensi\system\View\View.php(237): CodeIgniter\View\View->CodeIgniter\View\{closure}()
#7 C:\xampp\htdocs\presensi\system\Common.php(1171): CodeIgniter\View\View->render('kelas/v_detail_...', Array, true)
#8 C:\xampp\htdocs\presensi\app\Views\v_template.php(193): view('kelas/v_detail_...')
#9 C:\xampp\htdocs\presensi\system\View\View.php(234): include('C:\\xampp\\htdocs...')
#10 C:\xampp\htdocs\presensi\system\View\View.php(237): CodeIgniter\View\View->CodeIgniter\View\{closure}()
#11 C:\xampp\htdocs\presensi\system\Common.php(1171): CodeIgniter\View\View->render('v_template', Array, true)
#12 C:\xampp\htdocs\presensi\app\Controllers\Kelas.php(41): view('v_template', Array)
#13 C:\xampp\htdocs\presensi\system\CodeIgniter.php(933): App\Controllers\Kelas->Detail('3')
#14 C:\xampp\htdocs\presensi\system\CodeIgniter.php(509): CodeIgniter\CodeIgniter->runController(Object(App\Controllers\Kelas))
#15 C:\xampp\htdocs\presensi\system\CodeIgniter.php(355): CodeIgniter\CodeIgniter->handleRequest(NULL, Object(Config\Cache), false)
#16 C:\xampp\htdocs\presensi\system\Boot.php(312): CodeIgniter\CodeIgniter->run()
#17 C:\xampp\htdocs\presensi\system\Boot.php(67): CodeIgniter\Boot::runCodeIgniter(Object(CodeIgniter\CodeIgniter))
#18 C:\xampp\htdocs\presensi\public\index.php(56): CodeIgniter\Boot::bootWeb(Object(Config\Paths))
#19 {main}
CRITICAL - 2024-10-09 01:42:31 --> CodeIgniter\Database\Exceptions\DatabaseException: Unknown column 'id_kelas' in 'where clause'
[Method: GET, Route: Kelas/Detail/3]
in SYSTEMPATH\Database\BaseConnection.php on line 676.
 1 SYSTEMPATH\Database\BaseBuilder.php(1713): CodeIgniter\Database\BaseConnection->query('SELECT COUNT(*) AS `numrows`
FROM `tbl_siswa`
WHERE `id_kelas` = :id_kelas:', [...], false)
 2 APPPATH\Views\kelas\v_detail_kelas.php(54): CodeIgniter\Database\BaseBuilder->countAllResults()
 3 SYSTEMPATH\View\View.php(234): include('C:\\xampp\\htdocs\\presensi\\app\\Views\\kelas\\v_detail_kelas.php')
 4 SYSTEMPATH\View\View.php(237): CodeIgniter\View\View->CodeIgniter\View\{closure}()
 5 SYSTEMPATH\Common.php(1171): CodeIgniter\View\View->render('kelas/v_detail_kelas', [], true)
 6 APPPATH\Views\v_template.php(193): view('kelas/v_detail_kelas')
 7 SYSTEMPATH\View\View.php(234): include('C:\\xampp\\htdocs\\presensi\\app\\Views\\v_template.php')
 8 SYSTEMPATH\View\View.php(237): CodeIgniter\View\View->CodeIgniter\View\{closure}()
 9 SYSTEMPATH\Common.php(1171): CodeIgniter\View\View->render('v_template', [], true)
10 APPPATH\Controllers\Kelas.php(41): view('v_template', [...])
11 SYSTEMPATH\CodeIgniter.php(933): App\Controllers\Kelas->Detail('3')
12 SYSTEMPATH\CodeIgniter.php(509): CodeIgniter\CodeIgniter->runController(Object(App\Controllers\Kelas))
13 SYSTEMPATH\CodeIgniter.php(355): CodeIgniter\CodeIgniter->handleRequest(null, Object(Config\Cache), false)
14 SYSTEMPATH\Boot.php(312): CodeIgniter\CodeIgniter->run()
15 SYSTEMPATH\Boot.php(67): CodeIgniter\Boot::runCodeIgniter(Object(CodeIgniter\CodeIgniter))
16 FCPATH\index.php(56): CodeIgniter\Boot::bootWeb(Object(Config\Paths))
CRITICAL - 2024-10-09 01:42:31 --> [Caused by] CodeIgniter\Database\Exceptions\DatabaseException: Unknown column 'id_kelas' in 'where clause'
in SYSTEMPATH\Database\MySQLi\Connection.php on line 313.
 1 SYSTEMPATH\Database\BaseConnection.php(722): CodeIgniter\Database\MySQLi\Connection->execute('SELECT COUNT(*) AS `numrows`
FROM `tbl_siswa`
WHERE `id_kelas` = \'1\'')
 2 SYSTEMPATH\Database\BaseConnection.php(636): CodeIgniter\Database\BaseConnection->simpleQuery('SELECT COUNT(*) AS `numrows`
FROM `tbl_siswa`
WHERE `id_kelas` = \'1\'')
 3 SYSTEMPATH\Database\BaseBuilder.php(1713): CodeIgniter\Database\BaseConnection->query('SELECT COUNT(*) AS `numrows`
FROM `tbl_siswa`
WHERE `id_kelas` = :id_kelas:', [...], false)
 4 APPPATH\Views\kelas\v_detail_kelas.php(54): CodeIgniter\Database\BaseBuilder->countAllResults()
 5 SYSTEMPATH\View\View.php(234): include('C:\\xampp\\htdocs\\presensi\\app\\Views\\kelas\\v_detail_kelas.php')
 6 SYSTEMPATH\View\View.php(237): CodeIgniter\View\View->CodeIgniter\View\{closure}()
 7 SYSTEMPATH\Common.php(1171): CodeIgniter\View\View->render('kelas/v_detail_kelas', [], true)
 8 APPPATH\Views\v_template.php(193): view('kelas/v_detail_kelas')
 9 SYSTEMPATH\View\View.php(234): include('C:\\xampp\\htdocs\\presensi\\app\\Views\\v_template.php')
10 SYSTEMPATH\View\View.php(237): CodeIgniter\View\View->CodeIgniter\View\{closure}()
11 SYSTEMPATH\Common.php(1171): CodeIgniter\View\View->render('v_template', [], true)
12 APPPATH\Controllers\Kelas.php(41): view('v_template', [...])
13 SYSTEMPATH\CodeIgniter.php(933): App\Controllers\Kelas->Detail('3')
14 SYSTEMPATH\CodeIgniter.php(509): CodeIgniter\CodeIgniter->runController(Object(App\Controllers\Kelas))
15 SYSTEMPATH\CodeIgniter.php(355): CodeIgniter\CodeIgniter->handleRequest(null, Object(Config\Cache), false)
16 SYSTEMPATH\Boot.php(312): CodeIgniter\CodeIgniter->run()
17 SYSTEMPATH\Boot.php(67): CodeIgniter\Boot::runCodeIgniter(Object(CodeIgniter\CodeIgniter))
18 FCPATH\index.php(56): CodeIgniter\Boot::bootWeb(Object(Config\Paths))
CRITICAL - 2024-10-09 01:42:31 --> [Caused by] mysqli_sql_exception: Unknown column 'id_kelas' in 'where clause'
in SYSTEMPATH\Database\MySQLi\Connection.php on line 308.
 1 SYSTEMPATH\Database\MySQLi\Connection.php(308): mysqli->query('SELECT COUNT(*) AS `numrows`
FROM `tbl_siswa`
WHERE `id_kelas` = \'1\'', 0)
 2 SYSTEMPATH\Database\BaseConnection.php(722): CodeIgniter\Database\MySQLi\Connection->execute('SELECT COUNT(*) AS `numrows`
FROM `tbl_siswa`
WHERE `id_kelas` = \'1\'')
 3 SYSTEMPATH\Database\BaseConnection.php(636): CodeIgniter\Database\BaseConnection->simpleQuery('SELECT COUNT(*) AS `numrows`
FROM `tbl_siswa`
WHERE `id_kelas` = \'1\'')
 4 SYSTEMPATH\Database\BaseBuilder.php(1713): CodeIgniter\Database\BaseConnection->query('SELECT COUNT(*) AS `numrows`
FROM `tbl_siswa`
WHERE `id_kelas` = :id_kelas:', [...], false)
 5 APPPATH\Views\kelas\v_detail_kelas.php(54): CodeIgniter\Database\BaseBuilder->countAllResults()
 6 SYSTEMPATH\View\View.php(234): include('C:\\xampp\\htdocs\\presensi\\app\\Views\\kelas\\v_detail_kelas.php')
 7 SYSTEMPATH\View\View.php(237): CodeIgniter\View\View->CodeIgniter\View\{closure}()
 8 SYSTEMPATH\Common.php(1171): CodeIgniter\View\View->render('kelas/v_detail_kelas', [], true)
 9 APPPATH\Views\v_template.php(193): view('kelas/v_detail_kelas')
10 SYSTEMPATH\View\View.php(234): include('C:\\xampp\\htdocs\\presensi\\app\\Views\\v_template.php')
11 SYSTEMPATH\View\View.php(237): CodeIgniter\View\View->CodeIgniter\View\{closure}()
12 SYSTEMPATH\Common.php(1171): CodeIgniter\View\View->render('v_template', [], true)
13 APPPATH\Controllers\Kelas.php(41): view('v_template', [...])
14 SYSTEMPATH\CodeIgniter.php(933): App\Controllers\Kelas->Detail('3')
15 SYSTEMPATH\CodeIgniter.php(509): CodeIgniter\CodeIgniter->runController(Object(App\Controllers\Kelas))
16 SYSTEMPATH\CodeIgniter.php(355): CodeIgniter\CodeIgniter->handleRequest(null, Object(Config\Cache), false)
17 SYSTEMPATH\Boot.php(312): CodeIgniter\CodeIgniter->run()
18 SYSTEMPATH\Boot.php(67): CodeIgniter\Boot::runCodeIgniter(Object(CodeIgniter\CodeIgniter))
19 FCPATH\index.php(56): CodeIgniter\Boot::bootWeb(Object(Config\Paths))
INFO - 2024-10-09 01:45:28 --> Session: Class initialized using 'CodeIgniter\Session\Handlers\FileHandler' driver.
CRITICAL - 2024-10-09 01:45:28 --> ErrorException: Undefined variable $jmlh
[Method: GET, Route: Kelas/Detail/3]
in APPPATH\Views\kelas\v_detail_kelas.php on line 60.
 1 APPPATH\Views\kelas\v_detail_kelas.php(60): CodeIgniter\Debug\Exceptions->errorHandler(2, 'Undefined variable $jmlh', 'C:\\xampp\\htdocs\\presensi\\app\\Views\\kelas\\v_detail_kelas.php', 60)
 2 SYSTEMPATH\View\View.php(234): include('C:\\xampp\\htdocs\\presensi\\app\\Views\\kelas\\v_detail_kelas.php')
 3 SYSTEMPATH\View\View.php(237): CodeIgniter\View\View->CodeIgniter\View\{closure}()
 4 SYSTEMPATH\Common.php(1171): CodeIgniter\View\View->render('kelas/v_detail_kelas', [], true)
 5 APPPATH\Views\v_template.php(193): view('kelas/v_detail_kelas')
 6 SYSTEMPATH\View\View.php(234): include('C:\\xampp\\htdocs\\presensi\\app\\Views\\v_template.php')
 7 SYSTEMPATH\View\View.php(237): CodeIgniter\View\View->CodeIgniter\View\{closure}()
 8 SYSTEMPATH\Common.php(1171): CodeIgniter\View\View->render('v_template', [], true)
 9 APPPATH\Controllers\Kelas.php(41): view('v_template', [...])
10 SYSTEMPATH\CodeIgniter.php(933): App\Controllers\Kelas->Detail('3')
11 SYSTEMPATH\CodeIgniter.php(509): CodeIgniter\CodeIgniter->runController(Object(App\Controllers\Kelas))
12 SYSTEMPATH\CodeIgniter.php(355): CodeIgniter\CodeIgniter->handleRequest(null, Object(Config\Cache), false)
13 SYSTEMPATH\Boot.php(312): CodeIgniter\CodeIgniter->run()
14 SYSTEMPATH\Boot.php(67): CodeIgniter\Boot::runCodeIgniter(Object(CodeIgniter\CodeIgniter))
15 FCPATH\index.php(56): CodeIgniter\Boot::bootWeb(Object(Config\Paths))
INFO - 2024-10-09 01:45:42 --> Session: Class initialized using 'CodeIgniter\Session\Handlers\FileHandler' driver.
INFO - 2024-10-09 01:46:05 --> Session: Class initialized using 'CodeIgniter\Session\Handlers\FileHandler' driver.
INFO - 2024-10-09 01:46:42 --> Session: Class initialized using 'CodeIgniter\Session\Handlers\FileHandler' driver.
ERROR - 2024-10-09 01:46:42 --> mysqli_sql_exception: Unknown column 'id_kelas' in 'where clause' in C:\xampp\htdocs\presensi\system\Database\MySQLi\Connection.php:308
Stack trace:
#0 C:\xampp\htdocs\presensi\system\Database\MySQLi\Connection.php(308): mysqli->query('SELECT COUNT(*)...', 0)
#1 C:\xampp\htdocs\presensi\system\Database\BaseConnection.php(722): CodeIgniter\Database\MySQLi\Connection->execute('SELECT COUNT(*)...')
#2 C:\xampp\htdocs\presensi\system\Database\BaseConnection.php(636): CodeIgniter\Database\BaseConnection->simpleQuery('SELECT COUNT(*)...')
#3 C:\xampp\htdocs\presensi\system\Database\BaseBuilder.php(1713): CodeIgniter\Database\BaseConnection->query('SELECT COUNT(*)...', Array, false)
#4 C:\xampp\htdocs\presensi\app\Views\kelas\v_detail_kelas.php(54): CodeIgniter\Database\BaseBuilder->countAllResults()
#5 C:\xampp\htdocs\presensi\system\View\View.php(234): include('C:\\xampp\\htdocs...')
#6 C:\xampp\htdocs\presensi\system\View\View.php(237): CodeIgniter\View\View->CodeIgniter\View\{closure}()
#7 C:\xampp\htdocs\presensi\system\Common.php(1171): CodeIgniter\View\View->render('kelas/v_detail_...', Array, true)
#8 C:\xampp\htdocs\presensi\app\Views\v_template.php(193): view('kelas/v_detail_...')
#9 C:\xampp\htdocs\presensi\system\View\View.php(234): include('C:\\xampp\\htdocs...')
#10 C:\xampp\htdocs\presensi\system\View\View.php(237): CodeIgniter\View\View->CodeIgniter\View\{closure}()
#11 C:\xampp\htdocs\presensi\system\Common.php(1171): CodeIgniter\View\View->render('v_template', Array, true)
#12 C:\xampp\htdocs\presensi\app\Controllers\Kelas.php(41): view('v_template', Array)
#13 C:\xampp\htdocs\presensi\system\CodeIgniter.php(933): App\Controllers\Kelas->Detail('3')
#14 C:\xampp\htdocs\presensi\system\CodeIgniter.php(509): CodeIgniter\CodeIgniter->runController(Object(App\Controllers\Kelas))
#15 C:\xampp\htdocs\presensi\system\CodeIgniter.php(355): CodeIgniter\CodeIgniter->handleRequest(NULL, Object(Config\Cache), false)
#16 C:\xampp\htdocs\presensi\system\Boot.php(312): CodeIgniter\CodeIgniter->run()
#17 C:\xampp\htdocs\presensi\system\Boot.php(67): CodeIgniter\Boot::runCodeIgniter(Object(CodeIgniter\CodeIgniter))
#18 C:\xampp\htdocs\presensi\public\index.php(56): CodeIgniter\Boot::bootWeb(Object(Config\Paths))
#19 {main}
CRITICAL - 2024-10-09 01:46:42 --> CodeIgniter\Database\Exceptions\DatabaseException: Unknown column 'id_kelas' in 'where clause'
[Method: GET, Route: Kelas/Detail/3]
in SYSTEMPATH\Database\BaseConnection.php on line 676.
 1 SYSTEMPATH\Database\BaseBuilder.php(1713): CodeIgniter\Database\BaseConnection->query('SELECT COUNT(*) AS `numrows`
FROM `tbl_siswa`
WHERE `id_kelas` = :id_kelas:', [...], false)
 2 APPPATH\Views\kelas\v_detail_kelas.php(54): CodeIgniter\Database\BaseBuilder->countAllResults()
 3 SYSTEMPATH\View\View.php(234): include('C:\\xampp\\htdocs\\presensi\\app\\Views\\kelas\\v_detail_kelas.php')
 4 SYSTEMPATH\View\View.php(237): CodeIgniter\View\View->CodeIgniter\View\{closure}()
 5 SYSTEMPATH\Common.php(1171): CodeIgniter\View\View->render('kelas/v_detail_kelas', [], true)
 6 APPPATH\Views\v_template.php(193): view('kelas/v_detail_kelas')
 7 SYSTEMPATH\View\View.php(234): include('C:\\xampp\\htdocs\\presensi\\app\\Views\\v_template.php')
 8 SYSTEMPATH\View\View.php(237): CodeIgniter\View\View->CodeIgniter\View\{closure}()
 9 SYSTEMPATH\Common.php(1171): CodeIgniter\View\View->render('v_template', [], true)
10 APPPATH\Controllers\Kelas.php(41): view('v_template', [...])
11 SYSTEMPATH\CodeIgniter.php(933): App\Controllers\Kelas->Detail('3')
12 SYSTEMPATH\CodeIgniter.php(509): CodeIgniter\CodeIgniter->runController(Object(App\Controllers\Kelas))
13 SYSTEMPATH\CodeIgniter.php(355): CodeIgniter\CodeIgniter->handleRequest(null, Object(Config\Cache), false)
14 SYSTEMPATH\Boot.php(312): CodeIgniter\CodeIgniter->run()
15 SYSTEMPATH\Boot.php(67): CodeIgniter\Boot::runCodeIgniter(Object(CodeIgniter\CodeIgniter))
16 FCPATH\index.php(56): CodeIgniter\Boot::bootWeb(Object(Config\Paths))
CRITICAL - 2024-10-09 01:46:42 --> [Caused by] CodeIgniter\Database\Exceptions\DatabaseException: Unknown column 'id_kelas' in 'where clause'
in SYSTEMPATH\Database\MySQLi\Connection.php on line 313.
 1 SYSTEMPATH\Database\BaseConnection.php(722): CodeIgniter\Database\MySQLi\Connection->execute('SELECT COUNT(*) AS `numrows`
FROM `tbl_siswa`
WHERE `id_kelas` = \'1\'')
 2 SYSTEMPATH\Database\BaseConnection.php(636): CodeIgniter\Database\BaseConnection->simpleQuery('SELECT COUNT(*) AS `numrows`
FROM `tbl_siswa`
WHERE `id_kelas` = \'1\'')
 3 SYSTEMPATH\Database\BaseBuilder.php(1713): CodeIgniter\Database\BaseConnection->query('SELECT COUNT(*) AS `numrows`
FROM `tbl_siswa`
WHERE `id_kelas` = :id_kelas:', [...], false)
 4 APPPATH\Views\kelas\v_detail_kelas.php(54): CodeIgniter\Database\BaseBuilder->countAllResults()
 5 SYSTEMPATH\View\View.php(234): include('C:\\xampp\\htdocs\\presensi\\app\\Views\\kelas\\v_detail_kelas.php')
 6 SYSTEMPATH\View\View.php(237): CodeIgniter\View\View->CodeIgniter\View\{closure}()
 7 SYSTEMPATH\Common.php(1171): CodeIgniter\View\View->render('kelas/v_detail_kelas', [], true)
 8 APPPATH\Views\v_template.php(193): view('kelas/v_detail_kelas')
 9 SYSTEMPATH\View\View.php(234): include('C:\\xampp\\htdocs\\presensi\\app\\Views\\v_template.php')
10 SYSTEMPATH\View\View.php(237): CodeIgniter\View\View->CodeIgniter\View\{closure}()
11 SYSTEMPATH\Common.php(1171): CodeIgniter\View\View->render('v_template', [], true)
12 APPPATH\Controllers\Kelas.php(41): view('v_template', [...])
13 SYSTEMPATH\CodeIgniter.php(933): App\Controllers\Kelas->Detail('3')
14 SYSTEMPATH\CodeIgniter.php(509): CodeIgniter\CodeIgniter->runController(Object(App\Controllers\Kelas))
15 SYSTEMPATH\CodeIgniter.php(355): CodeIgniter\CodeIgniter->handleRequest(null, Object(Config\Cache), false)
16 SYSTEMPATH\Boot.php(312): CodeIgniter\CodeIgniter->run()
17 SYSTEMPATH\Boot.php(67): CodeIgniter\Boot::runCodeIgniter(Object(CodeIgniter\CodeIgniter))
18 FCPATH\index.php(56): CodeIgniter\Boot::bootWeb(Object(Config\Paths))
CRITICAL - 2024-10-09 01:46:42 --> [Caused by] mysqli_sql_exception: Unknown column 'id_kelas' in 'where clause'
in SYSTEMPATH\Database\MySQLi\Connection.php on line 308.
 1 SYSTEMPATH\Database\MySQLi\Connection.php(308): mysqli->query('SELECT COUNT(*) AS `numrows`
FROM `tbl_siswa`
WHERE `id_kelas` = \'1\'', 0)
 2 SYSTEMPATH\Database\BaseConnection.php(722): CodeIgniter\Database\MySQLi\Connection->execute('SELECT COUNT(*) AS `numrows`
FROM `tbl_siswa`
WHERE `id_kelas` = \'1\'')
 3 SYSTEMPATH\Database\BaseConnection.php(636): CodeIgniter\Database\BaseConnection->simpleQuery('SELECT COUNT(*) AS `numrows`
FROM `tbl_siswa`
WHERE `id_kelas` = \'1\'')
 4 SYSTEMPATH\Database\BaseBuilder.php(1713): CodeIgniter\Database\BaseConnection->query('SELECT COUNT(*) AS `numrows`
FROM `tbl_siswa`
WHERE `id_kelas` = :id_kelas:', [...], false)
 5 APPPATH\Views\kelas\v_detail_kelas.php(54): CodeIgniter\Database\BaseBuilder->countAllResults()
 6 SYSTEMPATH\View\View.php(234): include('C:\\xampp\\htdocs\\presensi\\app\\Views\\kelas\\v_detail_kelas.php')
 7 SYSTEMPATH\View\View.php(237): CodeIgniter\View\View->CodeIgniter\View\{closure}()
 8 SYSTEMPATH\Common.php(1171): CodeIgniter\View\View->render('kelas/v_detail_kelas', [], true)
 9 APPPATH\Views\v_template.php(193): view('kelas/v_detail_kelas')
10 SYSTEMPATH\View\View.php(234): include('C:\\xampp\\htdocs\\presensi\\app\\Views\\v_template.php')
11 SYSTEMPATH\View\View.php(237): CodeIgniter\View\View->CodeIgniter\View\{closure}()
12 SYSTEMPATH\Common.php(1171): CodeIgniter\View\View->render('v_template', [], true)
13 APPPATH\Controllers\Kelas.php(41): view('v_template', [...])
14 SYSTEMPATH\CodeIgniter.php(933): App\Controllers\Kelas->Detail('3')
15 SYSTEMPATH\CodeIgniter.php(509): CodeIgniter\CodeIgniter->runController(Object(App\Controllers\Kelas))
16 SYSTEMPATH\CodeIgniter.php(355): CodeIgniter\CodeIgniter->handleRequest(null, Object(Config\Cache), false)
17 SYSTEMPATH\Boot.php(312): CodeIgniter\CodeIgniter->run()
18 SYSTEMPATH\Boot.php(67): CodeIgniter\Boot::runCodeIgniter(Object(CodeIgniter\CodeIgniter))
19 FCPATH\index.php(56): CodeIgniter\Boot::bootWeb(Object(Config\Paths))
INFO - 2024-10-09 01:46:44 --> Session: Class initialized using 'CodeIgniter\Session\Handlers\FileHandler' driver.
INFO - 2024-10-09 01:46:47 --> Session: Class initialized using 'CodeIgniter\Session\Handlers\FileHandler' driver.
INFO - 2024-10-09 01:48:54 --> Session: Class initialized using 'CodeIgniter\Session\Handlers\FileHandler' driver.
INFO - 2024-10-09 01:49:07 --> Session: Class initialized using 'CodeIgniter\Session\Handlers\FileHandler' driver.
INFO - 2024-10-09 01:49:09 --> Session: Class initialized using 'CodeIgniter\Session\Handlers\FileHandler' driver.
INFO - 2024-10-09 01:49:18 --> Session: Class initialized using 'CodeIgniter\Session\Handlers\FileHandler' driver.
INFO - 2024-10-09 02:31:42 --> Session: Class initialized using 'CodeIgniter\Session\Handlers\FileHandler' driver.
INFO - 2024-10-09 02:31:43 --> Session: Class initialized using 'CodeIgniter\Session\Handlers\FileHandler' driver.
INFO - 2024-10-09 02:31:50 --> Session: Class initialized using 'CodeIgniter\Session\Handlers\FileHandler' driver.
INFO - 2024-10-09 02:39:36 --> Session: Class initialized using 'CodeIgniter\Session\Handlers\FileHandler' driver.
INFO - 2024-10-09 02:39:52 --> Session: Class initialized using 'CodeIgniter\Session\Handlers\FileHandler' driver.
INFO - 2024-10-09 02:39:57 --> Session: Class initialized using 'CodeIgniter\Session\Handlers\FileHandler' driver.
INFO - 2024-10-09 02:40:04 --> Session: Class initialized using 'CodeIgniter\Session\Handlers\FileHandler' driver.
INFO - 2024-10-09 02:40:41 --> Session: Class initialized using 'CodeIgniter\Session\Handlers\FileHandler' driver.
INFO - 2024-10-09 02:40:48 --> Session: Class initialized using 'CodeIgniter\Session\Handlers\FileHandler' driver.
INFO - 2024-10-09 02:41:27 --> Session: Class initialized using 'CodeIgniter\Session\Handlers\FileHandler' driver.
INFO - 2024-10-09 02:41:49 --> Session: Class initialized using 'CodeIgniter\Session\Handlers\FileHandler' driver.
INFO - 2024-10-09 02:41:56 --> Session: Class initialized using 'CodeIgniter\Session\Handlers\FileHandler' driver.
INFO - 2024-10-09 02:41:58 --> Session: Class initialized using 'CodeIgniter\Session\Handlers\FileHandler' driver.
INFO - 2024-10-09 02:42:06 --> Session: Class initialized using 'CodeIgniter\Session\Handlers\FileHandler' driver.
INFO - 2024-10-09 02:42:16 --> Session: Class initialized using 'CodeIgniter\Session\Handlers\FileHandler' driver.
INFO - 2024-10-09 02:42:22 --> Session: Class initialized using 'CodeIgniter\Session\Handlers\FileHandler' driver.
INFO - 2024-10-09 02:42:23 --> Session: Class initialized using 'CodeIgniter\Session\Handlers\FileHandler' driver.
INFO - 2024-10-09 02:42:28 --> Session: Class initialized using 'CodeIgniter\Session\Handlers\FileHandler' driver.
INFO - 2024-10-09 02:42:49 --> Session: Class initialized using 'CodeIgniter\Session\Handlers\FileHandler' driver.
INFO - 2024-10-09 02:43:15 --> Session: Class initialized using 'CodeIgniter\Session\Handlers\FileHandler' driver.
INFO - 2024-10-09 02:46:22 --> Session: Class initialized using 'CodeIgniter\Session\Handlers\FileHandler' driver.
INFO - 2024-10-09 02:46:29 --> Session: Class initialized using 'CodeIgniter\Session\Handlers\FileHandler' driver.
INFO - 2024-10-09 02:46:30 --> Session: Class initialized using 'CodeIgniter\Session\Handlers\FileHandler' driver.
INFO - 2024-10-09 02:46:40 --> Session: Class initialized using 'CodeIgniter\Session\Handlers\FileHandler' driver.
INFO - 2024-10-09 02:46:40 --> Session: Class initialized using 'CodeIgniter\Session\Handlers\FileHandler' driver.
INFO - 2024-10-09 02:46:54 --> Session: Class initialized using 'CodeIgniter\Session\Handlers\FileHandler' driver.
INFO - 2024-10-09 02:46:54 --> Session: Class initialized using 'CodeIgniter\Session\Handlers\FileHandler' driver.
INFO - 2024-10-09 02:47:00 --> Session: Class initialized using 'CodeIgniter\Session\Handlers\FileHandler' driver.
INFO - 2024-10-09 02:47:00 --> Session: Class initialized using 'CodeIgniter\Session\Handlers\FileHandler' driver.
INFO - 2024-10-09 02:47:17 --> Session: Class initialized using 'CodeIgniter\Session\Handlers\FileHandler' driver.
INFO - 2024-10-09 02:48:31 --> Session: Class initialized using 'CodeIgniter\Session\Handlers\FileHandler' driver.
INFO - 2024-10-09 02:48:42 --> Session: Class initialized using 'CodeIgniter\Session\Handlers\FileHandler' driver.
INFO - 2024-10-09 02:48:42 --> Session: Class initialized using 'CodeIgniter\Session\Handlers\FileHandler' driver.
INFO - 2024-10-09 02:48:50 --> Session: Class initialized using 'CodeIgniter\Session\Handlers\FileHandler' driver.
INFO - 2024-10-09 02:48:50 --> Session: Class initialized using 'CodeIgniter\Session\Handlers\FileHandler' driver.
INFO - 2024-10-09 02:49:47 --> Session: Class initialized using 'CodeIgniter\Session\Handlers\FileHandler' driver.
CRITICAL - 2024-10-09 02:50:32 --> CodeIgniter\Database\Exceptions\DatabaseException: You must set the database table to be used with your query.
[Method: GET, Route: Kelas/RincianKelas/1]
in SYSTEMPATH\Database\BaseConnection.php on line 913.
 1 SYSTEMPATH\Model.php(705): CodeIgniter\Database\BaseConnection->table(null)
 2 SYSTEMPATH\Model.php(911): CodeIgniter\Model->builder()
 3 APPPATH\Controllers\Kelas.php(85): CodeIgniter\Model->__call('DetailKelas', [...])
 4 SYSTEMPATH\CodeIgniter.php(933): App\Controllers\Kelas->RincianKelas('1')
 5 SYSTEMPATH\CodeIgniter.php(509): CodeIgniter\CodeIgniter->runController(Object(App\Controllers\Kelas))
 6 SYSTEMPATH\CodeIgniter.php(355): CodeIgniter\CodeIgniter->handleRequest(null, Object(Config\Cache), false)
 7 SYSTEMPATH\Boot.php(312): CodeIgniter\CodeIgniter->run()
 8 SYSTEMPATH\Boot.php(67): CodeIgniter\Boot::runCodeIgniter(Object(CodeIgniter\CodeIgniter))
 9 FCPATH\index.php(56): CodeIgniter\Boot::bootWeb(Object(Config\Paths))
CRITICAL - 2024-10-09 02:50:42 --> CodeIgniter\Database\Exceptions\DatabaseException: You must set the database table to be used with your query.
[Method: GET, Route: Kelas/RincianKelas/1]
in SYSTEMPATH\Database\BaseConnection.php on line 913.
 1 SYSTEMPATH\Model.php(705): CodeIgniter\Database\BaseConnection->table(null)
 2 SYSTEMPATH\Model.php(911): CodeIgniter\Model->builder()
 3 APPPATH\Controllers\Kelas.php(85): CodeIgniter\Model->__call('DetailKelas', [...])
 4 SYSTEMPATH\CodeIgniter.php(933): App\Controllers\Kelas->RincianKelas('1')
 5 SYSTEMPATH\CodeIgniter.php(509): CodeIgniter\CodeIgniter->runController(Object(App\Controllers\Kelas))
 6 SYSTEMPATH\CodeIgniter.php(355): CodeIgniter\CodeIgniter->handleRequest(null, Object(Config\Cache), false)
 7 SYSTEMPATH\Boot.php(312): CodeIgniter\CodeIgniter->run()
 8 SYSTEMPATH\Boot.php(67): CodeIgniter\Boot::runCodeIgniter(Object(CodeIgniter\CodeIgniter))
 9 FCPATH\index.php(56): CodeIgniter\Boot::bootWeb(Object(Config\Paths))
CRITICAL - 2024-10-09 02:50:51 --> CodeIgniter\View\Exceptions\ViewException: Invalid file: "kelas/v_rincian_kelas.php"
[Method: GET, Route: Kelas/RincianKelas/1]
in SYSTEMPATH\Exceptions\FrameworkException.php on line 41.
 1 SYSTEMPATH\View\View.php(222): CodeIgniter\Exceptions\FrameworkException::forInvalidFile('kelas/v_rincian_kelas.php')
 2 SYSTEMPATH\Common.php(1171): CodeIgniter\View\View->render('kelas/v_rincian_kelas', [], true)
 3 APPPATH\Views\v_template.php(193): view('kelas/v_rincian_kelas')
 4 SYSTEMPATH\View\View.php(234): include('C:\\xampp\\htdocs\\presensi\\app\\Views\\v_template.php')
 5 SYSTEMPATH\View\View.php(237): CodeIgniter\View\View->CodeIgniter\View\{closure}()
 6 SYSTEMPATH\Common.php(1171): CodeIgniter\View\View->render('v_template', [], true)
 7 APPPATH\Controllers\Kelas.php(90): view('v_template', [...])
 8 SYSTEMPATH\CodeIgniter.php(933): App\Controllers\Kelas->RincianKelas('1')
 9 SYSTEMPATH\CodeIgniter.php(509): CodeIgniter\CodeIgniter->runController(Object(App\Controllers\Kelas))
10 SYSTEMPATH\CodeIgniter.php(355): CodeIgniter\CodeIgniter->handleRequest(null, Object(Config\Cache), false)
11 SYSTEMPATH\Boot.php(312): CodeIgniter\CodeIgniter->run()
12 SYSTEMPATH\Boot.php(67): CodeIgniter\Boot::runCodeIgniter(Object(CodeIgniter\CodeIgniter))
13 FCPATH\index.php(56): CodeIgniter\Boot::bootWeb(Object(Config\Paths))
CRITICAL - 2024-10-09 02:52:21 --> CodeIgniter\Database\Exceptions\DatabaseException: You must set the database table to be used with your query.
[Method: GET, Route: Kelas/RincianKelas/1]
in SYSTEMPATH\Database\BaseConnection.php on line 913.
 1 SYSTEMPATH\Model.php(705): CodeIgniter\Database\BaseConnection->table(null)
 2 SYSTEMPATH\Model.php(911): CodeIgniter\Model->builder()
 3 APPPATH\Controllers\Kelas.php(85): CodeIgniter\Model->__call('DetailKelas', [...])
 4 SYSTEMPATH\CodeIgniter.php(933): App\Controllers\Kelas->RincianKelas('1')
 5 SYSTEMPATH\CodeIgniter.php(509): CodeIgniter\CodeIgniter->runController(Object(App\Controllers\Kelas))
 6 SYSTEMPATH\CodeIgniter.php(355): CodeIgniter\CodeIgniter->handleRequest(null, Object(Config\Cache), false)
 7 SYSTEMPATH\Boot.php(312): CodeIgniter\CodeIgniter->run()
 8 SYSTEMPATH\Boot.php(67): CodeIgniter\Boot::runCodeIgniter(Object(CodeIgniter\CodeIgniter))
 9 FCPATH\index.php(56): CodeIgniter\Boot::bootWeb(Object(Config\Paths))
CRITICAL - 2024-10-09 02:53:26 --> ErrorException: Undefined array key "tahun_angkatan"
[Method: GET, Route: Kelas/RincianKelas/1]
in APPPATH\Views\kelas\v_rincian_kelas.php on line 27.
 1 APPPATH\Views\kelas\v_rincian_kelas.php(27): CodeIgniter\Debug\Exceptions->errorHandler(2, 'Undefined array key "tahun_angkatan"', 'C:\\xampp\\htdocs\\presensi\\app\\Views\\kelas\\v_rincian_kelas.php', 27)
 2 SYSTEMPATH\View\View.php(234): include('C:\\xampp\\htdocs\\presensi\\app\\Views\\kelas\\v_rincian_kelas.php')
 3 SYSTEMPATH\View\View.php(237): CodeIgniter\View\View->CodeIgniter\View\{closure}()
 4 SYSTEMPATH\Common.php(1171): CodeIgniter\View\View->render('kelas/v_rincian_kelas', [], true)
 5 APPPATH\Views\v_template.php(193): view('kelas/v_rincian_kelas')
 6 SYSTEMPATH\View\View.php(234): include('C:\\xampp\\htdocs\\presensi\\app\\Views\\v_template.php')
 7 SYSTEMPATH\View\View.php(237): CodeIgniter\View\View->CodeIgniter\View\{closure}()
 8 SYSTEMPATH\Common.php(1171): CodeIgniter\View\View->render('v_template', [], true)
 9 APPPATH\Controllers\Kelas.php(90): view('v_template', [...])
10 SYSTEMPATH\CodeIgniter.php(933): App\Controllers\Kelas->RincianKelas('1')
11 SYSTEMPATH\CodeIgniter.php(509): CodeIgniter\CodeIgniter->runController(Object(App\Controllers\Kelas))
12 SYSTEMPATH\CodeIgniter.php(355): CodeIgniter\CodeIgniter->handleRequest(null, Object(Config\Cache), false)
13 SYSTEMPATH\Boot.php(312): CodeIgniter\CodeIgniter->run()
14 SYSTEMPATH\Boot.php(67): CodeIgniter\Boot::runCodeIgniter(Object(CodeIgniter\CodeIgniter))
15 FCPATH\index.php(56): CodeIgniter\Boot::bootWeb(Object(Config\Paths))
INFO - 2024-10-09 02:53:49 --> Session: Class initialized using 'CodeIgniter\Session\Handlers\FileHandler' driver.
INFO - 2024-10-09 02:54:12 --> Session: Class initialized using 'CodeIgniter\Session\Handlers\FileHandler' driver.
INFO - 2024-10-09 02:54:41 --> Session: Class initialized using 'CodeIgniter\Session\Handlers\FileHandler' driver.
INFO - 2024-10-09 02:55:11 --> Session: Class initialized using 'CodeIgniter\Session\Handlers\FileHandler' driver.
INFO - 2024-10-09 02:55:55 --> Session: Class initialized using 'CodeIgniter\Session\Handlers\FileHandler' driver.
INFO - 2024-10-09 02:57:19 --> Session: Class initialized using 'CodeIgniter\Session\Handlers\FileHandler' driver.
INFO - 2024-10-09 02:58:02 --> Session: Class initialized using 'CodeIgniter\Session\Handlers\FileHandler' driver.
INFO - 2024-10-09 03:09:31 --> Session: Class initialized using 'CodeIgniter\Session\Handlers\FileHandler' driver.
INFO - 2024-10-09 03:09:42 --> Session: Class initialized using 'CodeIgniter\Session\Handlers\FileHandler' driver.
INFO - 2024-10-09 03:10:13 --> Session: Class initialized using 'CodeIgniter\Session\Handlers\FileHandler' driver.
INFO - 2024-10-09 03:10:45 --> Session: Class initialized using 'CodeIgniter\Session\Handlers\FileHandler' driver.
INFO - 2024-10-09 03:12:05 --> Session: Class initialized using 'CodeIgniter\Session\Handlers\FileHandler' driver.
INFO - 2024-10-09 03:13:06 --> Session: Class initialized using 'CodeIgniter\Session\Handlers\FileHandler' driver.
INFO - 2024-10-09 03:14:06 --> Session: Class initialized using 'CodeIgniter\Session\Handlers\FileHandler' driver.
INFO - 2024-10-09 03:14:09 --> Session: Class initialized using 'CodeIgniter\Session\Handlers\FileHandler' driver.
INFO - 2024-10-09 03:14:09 --> Session: Class initialized using 'CodeIgniter\Session\Handlers\FileHandler' driver.
INFO - 2024-10-09 03:14:16 --> Session: Class initialized using 'CodeIgniter\Session\Handlers\FileHandler' driver.
INFO - 2024-10-09 03:14:19 --> Session: Class initialized using 'CodeIgniter\Session\Handlers\FileHandler' driver.
INFO - 2024-10-09 03:14:21 --> Session: Class initialized using 'CodeIgniter\Session\Handlers\FileHandler' driver.
INFO - 2024-10-09 03:14:24 --> Session: Class initialized using 'CodeIgniter\Session\Handlers\FileHandler' driver.
INFO - 2024-10-09 03:15:02 --> Session: Class initialized using 'CodeIgniter\Session\Handlers\FileHandler' driver.
INFO - 2024-10-09 03:15:34 --> Session: Class initialized using 'CodeIgniter\Session\Handlers\FileHandler' driver.
INFO - 2024-10-09 03:15:57 --> Session: Class initialized using 'CodeIgniter\Session\Handlers\FileHandler' driver.
INFO - 2024-10-09 03:16:01 --> Session: Class initialized using 'CodeIgniter\Session\Handlers\FileHandler' driver.
INFO - 2024-10-09 03:16:11 --> Session: Class initialized using 'CodeIgniter\Session\Handlers\FileHandler' driver.
INFO - 2024-10-09 03:16:14 --> Session: Class initialized using 'CodeIgniter\Session\Handlers\FileHandler' driver.
INFO - 2024-10-09 03:16:17 --> Session: Class initialized using 'CodeIgniter\Session\Handlers\FileHandler' driver.
INFO - 2024-10-09 03:16:20 --> Session: Class initialized using 'CodeIgniter\Session\Handlers\FileHandler' driver.
INFO - 2024-10-09 03:18:30 --> Session: Class initialized using 'CodeIgniter\Session\Handlers\FileHandler' driver.
INFO - 2024-10-09 03:20:00 --> Session: Class initialized using 'CodeIgniter\Session\Handlers\FileHandler' driver.
INFO - 2024-10-09 03:20:03 --> Session: Class initialized using 'CodeIgniter\Session\Handlers\FileHandler' driver.
INFO - 2024-10-09 03:21:36 --> Session: Class initialized using 'CodeIgniter\Session\Handlers\FileHandler' driver.
INFO - 2024-10-09 03:21:58 --> Session: Class initialized using 'CodeIgniter\Session\Handlers\FileHandler' driver.
INFO - 2024-10-09 03:21:58 --> Session: Class initialized using 'CodeIgniter\Session\Handlers\FileHandler' driver.
INFO - 2024-10-09 03:22:43 --> Session: Class initialized using 'CodeIgniter\Session\Handlers\FileHandler' driver.
INFO - 2024-10-09 03:22:46 --> Session: Class initialized using 'CodeIgniter\Session\Handlers\FileHandler' driver.
INFO - 2024-10-09 03:22:53 --> Session: Class initialized using 'CodeIgniter\Session\Handlers\FileHandler' driver.
INFO - 2024-10-09 03:22:53 --> Session: Class initialized using 'CodeIgniter\Session\Handlers\FileHandler' driver.
INFO - 2024-10-09 03:22:56 --> Session: Class initialized using 'CodeIgniter\Session\Handlers\FileHandler' driver.
INFO - 2024-10-09 03:23:02 --> Session: Class initialized using 'CodeIgniter\Session\Handlers\FileHandler' driver.
INFO - 2024-10-09 03:23:03 --> Session: Class initialized using 'CodeIgniter\Session\Handlers\FileHandler' driver.
INFO - 2024-10-09 03:23:07 --> Session: Class initialized using 'CodeIgniter\Session\Handlers\FileHandler' driver.
INFO - 2024-10-09 03:23:08 --> Session: Class initialized using 'CodeIgniter\Session\Handlers\FileHandler' driver.
INFO - 2024-10-09 03:23:31 --> Session: Class initialized using 'CodeIgniter\Session\Handlers\FileHandler' driver.
INFO - 2024-10-09 03:23:33 --> Session: Class initialized using 'CodeIgniter\Session\Handlers\FileHandler' driver.
INFO - 2024-10-09 03:23:36 --> Session: Class initialized using 'CodeIgniter\Session\Handlers\FileHandler' driver.
INFO - 2024-10-09 03:23:39 --> Session: Class initialized using 'CodeIgniter\Session\Handlers\FileHandler' driver.
INFO - 2024-10-09 03:23:40 --> Session: Class initialized using 'CodeIgniter\Session\Handlers\FileHandler' driver.
INFO - 2024-10-09 03:23:43 --> Session: Class initialized using 'CodeIgniter\Session\Handlers\FileHandler' driver.
INFO - 2024-10-09 03:23:49 --> Session: Class initialized using 'CodeIgniter\Session\Handlers\FileHandler' driver.
INFO - 2024-10-09 03:23:53 --> Session: Class initialized using 'CodeIgniter\Session\Handlers\FileHandler' driver.
INFO - 2024-10-09 03:23:53 --> Session: Class initialized using 'CodeIgniter\Session\Handlers\FileHandler' driver.
INFO - 2024-10-09 03:26:49 --> Session: Class initialized using 'CodeIgniter\Session\Handlers\FileHandler' driver.
INFO - 2024-10-09 03:26:59 --> Session: Class initialized using 'CodeIgniter\Session\Handlers\FileHandler' driver.
INFO - 2024-10-09 03:27:06 --> Session: Class initialized using 'CodeIgniter\Session\Handlers\FileHandler' driver.
INFO - 2024-10-09 03:27:23 --> Session: Class initialized using 'CodeIgniter\Session\Handlers\FileHandler' driver.
INFO - 2024-10-09 03:27:23 --> Session: Class initialized using 'CodeIgniter\Session\Handlers\FileHandler' driver.
INFO - 2024-10-09 03:27:31 --> Session: Class initialized using 'CodeIgniter\Session\Handlers\FileHandler' driver.
INFO - 2024-10-09 03:27:36 --> Session: Class initialized using 'CodeIgniter\Session\Handlers\FileHandler' driver.
INFO - 2024-10-09 03:27:38 --> Session: Class initialized using 'CodeIgniter\Session\Handlers\FileHandler' driver.
INFO - 2024-10-09 03:27:42 --> Session: Class initialized using 'CodeIgniter\Session\Handlers\FileHandler' driver.
INFO - 2024-10-09 03:27:42 --> Session: Class initialized using 'CodeIgniter\Session\Handlers\FileHandler' driver.
INFO - 2024-10-09 03:29:07 --> Session: Class initialized using 'CodeIgniter\Session\Handlers\FileHandler' driver.
INFO - 2024-10-09 03:29:09 --> Session: Class initialized using 'CodeIgniter\Session\Handlers\FileHandler' driver.
INFO - 2024-10-09 03:29:10 --> Session: Class initialized using 'CodeIgniter\Session\Handlers\FileHandler' driver.
INFO - 2024-10-09 03:29:34 --> Session: Class initialized using 'CodeIgniter\Session\Handlers\FileHandler' driver.
INFO - 2024-10-09 03:29:34 --> Session: Class initialized using 'CodeIgniter\Session\Handlers\FileHandler' driver.
INFO - 2024-10-09 03:29:42 --> Session: Class initialized using 'CodeIgniter\Session\Handlers\FileHandler' driver.
INFO - 2024-10-09 03:29:44 --> Session: Class initialized using 'CodeIgniter\Session\Handlers\FileHandler' driver.
INFO - 2024-10-09 03:29:47 --> Session: Class initialized using 'CodeIgniter\Session\Handlers\FileHandler' driver.
INFO - 2024-10-09 03:29:52 --> Session: Class initialized using 'CodeIgniter\Session\Handlers\FileHandler' driver.
INFO - 2024-10-09 03:29:54 --> Session: Class initialized using 'CodeIgniter\Session\Handlers\FileHandler' driver.
INFO - 2024-10-09 03:29:58 --> Session: Class initialized using 'CodeIgniter\Session\Handlers\FileHandler' driver.
INFO - 2024-10-09 03:31:28 --> Session: Class initialized using 'CodeIgniter\Session\Handlers\FileHandler' driver.
INFO - 2024-10-09 03:31:30 --> Session: Class initialized using 'CodeIgniter\Session\Handlers\FileHandler' driver.
INFO - 2024-10-09 03:31:32 --> Session: Class initialized using 'CodeIgniter\Session\Handlers\FileHandler' driver.
INFO - 2024-10-09 03:32:00 --> Session: Class initialized using 'CodeIgniter\Session\Handlers\FileHandler' driver.
INFO - 2024-10-09 03:32:04 --> Session: Class initialized using 'CodeIgniter\Session\Handlers\FileHandler' driver.
INFO - 2024-10-09 03:32:07 --> Session: Class initialized using 'CodeIgniter\Session\Handlers\FileHandler' driver.
INFO - 2024-10-09 03:32:10 --> Session: Class initialized using 'CodeIgniter\Session\Handlers\FileHandler' driver.
INFO - 2024-10-09 03:32:15 --> Session: Class initialized using 'CodeIgniter\Session\Handlers\FileHandler' driver.
INFO - 2024-10-09 03:39:42 --> Session: Class initialized using 'CodeIgniter\Session\Handlers\FileHandler' driver.
INFO - 2024-10-09 03:39:44 --> Session: Class initialized using 'CodeIgniter\Session\Handlers\FileHandler' driver.
INFO - 2024-10-09 03:39:46 --> Session: Class initialized using 'CodeIgniter\Session\Handlers\FileHandler' driver.
INFO - 2024-10-09 03:39:49 --> Session: Class initialized using 'CodeIgniter\Session\Handlers\FileHandler' driver.
INFO - 2024-10-09 03:39:51 --> Session: Class initialized using 'CodeIgniter\Session\Handlers\FileHandler' driver.
INFO - 2024-10-09 03:39:52 --> Session: Class initialized using 'CodeIgniter\Session\Handlers\FileHandler' driver.
INFO - 2024-10-09 03:39:54 --> Session: Class initialized using 'CodeIgniter\Session\Handlers\FileHandler' driver.
INFO - 2024-10-09 03:39:57 --> Session: Class initialized using 'CodeIgniter\Session\Handlers\FileHandler' driver.
INFO - 2024-10-09 03:39:59 --> Session: Class initialized using 'CodeIgniter\Session\Handlers\FileHandler' driver.
INFO - 2024-10-09 04:19:22 --> Session: Class initialized using 'CodeIgniter\Session\Handlers\FileHandler' driver.
INFO - 2024-10-09 04:19:25 --> Session: Class initialized using 'CodeIgniter\Session\Handlers\FileHandler' driver.
INFO - 2024-10-09 04:19:28 --> Session: Class initialized using 'CodeIgniter\Session\Handlers\FileHandler' driver.
INFO - 2024-10-09 04:19:30 --> Session: Class initialized using 'CodeIgniter\Session\Handlers\FileHandler' driver.
INFO - 2024-10-09 04:19:32 --> Session: Class initialized using 'CodeIgniter\Session\Handlers\FileHandler' driver.
INFO - 2024-10-09 04:19:37 --> Session: Class initialized using 'CodeIgniter\Session\Handlers\FileHandler' driver.
INFO - 2024-10-09 08:46:52 --> Session: Class initialized using 'CodeIgniter\Session\Handlers\FileHandler' driver.
INFO - 2024-10-09 08:46:57 --> Session: Class initialized using 'CodeIgniter\Session\Handlers\FileHandler' driver.
INFO - 2024-10-09 08:47:00 --> Session: Class initialized using 'CodeIgniter\Session\Handlers\FileHandler' driver.
INFO - 2024-10-09 08:47:03 --> Session: Class initialized using 'CodeIgniter\Session\Handlers\FileHandler' driver.
INFO - 2024-10-09 09:01:48 --> Session: Class initialized using 'CodeIgniter\Session\Handlers\FileHandler' driver.
INFO - 2024-10-09 09:01:50 --> Session: Class initialized using 'CodeIgniter\Session\Handlers\FileHandler' driver.
INFO - 2024-10-09 09:02:06 --> Session: Class initialized using 'CodeIgniter\Session\Handlers\FileHandler' driver.
INFO - 2024-10-09 09:21:23 --> Session: Class initialized using 'CodeIgniter\Session\Handlers\FileHandler' driver.
INFO - 2024-10-09 10:40:17 --> Session: Class initialized using 'CodeIgniter\Session\Handlers\FileHandler' driver.
